2020-01-27 07:59:14,354 322800421 [Thread-49] INFO  o.s.s.c.ThreadPoolTaskExecutor-:208 - Shutting down ExecutorService 'applicationTaskExecutor'
2020-01-27 07:59:49,712 20731 [main] INFO  c.p.m.n.MerchantNotificationServiceApplication-:50 - Starting MerchantNotificationServiceApplication on PagaAdmins-BabsEngineering.local with PID 30911 (/Users/bowolabi/IdeaProjects/merchant-notification-service/out/production/classes started by bowolabi in /Users/bowolabi/IdeaProjects/merchant-notification-service)
2020-01-27 07:59:49,714 20733 [main] DEBUG c.p.m.n.MerchantNotificationServiceApplication-:53 - Running with Spring Boot v2.1.11.RELEASE, Spring v5.1.12.RELEASE
2020-01-27 07:59:49,715 20734 [main] INFO  c.p.m.n.MerchantNotificationServiceApplication-:648 - No active profile set, falling back to default profiles: default
2020-01-27 07:59:50,829 21848 [main] INFO  o.s.c.s.PostProcessorRegistrationDelegate$BeanPostProcessorChecker-:330 - Bean 'org.springframework.hateoas.config.HateoasConfiguration' of type [org.springframework.hateoas.config.HateoasConfiguration$$EnhancerBySpringCGLIB$$cf3f8155] is not eligible for getting processed by all BeanPostProcessors (for example: not eligible for auto-proxying)
2020-01-27 07:59:51,131 22150 [main] INFO  o.s.b.w.e.tomcat.TomcatWebServer-:90 - Tomcat initialized with port(s): 9993 (http)
2020-01-27 07:59:51,148 22167 [main] INFO  o.a.coyote.http11.Http11NioProtocol-:173 - Initializing ProtocolHandler ["http-nio-9993"]
2020-01-27 07:59:51,163 22182 [main] INFO  o.a.catalina.core.StandardService-:173 - Starting service [Tomcat]
2020-01-27 07:59:51,163 22182 [main] INFO  o.a.catalina.core.StandardEngine-:173 - Starting Servlet engine: [Apache Tomcat/9.0.29]
2020-01-27 07:59:51,258 22277 [main] INFO  o.a.c.c.C.[Tomcat].[localhost].[/]-:173 - Initializing Spring embedded WebApplicationContext
2020-01-27 07:59:51,258 22277 [main] INFO  o.s.web.context.ContextLoader-:284 - Root WebApplicationContext: initialization completed in 1501 ms
2020-01-27 07:59:52,613 23632 [main] INFO  o.s.s.w.DefaultSecurityFilterChain-:43 - Creating filter chain: any request, [org.springframework.security.web.context.request.async.WebAsyncManagerIntegrationFilter@769bd849, org.springframework.security.web.context.SecurityContextPersistenceFilter@50eb4a2c, org.springframework.security.web.header.HeaderWriterFilter@3f6bf8aa, org.springframework.security.web.authentication.logout.LogoutFilter@6af90849, org.springframework.security.web.authentication.www.BasicAuthenticationFilter@294f9d50, org.springframework.security.web.savedrequest.RequestCacheAwareFilter@3069a360, org.springframework.security.web.servletapi.SecurityContextHolderAwareRequestFilter@4eaa375c, org.springframework.security.web.authentication.AnonymousAuthenticationFilter@101ca8da, org.springframework.security.web.session.SessionManagementFilter@d48e998, org.springframework.security.web.access.ExceptionTranslationFilter@12a470dd, org.springframework.security.web.access.intercept.FilterSecurityInterceptor@3c0e00a8]
2020-01-27 07:59:52,646 23665 [main] INFO  s.d.s.w.PropertySourcedRequestMappingHandlerMapping-:69 - Mapped URL path [/v2/api-docs] onto method [public org.springframework.http.ResponseEntity<springfox.documentation.spring.web.json.Json> springfox.documentation.swagger2.web.Swagger2Controller.getDocumentation(java.lang.String,javax.servlet.http.HttpServletRequest)]
2020-01-27 07:59:52,822 23841 [main] INFO  o.s.s.c.ThreadPoolTaskExecutor-:171 - Initializing ExecutorService 'applicationTaskExecutor'
2020-01-27 07:59:52,986 24005 [main] WARN  o.s.b.a.t.ThymeleafAutoConfiguration$DefaultTemplateResolverConfiguration-:107 - Cannot find template location: classpath:/templates/ (please add some templates or check your Thymeleaf configuration)
2020-01-27 07:59:53,196 24215 [main] INFO  s.d.s.w.p.DocumentationPluginsBootstrapper-:160 - Context refreshed
2020-01-27 07:59:53,217 24236 [main] INFO  s.d.s.w.p.DocumentationPluginsBootstrapper-:163 - Found 1 custom documentation plugin(s)
2020-01-27 07:59:53,247 24266 [main] INFO  s.d.s.w.s.ApiListingReferenceScanner-:41 - Scanning for api listing references
2020-01-27 07:59:53,378 24397 [main] INFO  o.a.coyote.http11.Http11NioProtocol-:173 - Starting ProtocolHandler ["http-nio-9993"]
2020-01-27 07:59:53,410 24429 [main] INFO  o.s.b.w.e.tomcat.TomcatWebServer-:202 - Tomcat started on port(s): 9993 (http) with context path ''
2020-01-27 07:59:53,414 24433 [main] INFO  c.p.m.n.MerchantNotificationServiceApplication-:59 - Started MerchantNotificationServiceApplication in 24.128 seconds (JVM running for 29.807)
2020-01-27 08:01:36,708 127727 [http-nio-9993-exec-1] INFO  o.a.c.c.C.[Tomcat].[localhost].[/]-:173 - Initializing Spring DispatcherServlet 'dispatcherServlet'
2020-01-27 08:01:36,709 127728 [http-nio-9993-exec-1] INFO  o.s.web.servlet.DispatcherServlet-:525 - Initializing Servlet 'dispatcherServlet'
2020-01-27 08:01:36,737 127756 [http-nio-9993-exec-1] INFO  o.s.web.servlet.DispatcherServlet-:547 - Completed initialization in 26 ms
2020-01-27 08:02:54,645 205664 [http-nio-9993-exec-2] INFO  c.p.m.n.s.MerchantPaymentNotificationServiceImpl-:28 - about to get merchant supported services ServerPaymentRequest(isTest=true) 
2020-01-27 08:04:02,652 273671 [http-nio-9993-exec-7] INFO  c.p.m.n.s.MerchantPaymentNotificationServiceImpl-:45 - about to validate customer CustomerValidationRequest(customerAccountNumber=1100110011, customerFirstName=string, customerLastName=string) 
2020-01-27 08:11:32,981 724000 [Thread-51] INFO  o.s.s.c.ThreadPoolTaskExecutor-:208 - Shutting down ExecutorService 'applicationTaskExecutor'
2020-01-27 08:12:06,332 20676 [main] INFO  c.p.m.n.MerchantNotificationServiceApplication-:50 - Starting MerchantNotificationServiceApplication on PagaAdmins-BabsEngineering.local with PID 33182 (/Users/bowolabi/IdeaProjects/merchant-notification-service/out/production/classes started by bowolabi in /Users/bowolabi/IdeaProjects/merchant-notification-service)
2020-01-27 08:12:06,334 20678 [main] DEBUG c.p.m.n.MerchantNotificationServiceApplication-:53 - Running with Spring Boot v2.1.11.RELEASE, Spring v5.1.12.RELEASE
2020-01-27 08:12:06,335 20679 [main] INFO  c.p.m.n.MerchantNotificationServiceApplication-:648 - No active profile set, falling back to default profiles: default
2020-01-27 08:12:07,442 21786 [main] INFO  o.s.c.s.PostProcessorRegistrationDelegate$BeanPostProcessorChecker-:330 - Bean 'org.springframework.hateoas.config.HateoasConfiguration' of type [org.springframework.hateoas.config.HateoasConfiguration$$EnhancerBySpringCGLIB$$60d9b8ac] is not eligible for getting processed by all BeanPostProcessors (for example: not eligible for auto-proxying)
2020-01-27 08:12:07,711 22055 [main] INFO  o.s.b.w.e.tomcat.TomcatWebServer-:90 - Tomcat initialized with port(s): 9993 (http)
2020-01-27 08:12:07,723 22067 [main] INFO  o.a.coyote.http11.Http11NioProtocol-:173 - Initializing ProtocolHandler ["http-nio-9993"]
2020-01-27 08:12:07,732 22076 [main] INFO  o.a.catalina.core.StandardService-:173 - Starting service [Tomcat]
2020-01-27 08:12:07,732 22076 [main] INFO  o.a.catalina.core.StandardEngine-:173 - Starting Servlet engine: [Apache Tomcat/9.0.29]
2020-01-27 08:12:07,817 22161 [main] INFO  o.a.c.c.C.[Tomcat].[localhost].[/]-:173 - Initializing Spring embedded WebApplicationContext
2020-01-27 08:12:07,817 22161 [main] INFO  o.s.web.context.ContextLoader-:284 - Root WebApplicationContext: initialization completed in 1419 ms
2020-01-27 08:12:09,146 23490 [main] INFO  o.s.s.w.DefaultSecurityFilterChain-:43 - Creating filter chain: any request, [org.springframework.security.web.context.request.async.WebAsyncManagerIntegrationFilter@5be052ca, org.springframework.security.web.context.SecurityContextPersistenceFilter@2b6a0ea9, org.springframework.security.web.header.HeaderWriterFilter@6274670b, org.springframework.security.web.authentication.logout.LogoutFilter@53c99b09, org.springframework.security.web.authentication.www.BasicAuthenticationFilter@46e190ed, org.springframework.security.web.savedrequest.RequestCacheAwareFilter@4887de2b, org.springframework.security.web.servletapi.SecurityContextHolderAwareRequestFilter@3ddb774f, org.springframework.security.web.authentication.AnonymousAuthenticationFilter@2007435e, org.springframework.security.web.session.SessionManagementFilter@6cd15072, org.springframework.security.web.access.ExceptionTranslationFilter@60a7e509, org.springframework.security.web.access.intercept.FilterSecurityInterceptor@f8a6243]
2020-01-27 08:12:09,176 23520 [main] INFO  s.d.s.w.PropertySourcedRequestMappingHandlerMapping-:69 - Mapped URL path [/v2/api-docs] onto method [public org.springframework.http.ResponseEntity<springfox.documentation.spring.web.json.Json> springfox.documentation.swagger2.web.Swagger2Controller.getDocumentation(java.lang.String,javax.servlet.http.HttpServletRequest)]
2020-01-27 08:12:09,354 23698 [main] INFO  o.s.s.c.ThreadPoolTaskExecutor-:171 - Initializing ExecutorService 'applicationTaskExecutor'
2020-01-27 08:12:09,524 23868 [main] WARN  o.s.b.a.t.ThymeleafAutoConfiguration$DefaultTemplateResolverConfiguration-:107 - Cannot find template location: classpath:/templates/ (please add some templates or check your Thymeleaf configuration)
2020-01-27 08:12:09,754 24098 [main] INFO  s.d.s.w.p.DocumentationPluginsBootstrapper-:160 - Context refreshed
2020-01-27 08:12:09,774 24118 [main] INFO  s.d.s.w.p.DocumentationPluginsBootstrapper-:163 - Found 1 custom documentation plugin(s)
2020-01-27 08:12:09,801 24145 [main] INFO  s.d.s.w.s.ApiListingReferenceScanner-:41 - Scanning for api listing references
2020-01-27 08:12:09,945 24289 [main] INFO  o.a.coyote.http11.Http11NioProtocol-:173 - Starting ProtocolHandler ["http-nio-9993"]
2020-01-27 08:12:09,980 24324 [main] INFO  o.s.b.w.e.tomcat.TomcatWebServer-:202 - Tomcat started on port(s): 9993 (http) with context path ''
2020-01-27 08:12:09,984 24328 [main] INFO  c.p.m.n.MerchantNotificationServiceApplication-:59 - Started MerchantNotificationServiceApplication in 24.055 seconds (JVM running for 29.677)
2020-01-27 08:24:46,566 780910 [Thread-51] INFO  o.s.s.c.ThreadPoolTaskExecutor-:208 - Shutting down ExecutorService 'applicationTaskExecutor'
2020-01-27 08:25:17,337 20548 [main] INFO  c.p.m.n.MerchantNotificationServiceApplication-:50 - Starting MerchantNotificationServiceApplication on PagaAdmins-BabsEngineering.local with PID 36041 (/Users/bowolabi/IdeaProjects/merchant-notification-service/out/production/classes started by bowolabi in /Users/bowolabi/IdeaProjects/merchant-notification-service)
2020-01-27 08:25:17,339 20550 [main] DEBUG c.p.m.n.MerchantNotificationServiceApplication-:53 - Running with Spring Boot v2.1.11.RELEASE, Spring v5.1.12.RELEASE
2020-01-27 08:25:17,340 20551 [main] INFO  c.p.m.n.MerchantNotificationServiceApplication-:648 - No active profile set, falling back to default profiles: default
2020-01-27 08:25:18,263 21474 [main] INFO  o.s.c.s.PostProcessorRegistrationDelegate$BeanPostProcessorChecker-:330 - Bean 'org.springframework.hateoas.config.HateoasConfiguration' of type [org.springframework.hateoas.config.HateoasConfiguration$$EnhancerBySpringCGLIB$$683d3495] is not eligible for getting processed by all BeanPostProcessors (for example: not eligible for auto-proxying)
2020-01-27 08:25:18,539 21750 [main] INFO  o.s.b.w.e.tomcat.TomcatWebServer-:90 - Tomcat initialized with port(s): 9993 (http)
2020-01-27 08:25:18,554 21765 [main] INFO  o.a.coyote.http11.Http11NioProtocol-:173 - Initializing ProtocolHandler ["http-nio-9993"]
2020-01-27 08:25:18,563 21774 [main] INFO  o.a.catalina.core.StandardService-:173 - Starting service [Tomcat]
2020-01-27 08:25:18,563 21774 [main] INFO  o.a.catalina.core.StandardEngine-:173 - Starting Servlet engine: [Apache Tomcat/9.0.29]
2020-01-27 08:25:18,637 21848 [main] INFO  o.a.c.c.C.[Tomcat].[localhost].[/]-:173 - Initializing Spring embedded WebApplicationContext
2020-01-27 08:25:18,637 21848 [main] INFO  o.s.web.context.ContextLoader-:284 - Root WebApplicationContext: initialization completed in 1263 ms
2020-01-27 08:25:19,833 23044 [main] INFO  o.s.s.w.DefaultSecurityFilterChain-:43 - Creating filter chain: any request, [org.springframework.security.web.context.request.async.WebAsyncManagerIntegrationFilter@388d14e, org.springframework.security.web.context.SecurityContextPersistenceFilter@6b6eae52, org.springframework.security.web.header.HeaderWriterFilter@101ca8da, org.springframework.security.web.authentication.logout.LogoutFilter@467233e4, org.springframework.security.web.authentication.www.BasicAuthenticationFilter@7ab1127c, org.springframework.security.web.savedrequest.RequestCacheAwareFilter@7ae0cc89, org.springframework.security.web.servletapi.SecurityContextHolderAwareRequestFilter@77c1e611, org.springframework.security.web.authentication.AnonymousAuthenticationFilter@1cd43562, org.springframework.security.web.session.SessionManagementFilter@2539cd1c, org.springframework.security.web.access.ExceptionTranslationFilter@3ddb774f, org.springframework.security.web.access.intercept.FilterSecurityInterceptor@10b4e7f8]
2020-01-27 08:25:19,864 23075 [main] INFO  s.d.s.w.PropertySourcedRequestMappingHandlerMapping-:69 - Mapped URL path [/v2/api-docs] onto method [public org.springframework.http.ResponseEntity<springfox.documentation.spring.web.json.Json> springfox.documentation.swagger2.web.Swagger2Controller.getDocumentation(java.lang.String,javax.servlet.http.HttpServletRequest)]
2020-01-27 08:25:19,988 23199 [main] INFO  o.s.s.c.ThreadPoolTaskExecutor-:171 - Initializing ExecutorService 'applicationTaskExecutor'
2020-01-27 08:25:20,143 23354 [main] WARN  o.s.b.a.t.ThymeleafAutoConfiguration$DefaultTemplateResolverConfiguration-:107 - Cannot find template location: classpath:/templates/ (please add some templates or check your Thymeleaf configuration)
2020-01-27 08:25:20,376 23587 [main] INFO  s.d.s.w.p.DocumentationPluginsBootstrapper-:160 - Context refreshed
2020-01-27 08:25:20,390 23601 [main] INFO  s.d.s.w.p.DocumentationPluginsBootstrapper-:163 - Found 1 custom documentation plugin(s)
2020-01-27 08:25:20,416 23627 [main] INFO  s.d.s.w.s.ApiListingReferenceScanner-:41 - Scanning for api listing references
2020-01-27 08:25:20,543 23754 [main] INFO  o.a.coyote.http11.Http11NioProtocol-:173 - Starting ProtocolHandler ["http-nio-9993"]
2020-01-27 08:25:20,578 23789 [main] INFO  o.s.b.w.e.tomcat.TomcatWebServer-:202 - Tomcat started on port(s): 9993 (http) with context path ''
2020-01-27 08:25:20,582 23793 [main] INFO  c.p.m.n.MerchantNotificationServiceApplication-:59 - Started MerchantNotificationServiceApplication in 23.575 seconds (JVM running for 29.159)
2020-01-27 08:25:51,326 54537 [Thread-50] INFO  o.s.s.c.ThreadPoolTaskExecutor-:208 - Shutting down ExecutorService 'applicationTaskExecutor'
2020-01-27 08:26:25,192 21814 [main] INFO  c.p.m.n.MerchantNotificationServiceApplication-:50 - Starting MerchantNotificationServiceApplication on PagaAdmins-BabsEngineering.local with PID 36420 (/Users/bowolabi/IdeaProjects/merchant-notification-service/out/production/classes started by bowolabi in /Users/bowolabi/IdeaProjects/merchant-notification-service)
2020-01-27 08:26:25,195 21817 [main] DEBUG c.p.m.n.MerchantNotificationServiceApplication-:53 - Running with Spring Boot v2.1.11.RELEASE, Spring v5.1.12.RELEASE
2020-01-27 08:26:25,196 21818 [main] INFO  c.p.m.n.MerchantNotificationServiceApplication-:648 - No active profile set, falling back to default profiles: default
2020-01-27 08:26:26,381 23003 [main] INFO  o.s.c.s.PostProcessorRegistrationDelegate$BeanPostProcessorChecker-:330 - Bean 'org.springframework.hateoas.config.HateoasConfiguration' of type [org.springframework.hateoas.config.HateoasConfiguration$$EnhancerBySpringCGLIB$$17c4c7fe] is not eligible for getting processed by all BeanPostProcessors (for example: not eligible for auto-proxying)
2020-01-27 08:26:26,699 23321 [main] INFO  o.s.b.w.e.tomcat.TomcatWebServer-:90 - Tomcat initialized with port(s): 9993 (http)
2020-01-27 08:26:26,714 23336 [main] INFO  o.a.coyote.http11.Http11NioProtocol-:173 - Initializing ProtocolHandler ["http-nio-9993"]
2020-01-27 08:26:26,722 23344 [main] INFO  o.a.catalina.core.StandardService-:173 - Starting service [Tomcat]
2020-01-27 08:26:26,723 23345 [main] INFO  o.a.catalina.core.StandardEngine-:173 - Starting Servlet engine: [Apache Tomcat/9.0.29]
2020-01-27 08:26:26,812 23434 [main] INFO  o.a.c.c.C.[Tomcat].[localhost].[/]-:173 - Initializing Spring embedded WebApplicationContext
2020-01-27 08:26:26,813 23435 [main] INFO  o.s.web.context.ContextLoader-:284 - Root WebApplicationContext: initialization completed in 1584 ms
2020-01-27 08:26:28,174 24796 [main] INFO  o.s.s.w.DefaultSecurityFilterChain-:43 - Creating filter chain: any request, [org.springframework.security.web.context.request.async.WebAsyncManagerIntegrationFilter@713ec32d, org.springframework.security.web.context.SecurityContextPersistenceFilter@483b0690, org.springframework.security.web.header.HeaderWriterFilter@f9cab00, org.springframework.security.web.authentication.logout.LogoutFilter@787508ca, org.springframework.security.web.authentication.www.BasicAuthenticationFilter@4fb04a72, org.springframework.security.web.savedrequest.RequestCacheAwareFilter@6870c3c2, org.springframework.security.web.servletapi.SecurityContextHolderAwareRequestFilter@e95595b, org.springframework.security.web.authentication.AnonymousAuthenticationFilter@34d713a2, org.springframework.security.web.session.SessionManagementFilter@fa5f81c, org.springframework.security.web.access.ExceptionTranslationFilter@999b951, org.springframework.security.web.access.intercept.FilterSecurityInterceptor@71cea1b8]
2020-01-27 08:26:28,206 24828 [main] INFO  s.d.s.w.PropertySourcedRequestMappingHandlerMapping-:69 - Mapped URL path [/v2/api-docs] onto method [public org.springframework.http.ResponseEntity<springfox.documentation.spring.web.json.Json> springfox.documentation.swagger2.web.Swagger2Controller.getDocumentation(java.lang.String,javax.servlet.http.HttpServletRequest)]
2020-01-27 08:26:28,364 24986 [main] INFO  o.s.s.c.ThreadPoolTaskExecutor-:171 - Initializing ExecutorService 'applicationTaskExecutor'
2020-01-27 08:26:28,552 25174 [main] WARN  o.s.b.a.t.ThymeleafAutoConfiguration$DefaultTemplateResolverConfiguration-:107 - Cannot find template location: classpath:/templates/ (please add some templates or check your Thymeleaf configuration)
2020-01-27 08:26:28,788 25410 [main] INFO  s.d.s.w.p.DocumentationPluginsBootstrapper-:160 - Context refreshed
2020-01-27 08:26:28,803 25425 [main] INFO  s.d.s.w.p.DocumentationPluginsBootstrapper-:163 - Found 1 custom documentation plugin(s)
2020-01-27 08:26:28,830 25452 [main] INFO  s.d.s.w.s.ApiListingReferenceScanner-:41 - Scanning for api listing references
2020-01-27 08:26:28,963 25585 [main] INFO  o.a.coyote.http11.Http11NioProtocol-:173 - Starting ProtocolHandler ["http-nio-9993"]
2020-01-27 08:26:28,999 25621 [main] INFO  o.s.b.w.e.tomcat.TomcatWebServer-:202 - Tomcat started on port(s): 9993 (http) with context path ''
2020-01-27 08:26:29,003 25625 [main] INFO  c.p.m.n.MerchantNotificationServiceApplication-:59 - Started MerchantNotificationServiceApplication in 24.777 seconds (JVM running for 31.335)
2020-01-27 08:26:47,918 44540 [http-nio-9993-exec-1] INFO  o.a.c.c.C.[Tomcat].[localhost].[/]-:173 - Initializing Spring DispatcherServlet 'dispatcherServlet'
2020-01-27 08:26:47,919 44541 [http-nio-9993-exec-1] INFO  o.s.web.servlet.DispatcherServlet-:525 - Initializing Servlet 'dispatcherServlet'
2020-01-27 08:26:47,935 44557 [http-nio-9993-exec-1] INFO  o.s.web.servlet.DispatcherServlet-:547 - Completed initialization in 16 ms
2020-01-27 08:27:23,961 80583 [http-nio-9993-exec-5] INFO  c.p.m.n.s.MerchantPaymentNotificationServiceImpl-:28 - about to get merchant supported services RequestServer(isTest=true) 
