2020-01-19 09:01:52,485 195  [main] INFO  c.p.m.n.s.MerchantPaymentNotificationServiceImpl-:39 - about to validate customer CustomerValidationRequest(customerAccountNumber=1100110011, customerFirstName=null, customerLastName=null) 
2020-01-19 09:10:06,925 199  [main] INFO  c.p.m.n.s.MerchantPaymentNotificationServiceImpl-:39 - about to validate customer CustomerValidationRequest(customerAccountNumber=11001100111, customerFirstName=null, customerLastName=null) 
2020-01-19 09:20:39,015 174  [main] INFO  c.p.m.n.s.MerchantPaymentNotificationServiceImpl-:39 - about to validate customer CustomerValidationRequest(customerAccountNumber=0011, customerFirstName=null, customerLastName=null) 
2020-01-19 09:20:39,091 250  [main] INFO  c.p.m.n.s.MerchantPaymentNotificationServiceImpl-:39 - about to validate customer CustomerValidationRequest(customerAccountNumber=1100110011, customerFirstName=null, customerLastName=null) 
2020-01-19 09:20:39,100 259  [main] INFO  c.p.m.n.s.MerchantPaymentNotificationServiceImpl-:23 - about to get merchant supported services ServerPaymentRequest(isTest=true) 
2020-01-19 09:28:07,207 284  [main] INFO  o.s.b.t.c.SpringBootTestContextBootstrapper-:308 - Neither @ContextConfiguration nor @ContextHierarchy found for test class [com.pagatech.merchant.notification.MerchantPaymentNotificationIntegrationTest], using SpringBootContextLoader
2020-01-19 09:28:07,221 298  [main] INFO  o.s.t.c.s.AbstractContextLoader-:264 - Could not detect default resource locations for test class [com.pagatech.merchant.notification.MerchantPaymentNotificationIntegrationTest]: no resource found for suffixes {-context.xml, Context.groovy}.
2020-01-19 09:28:07,223 300  [main] INFO  o.s.t.c.s.AnnotationConfigContextLoaderUtils-:83 - Could not detect default configuration classes for test class [com.pagatech.merchant.notification.MerchantPaymentNotificationIntegrationTest]: MerchantPaymentNotificationIntegrationTest does not declare any static, non-private, non-final, nested classes annotated with @Configuration.
2020-01-19 09:28:07,422 499  [main] INFO  o.s.b.t.c.SpringBootTestContextBootstrapper-:235 - Found @SpringBootConfiguration com.pagatech.merchant.notification.MerchantNotificationServiceApplication for test class com.pagatech.merchant.notification.MerchantPaymentNotificationIntegrationTest
2020-01-19 09:28:07,538 615  [main] INFO  o.s.b.t.c.SpringBootTestContextBootstrapper-:248 - Loaded default TestExecutionListener class names from location [META-INF/spring.factories]: [org.springframework.boot.test.autoconfigure.restdocs.RestDocsTestExecutionListener, org.springframework.boot.test.autoconfigure.web.client.MockRestServiceServerResetTestExecutionListener, org.springframework.boot.test.autoconfigure.web.servlet.MockMvcPrintOnlyOnFailureTestExecutionListener, org.springframework.boot.test.autoconfigure.web.servlet.WebDriverTestExecutionListener, org.springframework.boot.test.mock.mockito.MockitoTestExecutionListener, org.springframework.boot.test.mock.mockito.ResetMocksTestExecutionListener, org.springframework.test.context.web.ServletTestExecutionListener, org.springframework.test.context.support.DirtiesContextBeforeModesTestExecutionListener, org.springframework.test.context.support.DependencyInjectionTestExecutionListener, org.springframework.test.context.support.DirtiesContextTestExecutionListener, org.springframework.test.context.transaction.TransactionalTestExecutionListener, org.springframework.test.context.jdbc.SqlScriptsTestExecutionListener]
2020-01-19 09:28:07,559 636  [main] INFO  o.s.b.t.c.SpringBootTestContextBootstrapper-:177 - Using TestExecutionListeners: [org.springframework.test.context.web.ServletTestExecutionListener@4f32a3ad, org.springframework.test.context.support.DirtiesContextBeforeModesTestExecutionListener@6b695b06, org.springframework.boot.test.mock.mockito.MockitoTestExecutionListener@4d1bf319, org.springframework.boot.test.autoconfigure.SpringBootDependencyInjectionTestExecutionListener@6f53b8a, org.springframework.test.context.support.DirtiesContextTestExecutionListener@5c80cf32, org.springframework.test.context.transaction.TransactionalTestExecutionListener@7d900ecf, org.springframework.test.context.jdbc.SqlScriptsTestExecutionListener@6f01b95f, org.springframework.boot.test.autoconfigure.restdocs.RestDocsTestExecutionListener@4007f65e, org.springframework.boot.test.autoconfigure.web.client.MockRestServiceServerResetTestExecutionListener@1a245833, org.springframework.boot.test.autoconfigure.web.servlet.MockMvcPrintOnlyOnFailureTestExecutionListener@673fdbce, org.springframework.boot.test.autoconfigure.web.servlet.WebDriverTestExecutionListener@5965d37, org.springframework.boot.test.mock.mockito.ResetMocksTestExecutionListener@7a5ceedd]
2020-01-19 09:28:27,957 21034 [main] INFO  c.p.m.n.MerchantPaymentNotificationIntegrationTest-:50 - Starting MerchantPaymentNotificationIntegrationTest on PagaAdmins-BabsEngineering.local with PID 12768 (started by bowolabi in /Users/bowolabi/IdeaProjects/merchant-notification-service)
2020-01-19 09:28:27,957 21034 [main] DEBUG c.p.m.n.MerchantPaymentNotificationIntegrationTest-:53 - Running with Spring Boot v2.1.11.RELEASE, Spring v5.1.12.RELEASE
2020-01-19 09:28:27,958 21035 [main] INFO  c.p.m.n.MerchantPaymentNotificationIntegrationTest-:648 - No active profile set, falling back to default profiles: default
2020-01-19 09:28:28,909 21986 [main] INFO  o.s.c.s.PostProcessorRegistrationDelegate$BeanPostProcessorChecker-:330 - Bean 'org.springframework.hateoas.config.HateoasConfiguration' of type [org.springframework.hateoas.config.HateoasConfiguration$$EnhancerBySpringCGLIB$$1f0bf4a3] is not eligible for getting processed by all BeanPostProcessors (for example: not eligible for auto-proxying)
2020-01-19 09:28:29,321 22398 [main] INFO  o.s.b.w.e.tomcat.TomcatWebServer-:90 - Tomcat initialized with port(s): 0 (http)
2020-01-19 09:28:29,336 22413 [main] INFO  o.a.coyote.http11.Http11NioProtocol-:173 - Initializing ProtocolHandler ["http-nio-auto-1"]
2020-01-19 09:28:29,347 22424 [main] INFO  o.a.catalina.core.StandardService-:173 - Starting service [Tomcat]
2020-01-19 09:28:29,347 22424 [main] INFO  o.a.catalina.core.StandardEngine-:173 - Starting Servlet engine: [Apache Tomcat/9.0.29]
2020-01-19 09:28:29,467 22544 [main] INFO  o.a.c.c.C.[Tomcat].[localhost].[/]-:173 - Initializing Spring embedded WebApplicationContext
2020-01-19 09:28:29,468 22545 [main] INFO  o.s.web.context.ContextLoader-:284 - Root WebApplicationContext: initialization completed in 1496 ms
2020-01-19 09:28:30,231 23308 [main] INFO  o.s.s.c.ThreadPoolTaskExecutor-:171 - Initializing ExecutorService 'applicationTaskExecutor'
2020-01-19 09:28:30,489 23566 [main] WARN  o.s.b.a.t.ThymeleafAutoConfiguration$DefaultTemplateResolverConfiguration-:107 - Cannot find template location: classpath:/templates/ (please add some templates or check your Thymeleaf configuration)
2020-01-19 09:28:30,837 23914 [main] INFO  o.a.c.c.C.[Tomcat].[localhost].[/]-:173 - Initializing Spring TestDispatcherServlet ''
2020-01-19 09:28:30,838 23915 [main] INFO  o.s.t.w.s.TestDispatcherServlet-:525 - Initializing Servlet ''
2020-01-19 09:28:30,849 23926 [main] INFO  o.s.t.w.s.TestDispatcherServlet-:547 - Completed initialization in 11 ms
2020-01-19 09:28:30,888 23965 [main] INFO  o.a.coyote.http11.Http11NioProtocol-:173 - Starting ProtocolHandler ["http-nio-auto-1"]
2020-01-19 09:28:30,922 23999 [main] INFO  o.s.b.w.e.tomcat.TomcatWebServer-:202 - Tomcat started on port(s): 57869 (http) with context path ''
2020-01-19 09:28:30,927 24004 [main] INFO  c.p.m.n.MerchantPaymentNotificationIntegrationTest-:59 - Started MerchantPaymentNotificationIntegrationTest in 23.328 seconds (JVM running for 24.596)
2020-01-19 09:28:31,329 24406 [http-nio-auto-1-exec-1] INFO  o.a.c.c.C.[Tomcat].[localhost].[/]-:173 - Initializing Spring DispatcherServlet 'dispatcherServlet'
2020-01-19 09:28:31,330 24407 [http-nio-auto-1-exec-1] INFO  o.s.web.servlet.DispatcherServlet-:525 - Initializing Servlet 'dispatcherServlet'
2020-01-19 09:28:31,333 24410 [http-nio-auto-1-exec-1] INFO  o.s.web.servlet.DispatcherServlet-:547 - Completed initialization in 3 ms
2020-01-19 09:28:31,421 24498 [main] INFO  c.p.m.n.MerchantPaymentNotificationIntegrationTest-:59 - {"isValid":false,"isDisplayed":false,"message":"No message available","status":"404"}
2020-01-19 09:28:31,508 24585 [http-nio-auto-1-exec-2] INFO  c.p.m.n.s.MerchantPaymentNotificationServiceImpl-:23 - about to get merchant supported services ServerPaymentRequest(isTest=true) 
2020-01-19 09:28:31,516 24593 [main] INFO  c.p.m.n.MerchantPaymentNotificationIntegrationTest-:44 - {"services":["SUBMIT_PAYMENT","VALIDATE_CUSTOMER","QUERY_PAYMENTS","GET_MERCHANT_SERVICES"]}
2020-01-19 09:28:31,525 24602 [Thread-4] INFO  o.s.s.c.ThreadPoolTaskExecutor-:208 - Shutting down ExecutorService 'applicationTaskExecutor'
2020-01-19 09:36:35,438 182  [main] INFO  o.s.b.t.c.SpringBootTestContextBootstrapper-:308 - Neither @ContextConfiguration nor @ContextHierarchy found for test class [com.pagatech.merchant.notification.MerchantPaymentNotificationIntegrationTest], using SpringBootContextLoader
2020-01-19 09:36:35,445 189  [main] INFO  o.s.t.c.s.AbstractContextLoader-:264 - Could not detect default resource locations for test class [com.pagatech.merchant.notification.MerchantPaymentNotificationIntegrationTest]: no resource found for suffixes {-context.xml, Context.groovy}.
2020-01-19 09:36:35,446 190  [main] INFO  o.s.t.c.s.AnnotationConfigContextLoaderUtils-:83 - Could not detect default configuration classes for test class [com.pagatech.merchant.notification.MerchantPaymentNotificationIntegrationTest]: MerchantPaymentNotificationIntegrationTest does not declare any static, non-private, non-final, nested classes annotated with @Configuration.
2020-01-19 09:36:35,570 314  [main] INFO  o.s.b.t.c.SpringBootTestContextBootstrapper-:235 - Found @SpringBootConfiguration com.pagatech.merchant.notification.MerchantNotificationServiceApplication for test class com.pagatech.merchant.notification.MerchantPaymentNotificationIntegrationTest
2020-01-19 09:36:35,655 399  [main] INFO  o.s.b.t.c.SpringBootTestContextBootstrapper-:248 - Loaded default TestExecutionListener class names from location [META-INF/spring.factories]: [org.springframework.boot.test.autoconfigure.restdocs.RestDocsTestExecutionListener, org.springframework.boot.test.autoconfigure.web.client.MockRestServiceServerResetTestExecutionListener, org.springframework.boot.test.autoconfigure.web.servlet.MockMvcPrintOnlyOnFailureTestExecutionListener, org.springframework.boot.test.autoconfigure.web.servlet.WebDriverTestExecutionListener, org.springframework.boot.test.mock.mockito.MockitoTestExecutionListener, org.springframework.boot.test.mock.mockito.ResetMocksTestExecutionListener, org.springframework.test.context.web.ServletTestExecutionListener, org.springframework.test.context.support.DirtiesContextBeforeModesTestExecutionListener, org.springframework.test.context.support.DependencyInjectionTestExecutionListener, org.springframework.test.context.support.DirtiesContextTestExecutionListener, org.springframework.test.context.transaction.TransactionalTestExecutionListener, org.springframework.test.context.jdbc.SqlScriptsTestExecutionListener]
2020-01-19 09:36:35,673 417  [main] INFO  o.s.b.t.c.SpringBootTestContextBootstrapper-:177 - Using TestExecutionListeners: [org.springframework.test.context.web.ServletTestExecutionListener@5965d37, org.springframework.test.context.support.DirtiesContextBeforeModesTestExecutionListener@7a5ceedd, org.springframework.boot.test.mock.mockito.MockitoTestExecutionListener@4201c465, org.springframework.boot.test.autoconfigure.SpringBootDependencyInjectionTestExecutionListener@5b799640, org.springframework.test.context.support.DirtiesContextTestExecutionListener@6cb107fd, org.springframework.test.context.transaction.TransactionalTestExecutionListener@710636b0, org.springframework.test.context.jdbc.SqlScriptsTestExecutionListener@3de8f619, org.springframework.boot.test.autoconfigure.restdocs.RestDocsTestExecutionListener@2ab4bc72, org.springframework.boot.test.autoconfigure.web.client.MockRestServiceServerResetTestExecutionListener@4e5ed836, org.springframework.boot.test.autoconfigure.web.servlet.MockMvcPrintOnlyOnFailureTestExecutionListener@eadd4fb, org.springframework.boot.test.autoconfigure.web.servlet.WebDriverTestExecutionListener@740fb309, org.springframework.boot.test.mock.mockito.ResetMocksTestExecutionListener@7bd7d6d6]
2020-01-19 09:36:55,964 20708 [main] INFO  c.p.m.n.MerchantPaymentNotificationIntegrationTest-:50 - Starting MerchantPaymentNotificationIntegrationTest on PagaAdmins-BabsEngineering.local with PID 12778 (started by bowolabi in /Users/bowolabi/IdeaProjects/merchant-notification-service)
2020-01-19 09:36:55,965 20709 [main] DEBUG c.p.m.n.MerchantPaymentNotificationIntegrationTest-:53 - Running with Spring Boot v2.1.11.RELEASE, Spring v5.1.12.RELEASE
2020-01-19 09:36:55,966 20710 [main] INFO  c.p.m.n.MerchantPaymentNotificationIntegrationTest-:648 - No active profile set, falling back to default profiles: default
2020-01-19 09:36:56,784 21528 [main] INFO  o.s.c.s.PostProcessorRegistrationDelegate$BeanPostProcessorChecker-:330 - Bean 'org.springframework.hateoas.config.HateoasConfiguration' of type [org.springframework.hateoas.config.HateoasConfiguration$$EnhancerBySpringCGLIB$$724444e8] is not eligible for getting processed by all BeanPostProcessors (for example: not eligible for auto-proxying)
2020-01-19 09:36:57,167 21911 [main] INFO  o.s.b.w.e.tomcat.TomcatWebServer-:90 - Tomcat initialized with port(s): 0 (http)
2020-01-19 09:36:57,181 21925 [main] INFO  o.a.coyote.http11.Http11NioProtocol-:173 - Initializing ProtocolHandler ["http-nio-auto-1"]
2020-01-19 09:36:57,190 21934 [main] INFO  o.a.catalina.core.StandardService-:173 - Starting service [Tomcat]
2020-01-19 09:36:57,191 21935 [main] INFO  o.a.catalina.core.StandardEngine-:173 - Starting Servlet engine: [Apache Tomcat/9.0.29]
2020-01-19 09:36:57,296 22040 [main] INFO  o.a.c.c.C.[Tomcat].[localhost].[/]-:173 - Initializing Spring embedded WebApplicationContext
2020-01-19 09:36:57,296 22040 [main] INFO  o.s.web.context.ContextLoader-:284 - Root WebApplicationContext: initialization completed in 1319 ms
2020-01-19 09:36:58,020 22764 [main] INFO  o.s.s.c.ThreadPoolTaskExecutor-:171 - Initializing ExecutorService 'applicationTaskExecutor'
2020-01-19 09:36:58,225 22969 [main] WARN  o.s.b.a.t.ThymeleafAutoConfiguration$DefaultTemplateResolverConfiguration-:107 - Cannot find template location: classpath:/templates/ (please add some templates or check your Thymeleaf configuration)
2020-01-19 09:36:58,489 23233 [main] INFO  o.a.c.c.C.[Tomcat].[localhost].[/]-:173 - Initializing Spring TestDispatcherServlet ''
2020-01-19 09:36:58,490 23234 [main] INFO  o.s.t.w.s.TestDispatcherServlet-:525 - Initializing Servlet ''
2020-01-19 09:36:58,509 23253 [main] INFO  o.s.t.w.s.TestDispatcherServlet-:547 - Completed initialization in 19 ms
2020-01-19 09:36:58,545 23289 [main] INFO  o.a.coyote.http11.Http11NioProtocol-:173 - Starting ProtocolHandler ["http-nio-auto-1"]
2020-01-19 09:36:58,580 23324 [main] INFO  o.s.b.w.e.tomcat.TomcatWebServer-:202 - Tomcat started on port(s): 58022 (http) with context path ''
2020-01-19 09:36:58,584 23328 [main] INFO  c.p.m.n.MerchantPaymentNotificationIntegrationTest-:59 - Started MerchantPaymentNotificationIntegrationTest in 22.869 seconds (JVM running for 23.808)
2020-01-19 09:36:58,886 23630 [http-nio-auto-1-exec-1] INFO  o.a.c.c.C.[Tomcat].[localhost].[/]-:173 - Initializing Spring DispatcherServlet 'dispatcherServlet'
2020-01-19 09:36:58,887 23631 [http-nio-auto-1-exec-1] INFO  o.s.web.servlet.DispatcherServlet-:525 - Initializing Servlet 'dispatcherServlet'
2020-01-19 09:36:58,890 23634 [http-nio-auto-1-exec-1] INFO  o.s.web.servlet.DispatcherServlet-:547 - Completed initialization in 3 ms
2020-01-19 09:36:58,928 23672 [http-nio-auto-1-exec-1] INFO  c.p.m.n.s.MerchantPaymentNotificationServiceImpl-:39 - about to validate customer CustomerValidationRequest(customerAccountNumber=1111111111, customerFirstName=null, customerLastName=null) 
2020-01-19 09:36:58,955 23699 [main] INFO  c.p.m.n.MerchantPaymentNotificationIntegrationTest-:59 - {"isValid":false,"isDisplayed":false,"status":"CLIENT_ERROR"}
2020-01-19 09:36:58,998 23742 [Thread-4] INFO  o.s.s.c.ThreadPoolTaskExecutor-:208 - Shutting down ExecutorService 'applicationTaskExecutor'
2020-01-19 09:37:59,291 203  [main] INFO  o.s.b.t.c.SpringBootTestContextBootstrapper-:308 - Neither @ContextConfiguration nor @ContextHierarchy found for test class [com.pagatech.merchant.notification.MerchantPaymentNotificationIntegrationTest], using SpringBootContextLoader
2020-01-19 09:37:59,297 209  [main] INFO  o.s.t.c.s.AbstractContextLoader-:264 - Could not detect default resource locations for test class [com.pagatech.merchant.notification.MerchantPaymentNotificationIntegrationTest]: no resource found for suffixes {-context.xml, Context.groovy}.
2020-01-19 09:37:59,298 210  [main] INFO  o.s.t.c.s.AnnotationConfigContextLoaderUtils-:83 - Could not detect default configuration classes for test class [com.pagatech.merchant.notification.MerchantPaymentNotificationIntegrationTest]: MerchantPaymentNotificationIntegrationTest does not declare any static, non-private, non-final, nested classes annotated with @Configuration.
2020-01-19 09:37:59,431 343  [main] INFO  o.s.b.t.c.SpringBootTestContextBootstrapper-:235 - Found @SpringBootConfiguration com.pagatech.merchant.notification.MerchantNotificationServiceApplication for test class com.pagatech.merchant.notification.MerchantPaymentNotificationIntegrationTest
2020-01-19 09:37:59,547 459  [main] INFO  o.s.b.t.c.SpringBootTestContextBootstrapper-:248 - Loaded default TestExecutionListener class names from location [META-INF/spring.factories]: [org.springframework.boot.test.autoconfigure.restdocs.RestDocsTestExecutionListener, org.springframework.boot.test.autoconfigure.web.client.MockRestServiceServerResetTestExecutionListener, org.springframework.boot.test.autoconfigure.web.servlet.MockMvcPrintOnlyOnFailureTestExecutionListener, org.springframework.boot.test.autoconfigure.web.servlet.WebDriverTestExecutionListener, org.springframework.boot.test.mock.mockito.MockitoTestExecutionListener, org.springframework.boot.test.mock.mockito.ResetMocksTestExecutionListener, org.springframework.test.context.web.ServletTestExecutionListener, org.springframework.test.context.support.DirtiesContextBeforeModesTestExecutionListener, org.springframework.test.context.support.DependencyInjectionTestExecutionListener, org.springframework.test.context.support.DirtiesContextTestExecutionListener, org.springframework.test.context.transaction.TransactionalTestExecutionListener, org.springframework.test.context.jdbc.SqlScriptsTestExecutionListener]
2020-01-19 09:37:59,567 479  [main] INFO  o.s.b.t.c.SpringBootTestContextBootstrapper-:177 - Using TestExecutionListeners: [org.springframework.test.context.web.ServletTestExecutionListener@5965d37, org.springframework.test.context.support.DirtiesContextBeforeModesTestExecutionListener@7a5ceedd, org.springframework.boot.test.mock.mockito.MockitoTestExecutionListener@4201c465, org.springframework.boot.test.autoconfigure.SpringBootDependencyInjectionTestExecutionListener@5b799640, org.springframework.test.context.support.DirtiesContextTestExecutionListener@6cb107fd, org.springframework.test.context.transaction.TransactionalTestExecutionListener@710636b0, org.springframework.test.context.jdbc.SqlScriptsTestExecutionListener@3de8f619, org.springframework.boot.test.autoconfigure.restdocs.RestDocsTestExecutionListener@2ab4bc72, org.springframework.boot.test.autoconfigure.web.client.MockRestServiceServerResetTestExecutionListener@4e5ed836, org.springframework.boot.test.autoconfigure.web.servlet.MockMvcPrintOnlyOnFailureTestExecutionListener@eadd4fb, org.springframework.boot.test.autoconfigure.web.servlet.WebDriverTestExecutionListener@740fb309, org.springframework.boot.test.mock.mockito.ResetMocksTestExecutionListener@7bd7d6d6]
2020-01-19 09:38:19,876 20788 [main] INFO  c.p.m.n.MerchantPaymentNotificationIntegrationTest-:50 - Starting MerchantPaymentNotificationIntegrationTest on PagaAdmins-BabsEngineering.local with PID 12780 (started by bowolabi in /Users/bowolabi/IdeaProjects/merchant-notification-service)
2020-01-19 09:38:19,877 20789 [main] DEBUG c.p.m.n.MerchantPaymentNotificationIntegrationTest-:53 - Running with Spring Boot v2.1.11.RELEASE, Spring v5.1.12.RELEASE
2020-01-19 09:38:19,877 20789 [main] INFO  c.p.m.n.MerchantPaymentNotificationIntegrationTest-:648 - No active profile set, falling back to default profiles: default
2020-01-19 09:38:20,694 21606 [main] INFO  o.s.c.s.PostProcessorRegistrationDelegate$BeanPostProcessorChecker-:330 - Bean 'org.springframework.hateoas.config.HateoasConfiguration' of type [org.springframework.hateoas.config.HateoasConfiguration$$EnhancerBySpringCGLIB$$724444e8] is not eligible for getting processed by all BeanPostProcessors (for example: not eligible for auto-proxying)
2020-01-19 09:38:21,068 21980 [main] INFO  o.s.b.w.e.tomcat.TomcatWebServer-:90 - Tomcat initialized with port(s): 0 (http)
2020-01-19 09:38:21,082 21994 [main] INFO  o.a.coyote.http11.Http11NioProtocol-:173 - Initializing ProtocolHandler ["http-nio-auto-1"]
2020-01-19 09:38:21,093 22005 [main] INFO  o.a.catalina.core.StandardService-:173 - Starting service [Tomcat]
2020-01-19 09:38:21,093 22005 [main] INFO  o.a.catalina.core.StandardEngine-:173 - Starting Servlet engine: [Apache Tomcat/9.0.29]
2020-01-19 09:38:21,192 22104 [main] INFO  o.a.c.c.C.[Tomcat].[localhost].[/]-:173 - Initializing Spring embedded WebApplicationContext
2020-01-19 09:38:21,193 22105 [main] INFO  o.s.web.context.ContextLoader-:284 - Root WebApplicationContext: initialization completed in 1303 ms
2020-01-19 09:38:21,864 22776 [main] INFO  o.s.s.c.ThreadPoolTaskExecutor-:171 - Initializing ExecutorService 'applicationTaskExecutor'
2020-01-19 09:38:22,068 22980 [main] WARN  o.s.b.a.t.ThymeleafAutoConfiguration$DefaultTemplateResolverConfiguration-:107 - Cannot find template location: classpath:/templates/ (please add some templates or check your Thymeleaf configuration)
2020-01-19 09:38:22,327 23239 [main] INFO  o.a.c.c.C.[Tomcat].[localhost].[/]-:173 - Initializing Spring TestDispatcherServlet ''
2020-01-19 09:38:22,328 23240 [main] INFO  o.s.t.w.s.TestDispatcherServlet-:525 - Initializing Servlet ''
2020-01-19 09:38:22,339 23251 [main] INFO  o.s.t.w.s.TestDispatcherServlet-:547 - Completed initialization in 11 ms
2020-01-19 09:38:22,375 23287 [main] INFO  o.a.coyote.http11.Http11NioProtocol-:173 - Starting ProtocolHandler ["http-nio-auto-1"]
2020-01-19 09:38:22,406 23318 [main] INFO  o.s.b.w.e.tomcat.TomcatWebServer-:202 - Tomcat started on port(s): 58055 (http) with context path ''
2020-01-19 09:38:22,410 23322 [main] INFO  c.p.m.n.MerchantPaymentNotificationIntegrationTest-:59 - Started MerchantPaymentNotificationIntegrationTest in 22.813 seconds (JVM running for 23.845)
2020-01-19 09:38:22,717 23629 [http-nio-auto-1-exec-1] INFO  o.a.c.c.C.[Tomcat].[localhost].[/]-:173 - Initializing Spring DispatcherServlet 'dispatcherServlet'
2020-01-19 09:38:22,718 23630 [http-nio-auto-1-exec-1] INFO  o.s.web.servlet.DispatcherServlet-:525 - Initializing Servlet 'dispatcherServlet'
2020-01-19 09:38:22,722 23634 [http-nio-auto-1-exec-1] INFO  o.s.web.servlet.DispatcherServlet-:547 - Completed initialization in 3 ms
2020-01-19 09:38:22,770 23682 [http-nio-auto-1-exec-1] INFO  c.p.m.n.s.MerchantPaymentNotificationServiceImpl-:39 - about to validate customer CustomerValidationRequest(customerAccountNumber=null, customerFirstName=null, customerLastName=null) 
2020-01-19 09:38:22,798 23710 [main] INFO  c.p.m.n.MerchantPaymentNotificationIntegrationTest-:59 - {"isValid":false,"isDisplayed":false,"status":"CLIENT_ERROR"}
2020-01-19 09:38:22,848 23760 [Thread-4] INFO  o.s.s.c.ThreadPoolTaskExecutor-:208 - Shutting down ExecutorService 'applicationTaskExecutor'
2020-01-19 09:42:22,266 251  [main] INFO  o.s.b.t.c.SpringBootTestContextBootstrapper-:308 - Neither @ContextConfiguration nor @ContextHierarchy found for test class [com.pagatech.merchant.notification.MerchantPaymentNotificationIntegrationTest], using SpringBootContextLoader
2020-01-19 09:42:22,277 262  [main] INFO  o.s.t.c.s.AbstractContextLoader-:264 - Could not detect default resource locations for test class [com.pagatech.merchant.notification.MerchantPaymentNotificationIntegrationTest]: no resource found for suffixes {-context.xml, Context.groovy}.
2020-01-19 09:42:22,279 264  [main] INFO  o.s.t.c.s.AnnotationConfigContextLoaderUtils-:83 - Could not detect default configuration classes for test class [com.pagatech.merchant.notification.MerchantPaymentNotificationIntegrationTest]: MerchantPaymentNotificationIntegrationTest does not declare any static, non-private, non-final, nested classes annotated with @Configuration.
2020-01-19 09:42:22,508 493  [main] INFO  o.s.b.t.c.SpringBootTestContextBootstrapper-:235 - Found @SpringBootConfiguration com.pagatech.merchant.notification.MerchantNotificationServiceApplication for test class com.pagatech.merchant.notification.MerchantPaymentNotificationIntegrationTest
2020-01-19 09:42:22,613 598  [main] INFO  o.s.b.t.c.SpringBootTestContextBootstrapper-:248 - Loaded default TestExecutionListener class names from location [META-INF/spring.factories]: [org.springframework.boot.test.autoconfigure.restdocs.RestDocsTestExecutionListener, org.springframework.boot.test.autoconfigure.web.client.MockRestServiceServerResetTestExecutionListener, org.springframework.boot.test.autoconfigure.web.servlet.MockMvcPrintOnlyOnFailureTestExecutionListener, org.springframework.boot.test.autoconfigure.web.servlet.WebDriverTestExecutionListener, org.springframework.boot.test.mock.mockito.MockitoTestExecutionListener, org.springframework.boot.test.mock.mockito.ResetMocksTestExecutionListener, org.springframework.test.context.web.ServletTestExecutionListener, org.springframework.test.context.support.DirtiesContextBeforeModesTestExecutionListener, org.springframework.test.context.support.DependencyInjectionTestExecutionListener, org.springframework.test.context.support.DirtiesContextTestExecutionListener, org.springframework.test.context.transaction.TransactionalTestExecutionListener, org.springframework.test.context.jdbc.SqlScriptsTestExecutionListener]
2020-01-19 09:42:22,627 612  [main] INFO  o.s.b.t.c.SpringBootTestContextBootstrapper-:177 - Using TestExecutionListeners: [org.springframework.test.context.web.ServletTestExecutionListener@5965d37, org.springframework.test.context.support.DirtiesContextBeforeModesTestExecutionListener@7a5ceedd, org.springframework.boot.test.mock.mockito.MockitoTestExecutionListener@4201c465, org.springframework.boot.test.autoconfigure.SpringBootDependencyInjectionTestExecutionListener@5b799640, org.springframework.test.context.support.DirtiesContextTestExecutionListener@6cb107fd, org.springframework.test.context.transaction.TransactionalTestExecutionListener@710636b0, org.springframework.test.context.jdbc.SqlScriptsTestExecutionListener@3de8f619, org.springframework.boot.test.autoconfigure.restdocs.RestDocsTestExecutionListener@2ab4bc72, org.springframework.boot.test.autoconfigure.web.client.MockRestServiceServerResetTestExecutionListener@4e5ed836, org.springframework.boot.test.autoconfigure.web.servlet.MockMvcPrintOnlyOnFailureTestExecutionListener@eadd4fb, org.springframework.boot.test.autoconfigure.web.servlet.WebDriverTestExecutionListener@740fb309, org.springframework.boot.test.mock.mockito.ResetMocksTestExecutionListener@7bd7d6d6]
2020-01-19 09:42:42,944 20929 [main] INFO  c.p.m.n.MerchantPaymentNotificationIntegrationTest-:50 - Starting MerchantPaymentNotificationIntegrationTest on PagaAdmins-BabsEngineering.local with PID 12783 (started by bowolabi in /Users/bowolabi/IdeaProjects/merchant-notification-service)
2020-01-19 09:42:42,945 20930 [main] DEBUG c.p.m.n.MerchantPaymentNotificationIntegrationTest-:53 - Running with Spring Boot v2.1.11.RELEASE, Spring v5.1.12.RELEASE
2020-01-19 09:42:42,946 20931 [main] INFO  c.p.m.n.MerchantPaymentNotificationIntegrationTest-:648 - No active profile set, falling back to default profiles: default
2020-01-19 09:42:43,767 21752 [main] INFO  o.s.c.s.PostProcessorRegistrationDelegate$BeanPostProcessorChecker-:330 - Bean 'org.springframework.hateoas.config.HateoasConfiguration' of type [org.springframework.hateoas.config.HateoasConfiguration$$EnhancerBySpringCGLIB$$9c3d6538] is not eligible for getting processed by all BeanPostProcessors (for example: not eligible for auto-proxying)
2020-01-19 09:42:44,138 22123 [main] INFO  o.s.b.w.e.tomcat.TomcatWebServer-:90 - Tomcat initialized with port(s): 0 (http)
2020-01-19 09:42:44,152 22137 [main] INFO  o.a.coyote.http11.Http11NioProtocol-:173 - Initializing ProtocolHandler ["http-nio-auto-1"]
2020-01-19 09:42:44,162 22147 [main] INFO  o.a.catalina.core.StandardService-:173 - Starting service [Tomcat]
2020-01-19 09:42:44,163 22148 [main] INFO  o.a.catalina.core.StandardEngine-:173 - Starting Servlet engine: [Apache Tomcat/9.0.29]
2020-01-19 09:42:44,257 22242 [main] INFO  o.a.c.c.C.[Tomcat].[localhost].[/]-:173 - Initializing Spring embedded WebApplicationContext
2020-01-19 09:42:44,257 22242 [main] INFO  o.s.web.context.ContextLoader-:284 - Root WebApplicationContext: initialization completed in 1300 ms
2020-01-19 09:42:44,933 22918 [main] INFO  o.s.s.c.ThreadPoolTaskExecutor-:171 - Initializing ExecutorService 'applicationTaskExecutor'
2020-01-19 09:42:45,180 23165 [main] WARN  o.s.b.a.t.ThymeleafAutoConfiguration$DefaultTemplateResolverConfiguration-:107 - Cannot find template location: classpath:/templates/ (please add some templates or check your Thymeleaf configuration)
2020-01-19 09:42:45,458 23443 [main] INFO  o.a.c.c.C.[Tomcat].[localhost].[/]-:173 - Initializing Spring TestDispatcherServlet ''
2020-01-19 09:42:45,459 23444 [main] INFO  o.s.t.w.s.TestDispatcherServlet-:525 - Initializing Servlet ''
2020-01-19 09:42:45,470 23455 [main] INFO  o.s.t.w.s.TestDispatcherServlet-:547 - Completed initialization in 11 ms
2020-01-19 09:42:45,502 23487 [main] INFO  o.a.coyote.http11.Http11NioProtocol-:173 - Starting ProtocolHandler ["http-nio-auto-1"]
2020-01-19 09:42:45,533 23518 [main] INFO  o.s.b.w.e.tomcat.TomcatWebServer-:202 - Tomcat started on port(s): 58130 (http) with context path ''
2020-01-19 09:42:45,538 23523 [main] INFO  c.p.m.n.MerchantPaymentNotificationIntegrationTest-:59 - Started MerchantPaymentNotificationIntegrationTest in 22.877 seconds (JVM running for 24.063)
2020-01-19 09:42:45,843 23828 [http-nio-auto-1-exec-2] INFO  o.a.c.c.C.[Tomcat].[localhost].[/]-:173 - Initializing Spring DispatcherServlet 'dispatcherServlet'
2020-01-19 09:42:45,845 23830 [http-nio-auto-1-exec-2] INFO  o.s.web.servlet.DispatcherServlet-:525 - Initializing Servlet 'dispatcherServlet'
2020-01-19 09:42:45,847 23832 [http-nio-auto-1-exec-2] INFO  o.s.web.servlet.DispatcherServlet-:547 - Completed initialization in 2 ms
2020-01-19 09:42:45,899 23884 [http-nio-auto-1-exec-2] INFO  c.p.m.n.s.MerchantPaymentNotificationServiceImpl-:39 - about to validate customer CustomerValidationRequest(customerAccountNumber=null, customerFirstName=null, customerLastName=null) 
2020-01-19 09:42:45,927 23912 [main] INFO  c.p.m.n.MerchantPaymentNotificationIntegrationTest-:59 - {"isValid":false,"isDisplayed":false,"status":"CLIENT_ERROR"}
2020-01-19 09:42:45,995 23980 [Thread-4] INFO  o.s.s.c.ThreadPoolTaskExecutor-:208 - Shutting down ExecutorService 'applicationTaskExecutor'
2020-01-19 09:43:37,794 250  [main] INFO  o.s.b.t.c.SpringBootTestContextBootstrapper-:308 - Neither @ContextConfiguration nor @ContextHierarchy found for test class [com.pagatech.merchant.notification.MerchantPaymentNotificationIntegrationTest], using SpringBootContextLoader
2020-01-19 09:43:37,802 258  [main] INFO  o.s.t.c.s.AbstractContextLoader-:264 - Could not detect default resource locations for test class [com.pagatech.merchant.notification.MerchantPaymentNotificationIntegrationTest]: no resource found for suffixes {-context.xml, Context.groovy}.
2020-01-19 09:43:37,803 259  [main] INFO  o.s.t.c.s.AnnotationConfigContextLoaderUtils-:83 - Could not detect default configuration classes for test class [com.pagatech.merchant.notification.MerchantPaymentNotificationIntegrationTest]: MerchantPaymentNotificationIntegrationTest does not declare any static, non-private, non-final, nested classes annotated with @Configuration.
2020-01-19 09:43:37,947 403  [main] INFO  o.s.b.t.c.SpringBootTestContextBootstrapper-:235 - Found @SpringBootConfiguration com.pagatech.merchant.notification.MerchantNotificationServiceApplication for test class com.pagatech.merchant.notification.MerchantPaymentNotificationIntegrationTest
2020-01-19 09:43:38,089 545  [main] INFO  o.s.b.t.c.SpringBootTestContextBootstrapper-:248 - Loaded default TestExecutionListener class names from location [META-INF/spring.factories]: [org.springframework.boot.test.autoconfigure.restdocs.RestDocsTestExecutionListener, org.springframework.boot.test.autoconfigure.web.client.MockRestServiceServerResetTestExecutionListener, org.springframework.boot.test.autoconfigure.web.servlet.MockMvcPrintOnlyOnFailureTestExecutionListener, org.springframework.boot.test.autoconfigure.web.servlet.WebDriverTestExecutionListener, org.springframework.boot.test.mock.mockito.MockitoTestExecutionListener, org.springframework.boot.test.mock.mockito.ResetMocksTestExecutionListener, org.springframework.test.context.web.ServletTestExecutionListener, org.springframework.test.context.support.DirtiesContextBeforeModesTestExecutionListener, org.springframework.test.context.support.DependencyInjectionTestExecutionListener, org.springframework.test.context.support.DirtiesContextTestExecutionListener, org.springframework.test.context.transaction.TransactionalTestExecutionListener, org.springframework.test.context.jdbc.SqlScriptsTestExecutionListener]
2020-01-19 09:43:38,103 559  [main] INFO  o.s.b.t.c.SpringBootTestContextBootstrapper-:177 - Using TestExecutionListeners: [org.springframework.test.context.web.ServletTestExecutionListener@5965d37, org.springframework.test.context.support.DirtiesContextBeforeModesTestExecutionListener@7a5ceedd, org.springframework.boot.test.mock.mockito.MockitoTestExecutionListener@4201c465, org.springframework.boot.test.autoconfigure.SpringBootDependencyInjectionTestExecutionListener@5b799640, org.springframework.test.context.support.DirtiesContextTestExecutionListener@6cb107fd, org.springframework.test.context.transaction.TransactionalTestExecutionListener@710636b0, org.springframework.test.context.jdbc.SqlScriptsTestExecutionListener@3de8f619, org.springframework.boot.test.autoconfigure.restdocs.RestDocsTestExecutionListener@2ab4bc72, org.springframework.boot.test.autoconfigure.web.client.MockRestServiceServerResetTestExecutionListener@4e5ed836, org.springframework.boot.test.autoconfigure.web.servlet.MockMvcPrintOnlyOnFailureTestExecutionListener@eadd4fb, org.springframework.boot.test.autoconfigure.web.servlet.WebDriverTestExecutionListener@740fb309, org.springframework.boot.test.mock.mockito.ResetMocksTestExecutionListener@7bd7d6d6]
2020-01-19 09:43:58,415 20871 [main] INFO  c.p.m.n.MerchantPaymentNotificationIntegrationTest-:50 - Starting MerchantPaymentNotificationIntegrationTest on PagaAdmins-BabsEngineering.local with PID 12798 (started by bowolabi in /Users/bowolabi/IdeaProjects/merchant-notification-service)
2020-01-19 09:43:58,415 20871 [main] DEBUG c.p.m.n.MerchantPaymentNotificationIntegrationTest-:53 - Running with Spring Boot v2.1.11.RELEASE, Spring v5.1.12.RELEASE
2020-01-19 09:43:58,416 20872 [main] INFO  c.p.m.n.MerchantPaymentNotificationIntegrationTest-:648 - No active profile set, falling back to default profiles: default
2020-01-19 09:43:59,224 21680 [main] INFO  o.s.c.s.PostProcessorRegistrationDelegate$BeanPostProcessorChecker-:330 - Bean 'org.springframework.hateoas.config.HateoasConfiguration' of type [org.springframework.hateoas.config.HateoasConfiguration$$EnhancerBySpringCGLIB$$724444e8] is not eligible for getting processed by all BeanPostProcessors (for example: not eligible for auto-proxying)
2020-01-19 09:43:59,595 22051 [main] INFO  o.s.b.w.e.tomcat.TomcatWebServer-:90 - Tomcat initialized with port(s): 0 (http)
2020-01-19 09:43:59,609 22065 [main] INFO  o.a.coyote.http11.Http11NioProtocol-:173 - Initializing ProtocolHandler ["http-nio-auto-1"]
2020-01-19 09:43:59,618 22074 [main] INFO  o.a.catalina.core.StandardService-:173 - Starting service [Tomcat]
2020-01-19 09:43:59,619 22075 [main] INFO  o.a.catalina.core.StandardEngine-:173 - Starting Servlet engine: [Apache Tomcat/9.0.29]
2020-01-19 09:43:59,718 22174 [main] INFO  o.a.c.c.C.[Tomcat].[localhost].[/]-:173 - Initializing Spring embedded WebApplicationContext
2020-01-19 09:43:59,719 22175 [main] INFO  o.s.web.context.ContextLoader-:284 - Root WebApplicationContext: initialization completed in 1291 ms
2020-01-19 09:44:00,410 22866 [main] INFO  o.s.s.c.ThreadPoolTaskExecutor-:171 - Initializing ExecutorService 'applicationTaskExecutor'
2020-01-19 09:44:00,606 23062 [main] WARN  o.s.b.a.t.ThymeleafAutoConfiguration$DefaultTemplateResolverConfiguration-:107 - Cannot find template location: classpath:/templates/ (please add some templates or check your Thymeleaf configuration)
2020-01-19 09:44:00,859 23315 [main] INFO  o.a.c.c.C.[Tomcat].[localhost].[/]-:173 - Initializing Spring TestDispatcherServlet ''
2020-01-19 09:44:00,860 23316 [main] INFO  o.s.t.w.s.TestDispatcherServlet-:525 - Initializing Servlet ''
2020-01-19 09:44:00,871 23327 [main] INFO  o.s.t.w.s.TestDispatcherServlet-:547 - Completed initialization in 11 ms
2020-01-19 09:44:00,906 23362 [main] INFO  o.a.coyote.http11.Http11NioProtocol-:173 - Starting ProtocolHandler ["http-nio-auto-1"]
2020-01-19 09:44:00,941 23397 [main] INFO  o.s.b.w.e.tomcat.TomcatWebServer-:202 - Tomcat started on port(s): 58175 (http) with context path ''
2020-01-19 09:44:00,945 23401 [main] INFO  c.p.m.n.MerchantPaymentNotificationIntegrationTest-:59 - Started MerchantPaymentNotificationIntegrationTest in 22.815 seconds (JVM running for 23.94)
2020-01-19 09:44:01,244 23700 [http-nio-auto-1-exec-1] INFO  o.a.c.c.C.[Tomcat].[localhost].[/]-:173 - Initializing Spring DispatcherServlet 'dispatcherServlet'
2020-01-19 09:44:01,245 23701 [http-nio-auto-1-exec-1] INFO  o.s.web.servlet.DispatcherServlet-:525 - Initializing Servlet 'dispatcherServlet'
2020-01-19 09:44:01,248 23704 [http-nio-auto-1-exec-1] INFO  o.s.web.servlet.DispatcherServlet-:547 - Completed initialization in 3 ms
2020-01-19 09:44:01,295 23751 [http-nio-auto-1-exec-1] INFO  c.p.m.n.s.MerchantPaymentNotificationServiceImpl-:44 - about to validate customer CustomerValidationRequest(customerAccountNumber=null, customerFirstName=null, customerLastName=null) 
2020-01-19 09:44:01,323 23779 [main] INFO  c.p.m.n.MerchantPaymentNotificationIntegrationTest-:59 - {"isValid":false,"isDisplayed":false,"status":"CLIENT_ERROR"}
2020-01-19 09:44:01,374 23830 [Thread-4] INFO  o.s.s.c.ThreadPoolTaskExecutor-:208 - Shutting down ExecutorService 'applicationTaskExecutor'
2020-01-19 09:45:12,390 244  [main] INFO  o.s.b.t.c.SpringBootTestContextBootstrapper-:308 - Neither @ContextConfiguration nor @ContextHierarchy found for test class [com.pagatech.merchant.notification.MerchantPaymentNotificationIntegrationTest], using SpringBootContextLoader
2020-01-19 09:45:12,397 251  [main] INFO  o.s.t.c.s.AbstractContextLoader-:264 - Could not detect default resource locations for test class [com.pagatech.merchant.notification.MerchantPaymentNotificationIntegrationTest]: no resource found for suffixes {-context.xml, Context.groovy}.
2020-01-19 09:45:12,399 253  [main] INFO  o.s.t.c.s.AnnotationConfigContextLoaderUtils-:83 - Could not detect default configuration classes for test class [com.pagatech.merchant.notification.MerchantPaymentNotificationIntegrationTest]: MerchantPaymentNotificationIntegrationTest does not declare any static, non-private, non-final, nested classes annotated with @Configuration.
2020-01-19 09:45:12,576 430  [main] INFO  o.s.b.t.c.SpringBootTestContextBootstrapper-:235 - Found @SpringBootConfiguration com.pagatech.merchant.notification.MerchantNotificationServiceApplication for test class com.pagatech.merchant.notification.MerchantPaymentNotificationIntegrationTest
2020-01-19 09:45:12,733 587  [main] INFO  o.s.b.t.c.SpringBootTestContextBootstrapper-:248 - Loaded default TestExecutionListener class names from location [META-INF/spring.factories]: [org.springframework.boot.test.autoconfigure.restdocs.RestDocsTestExecutionListener, org.springframework.boot.test.autoconfigure.web.client.MockRestServiceServerResetTestExecutionListener, org.springframework.boot.test.autoconfigure.web.servlet.MockMvcPrintOnlyOnFailureTestExecutionListener, org.springframework.boot.test.autoconfigure.web.servlet.WebDriverTestExecutionListener, org.springframework.boot.test.mock.mockito.MockitoTestExecutionListener, org.springframework.boot.test.mock.mockito.ResetMocksTestExecutionListener, org.springframework.test.context.web.ServletTestExecutionListener, org.springframework.test.context.support.DirtiesContextBeforeModesTestExecutionListener, org.springframework.test.context.support.DependencyInjectionTestExecutionListener, org.springframework.test.context.support.DirtiesContextTestExecutionListener, org.springframework.test.context.transaction.TransactionalTestExecutionListener, org.springframework.test.context.jdbc.SqlScriptsTestExecutionListener]
2020-01-19 09:45:12,752 606  [main] INFO  o.s.b.t.c.SpringBootTestContextBootstrapper-:177 - Using TestExecutionListeners: [org.springframework.test.context.web.ServletTestExecutionListener@5965d37, org.springframework.test.context.support.DirtiesContextBeforeModesTestExecutionListener@7a5ceedd, org.springframework.boot.test.mock.mockito.MockitoTestExecutionListener@4201c465, org.springframework.boot.test.autoconfigure.SpringBootDependencyInjectionTestExecutionListener@5b799640, org.springframework.test.context.support.DirtiesContextTestExecutionListener@6cb107fd, org.springframework.test.context.transaction.TransactionalTestExecutionListener@710636b0, org.springframework.test.context.jdbc.SqlScriptsTestExecutionListener@3de8f619, org.springframework.boot.test.autoconfigure.restdocs.RestDocsTestExecutionListener@2ab4bc72, org.springframework.boot.test.autoconfigure.web.client.MockRestServiceServerResetTestExecutionListener@4e5ed836, org.springframework.boot.test.autoconfigure.web.servlet.MockMvcPrintOnlyOnFailureTestExecutionListener@eadd4fb, org.springframework.boot.test.autoconfigure.web.servlet.WebDriverTestExecutionListener@740fb309, org.springframework.boot.test.mock.mockito.ResetMocksTestExecutionListener@7bd7d6d6]
2020-01-19 09:45:33,068 20922 [main] INFO  c.p.m.n.MerchantPaymentNotificationIntegrationTest-:50 - Starting MerchantPaymentNotificationIntegrationTest on PagaAdmins-BabsEngineering.local with PID 12800 (started by bowolabi in /Users/bowolabi/IdeaProjects/merchant-notification-service)
2020-01-19 09:45:33,069 20923 [main] DEBUG c.p.m.n.MerchantPaymentNotificationIntegrationTest-:53 - Running with Spring Boot v2.1.11.RELEASE, Spring v5.1.12.RELEASE
2020-01-19 09:45:33,070 20924 [main] INFO  c.p.m.n.MerchantPaymentNotificationIntegrationTest-:648 - No active profile set, falling back to default profiles: default
2020-01-19 09:45:33,908 21762 [main] INFO  o.s.c.s.PostProcessorRegistrationDelegate$BeanPostProcessorChecker-:330 - Bean 'org.springframework.hateoas.config.HateoasConfiguration' of type [org.springframework.hateoas.config.HateoasConfiguration$$EnhancerBySpringCGLIB$$d78a17cc] is not eligible for getting processed by all BeanPostProcessors (for example: not eligible for auto-proxying)
2020-01-19 09:45:34,279 22133 [main] INFO  o.s.b.w.e.tomcat.TomcatWebServer-:90 - Tomcat initialized with port(s): 0 (http)
2020-01-19 09:45:34,293 22147 [main] INFO  o.a.coyote.http11.Http11NioProtocol-:173 - Initializing ProtocolHandler ["http-nio-auto-1"]
2020-01-19 09:45:34,303 22157 [main] INFO  o.a.catalina.core.StandardService-:173 - Starting service [Tomcat]
2020-01-19 09:45:34,304 22158 [main] INFO  o.a.catalina.core.StandardEngine-:173 - Starting Servlet engine: [Apache Tomcat/9.0.29]
2020-01-19 09:45:34,404 22258 [main] INFO  o.a.c.c.C.[Tomcat].[localhost].[/]-:173 - Initializing Spring embedded WebApplicationContext
2020-01-19 09:45:34,404 22258 [main] INFO  o.s.web.context.ContextLoader-:284 - Root WebApplicationContext: initialization completed in 1322 ms
2020-01-19 09:45:35,101 22955 [main] INFO  o.s.s.c.ThreadPoolTaskExecutor-:171 - Initializing ExecutorService 'applicationTaskExecutor'
2020-01-19 09:45:35,344 23198 [main] WARN  o.s.b.a.t.ThymeleafAutoConfiguration$DefaultTemplateResolverConfiguration-:107 - Cannot find template location: classpath:/templates/ (please add some templates or check your Thymeleaf configuration)
2020-01-19 09:45:35,618 23472 [main] INFO  o.a.c.c.C.[Tomcat].[localhost].[/]-:173 - Initializing Spring TestDispatcherServlet ''
2020-01-19 09:45:35,619 23473 [main] INFO  o.s.t.w.s.TestDispatcherServlet-:525 - Initializing Servlet ''
2020-01-19 09:45:35,630 23484 [main] INFO  o.s.t.w.s.TestDispatcherServlet-:547 - Completed initialization in 11 ms
2020-01-19 09:45:35,667 23521 [main] INFO  o.a.coyote.http11.Http11NioProtocol-:173 - Starting ProtocolHandler ["http-nio-auto-1"]
2020-01-19 09:45:35,701 23555 [main] INFO  o.s.b.w.e.tomcat.TomcatWebServer-:202 - Tomcat started on port(s): 58202 (http) with context path ''
2020-01-19 09:45:35,705 23559 [main] INFO  c.p.m.n.MerchantPaymentNotificationIntegrationTest-:59 - Started MerchantPaymentNotificationIntegrationTest in 22.923 seconds (JVM running for 24.082)
2020-01-19 09:45:36,010 23864 [http-nio-auto-1-exec-1] INFO  o.a.c.c.C.[Tomcat].[localhost].[/]-:173 - Initializing Spring DispatcherServlet 'dispatcherServlet'
2020-01-19 09:45:36,010 23864 [http-nio-auto-1-exec-1] INFO  o.s.web.servlet.DispatcherServlet-:525 - Initializing Servlet 'dispatcherServlet'
2020-01-19 09:45:36,013 23867 [http-nio-auto-1-exec-1] INFO  o.s.web.servlet.DispatcherServlet-:547 - Completed initialization in 2 ms
2020-01-19 09:45:36,056 23910 [http-nio-auto-1-exec-1] INFO  c.p.m.n.s.MerchantPaymentNotificationServiceImpl-:44 - about to validate customer CustomerValidationRequest(customerAccountNumber=null, customerFirstName=null, customerLastName=null) 
2020-01-19 09:45:36,084 23938 [main] INFO  c.p.m.n.MerchantPaymentNotificationIntegrationTest-:59 - {"isValid":false,"isDisplayed":false,"status":"CLIENT_ERROR"}
2020-01-19 09:45:36,130 23984 [Thread-4] INFO  o.s.s.c.ThreadPoolTaskExecutor-:208 - Shutting down ExecutorService 'applicationTaskExecutor'
2020-01-19 09:47:41,065 221  [main] INFO  o.s.b.t.c.SpringBootTestContextBootstrapper-:308 - Neither @ContextConfiguration nor @ContextHierarchy found for test class [com.pagatech.merchant.notification.MerchantPaymentNotificationIntegrationTest], using SpringBootContextLoader
2020-01-19 09:47:41,074 230  [main] INFO  o.s.t.c.s.AbstractContextLoader-:264 - Could not detect default resource locations for test class [com.pagatech.merchant.notification.MerchantPaymentNotificationIntegrationTest]: no resource found for suffixes {-context.xml, Context.groovy}.
2020-01-19 09:47:41,075 231  [main] INFO  o.s.t.c.s.AnnotationConfigContextLoaderUtils-:83 - Could not detect default configuration classes for test class [com.pagatech.merchant.notification.MerchantPaymentNotificationIntegrationTest]: MerchantPaymentNotificationIntegrationTest does not declare any static, non-private, non-final, nested classes annotated with @Configuration.
2020-01-19 09:47:41,244 400  [main] INFO  o.s.b.t.c.SpringBootTestContextBootstrapper-:235 - Found @SpringBootConfiguration com.pagatech.merchant.notification.MerchantNotificationServiceApplication for test class com.pagatech.merchant.notification.MerchantPaymentNotificationIntegrationTest
2020-01-19 09:47:41,390 546  [main] INFO  o.s.b.t.c.SpringBootTestContextBootstrapper-:248 - Loaded default TestExecutionListener class names from location [META-INF/spring.factories]: [org.springframework.boot.test.autoconfigure.restdocs.RestDocsTestExecutionListener, org.springframework.boot.test.autoconfigure.web.client.MockRestServiceServerResetTestExecutionListener, org.springframework.boot.test.autoconfigure.web.servlet.MockMvcPrintOnlyOnFailureTestExecutionListener, org.springframework.boot.test.autoconfigure.web.servlet.WebDriverTestExecutionListener, org.springframework.boot.test.mock.mockito.MockitoTestExecutionListener, org.springframework.boot.test.mock.mockito.ResetMocksTestExecutionListener, org.springframework.test.context.web.ServletTestExecutionListener, org.springframework.test.context.support.DirtiesContextBeforeModesTestExecutionListener, org.springframework.test.context.support.DependencyInjectionTestExecutionListener, org.springframework.test.context.support.DirtiesContextTestExecutionListener, org.springframework.test.context.transaction.TransactionalTestExecutionListener, org.springframework.test.context.jdbc.SqlScriptsTestExecutionListener]
2020-01-19 09:47:41,404 560  [main] INFO  o.s.b.t.c.SpringBootTestContextBootstrapper-:177 - Using TestExecutionListeners: [org.springframework.test.context.web.ServletTestExecutionListener@5965d37, org.springframework.test.context.support.DirtiesContextBeforeModesTestExecutionListener@7a5ceedd, org.springframework.boot.test.mock.mockito.MockitoTestExecutionListener@4201c465, org.springframework.boot.test.autoconfigure.SpringBootDependencyInjectionTestExecutionListener@5b799640, org.springframework.test.context.support.DirtiesContextTestExecutionListener@6cb107fd, org.springframework.test.context.transaction.TransactionalTestExecutionListener@710636b0, org.springframework.test.context.jdbc.SqlScriptsTestExecutionListener@3de8f619, org.springframework.boot.test.autoconfigure.restdocs.RestDocsTestExecutionListener@2ab4bc72, org.springframework.boot.test.autoconfigure.web.client.MockRestServiceServerResetTestExecutionListener@4e5ed836, org.springframework.boot.test.autoconfigure.web.servlet.MockMvcPrintOnlyOnFailureTestExecutionListener@eadd4fb, org.springframework.boot.test.autoconfigure.web.servlet.WebDriverTestExecutionListener@740fb309, org.springframework.boot.test.mock.mockito.ResetMocksTestExecutionListener@7bd7d6d6]
2020-01-19 09:48:01,737 20893 [main] INFO  c.p.m.n.MerchantPaymentNotificationIntegrationTest-:50 - Starting MerchantPaymentNotificationIntegrationTest on PagaAdmins-BabsEngineering.local with PID 12804 (started by bowolabi in /Users/bowolabi/IdeaProjects/merchant-notification-service)
2020-01-19 09:48:01,738 20894 [main] DEBUG c.p.m.n.MerchantPaymentNotificationIntegrationTest-:53 - Running with Spring Boot v2.1.11.RELEASE, Spring v5.1.12.RELEASE
2020-01-19 09:48:01,739 20895 [main] INFO  c.p.m.n.MerchantPaymentNotificationIntegrationTest-:648 - No active profile set, falling back to default profiles: default
2020-01-19 09:48:02,588 21744 [main] INFO  o.s.c.s.PostProcessorRegistrationDelegate$BeanPostProcessorChecker-:330 - Bean 'org.springframework.hateoas.config.HateoasConfiguration' of type [org.springframework.hateoas.config.HateoasConfiguration$$EnhancerBySpringCGLIB$$724444e8] is not eligible for getting processed by all BeanPostProcessors (for example: not eligible for auto-proxying)
2020-01-19 09:48:02,947 22103 [main] INFO  o.s.b.w.e.tomcat.TomcatWebServer-:90 - Tomcat initialized with port(s): 0 (http)
2020-01-19 09:48:02,963 22119 [main] INFO  o.a.coyote.http11.Http11NioProtocol-:173 - Initializing ProtocolHandler ["http-nio-auto-1"]
2020-01-19 09:48:02,973 22129 [main] INFO  o.a.catalina.core.StandardService-:173 - Starting service [Tomcat]
2020-01-19 09:48:02,974 22130 [main] INFO  o.a.catalina.core.StandardEngine-:173 - Starting Servlet engine: [Apache Tomcat/9.0.29]
2020-01-19 09:48:03,082 22238 [main] INFO  o.a.c.c.C.[Tomcat].[localhost].[/]-:173 - Initializing Spring embedded WebApplicationContext
2020-01-19 09:48:03,082 22238 [main] INFO  o.s.web.context.ContextLoader-:284 - Root WebApplicationContext: initialization completed in 1332 ms
2020-01-19 09:48:03,763 22919 [main] INFO  o.s.s.c.ThreadPoolTaskExecutor-:171 - Initializing ExecutorService 'applicationTaskExecutor'
2020-01-19 09:48:03,997 23153 [main] WARN  o.s.b.a.t.ThymeleafAutoConfiguration$DefaultTemplateResolverConfiguration-:107 - Cannot find template location: classpath:/templates/ (please add some templates or check your Thymeleaf configuration)
2020-01-19 09:48:04,281 23437 [main] INFO  o.a.c.c.C.[Tomcat].[localhost].[/]-:173 - Initializing Spring TestDispatcherServlet ''
2020-01-19 09:48:04,281 23437 [main] INFO  o.s.t.w.s.TestDispatcherServlet-:525 - Initializing Servlet ''
2020-01-19 09:48:04,292 23448 [main] INFO  o.s.t.w.s.TestDispatcherServlet-:547 - Completed initialization in 11 ms
2020-01-19 09:48:04,326 23482 [main] INFO  o.a.coyote.http11.Http11NioProtocol-:173 - Starting ProtocolHandler ["http-nio-auto-1"]
2020-01-19 09:48:04,358 23514 [main] INFO  o.s.b.w.e.tomcat.TomcatWebServer-:202 - Tomcat started on port(s): 58250 (http) with context path ''
2020-01-19 09:48:04,363 23519 [main] INFO  c.p.m.n.MerchantPaymentNotificationIntegrationTest-:59 - Started MerchantPaymentNotificationIntegrationTest in 22.93 seconds (JVM running for 24.052)
2020-01-19 09:48:04,648 23804 [http-nio-auto-1-exec-1] INFO  o.a.c.c.C.[Tomcat].[localhost].[/]-:173 - Initializing Spring DispatcherServlet 'dispatcherServlet'
2020-01-19 09:48:04,649 23805 [http-nio-auto-1-exec-1] INFO  o.s.web.servlet.DispatcherServlet-:525 - Initializing Servlet 'dispatcherServlet'
2020-01-19 09:48:04,652 23808 [http-nio-auto-1-exec-1] INFO  o.s.web.servlet.DispatcherServlet-:547 - Completed initialization in 3 ms
2020-01-19 09:48:04,678 23834 [http-nio-auto-1-exec-1] WARN  o.s.w.s.m.s.DefaultHandlerExceptionResolver-:199 - Resolved [org.springframework.web.HttpMediaTypeNotSupportedException: Content type 'application/x-www-form-urlencoded;charset=UTF-8' not supported]
2020-01-19 09:48:04,737 23893 [main] INFO  c.p.m.n.MerchantPaymentNotificationIntegrationTest-:59 - {"isValid":false,"isDisplayed":false,"message":"Content type \u0027application/x-www-form-urlencoded;charset\u003dUTF-8\u0027 not supported","status":"415"}
2020-01-19 09:48:04,793 23949 [Thread-4] INFO  o.s.s.c.ThreadPoolTaskExecutor-:208 - Shutting down ExecutorService 'applicationTaskExecutor'
2020-01-19 09:50:10,979 210  [main] INFO  o.s.b.t.c.SpringBootTestContextBootstrapper-:308 - Neither @ContextConfiguration nor @ContextHierarchy found for test class [com.pagatech.merchant.notification.MerchantPaymentNotificationIntegrationTest], using SpringBootContextLoader
2020-01-19 09:50:10,986 217  [main] INFO  o.s.t.c.s.AbstractContextLoader-:264 - Could not detect default resource locations for test class [com.pagatech.merchant.notification.MerchantPaymentNotificationIntegrationTest]: no resource found for suffixes {-context.xml, Context.groovy}.
2020-01-19 09:50:10,987 218  [main] INFO  o.s.t.c.s.AnnotationConfigContextLoaderUtils-:83 - Could not detect default configuration classes for test class [com.pagatech.merchant.notification.MerchantPaymentNotificationIntegrationTest]: MerchantPaymentNotificationIntegrationTest does not declare any static, non-private, non-final, nested classes annotated with @Configuration.
2020-01-19 09:50:11,119 350  [main] INFO  o.s.b.t.c.SpringBootTestContextBootstrapper-:235 - Found @SpringBootConfiguration com.pagatech.merchant.notification.MerchantNotificationServiceApplication for test class com.pagatech.merchant.notification.MerchantPaymentNotificationIntegrationTest
2020-01-19 09:50:11,227 458  [main] INFO  o.s.b.t.c.SpringBootTestContextBootstrapper-:248 - Loaded default TestExecutionListener class names from location [META-INF/spring.factories]: [org.springframework.boot.test.autoconfigure.restdocs.RestDocsTestExecutionListener, org.springframework.boot.test.autoconfigure.web.client.MockRestServiceServerResetTestExecutionListener, org.springframework.boot.test.autoconfigure.web.servlet.MockMvcPrintOnlyOnFailureTestExecutionListener, org.springframework.boot.test.autoconfigure.web.servlet.WebDriverTestExecutionListener, org.springframework.boot.test.mock.mockito.MockitoTestExecutionListener, org.springframework.boot.test.mock.mockito.ResetMocksTestExecutionListener, org.springframework.test.context.web.ServletTestExecutionListener, org.springframework.test.context.support.DirtiesContextBeforeModesTestExecutionListener, org.springframework.test.context.support.DependencyInjectionTestExecutionListener, org.springframework.test.context.support.DirtiesContextTestExecutionListener, org.springframework.test.context.transaction.TransactionalTestExecutionListener, org.springframework.test.context.jdbc.SqlScriptsTestExecutionListener]
2020-01-19 09:50:11,252 483  [main] INFO  o.s.b.t.c.SpringBootTestContextBootstrapper-:177 - Using TestExecutionListeners: [org.springframework.test.context.web.ServletTestExecutionListener@5965d37, org.springframework.test.context.support.DirtiesContextBeforeModesTestExecutionListener@7a5ceedd, org.springframework.boot.test.mock.mockito.MockitoTestExecutionListener@4201c465, org.springframework.boot.test.autoconfigure.SpringBootDependencyInjectionTestExecutionListener@5b799640, org.springframework.test.context.support.DirtiesContextTestExecutionListener@6cb107fd, org.springframework.test.context.transaction.TransactionalTestExecutionListener@710636b0, org.springframework.test.context.jdbc.SqlScriptsTestExecutionListener@3de8f619, org.springframework.boot.test.autoconfigure.restdocs.RestDocsTestExecutionListener@2ab4bc72, org.springframework.boot.test.autoconfigure.web.client.MockRestServiceServerResetTestExecutionListener@4e5ed836, org.springframework.boot.test.autoconfigure.web.servlet.MockMvcPrintOnlyOnFailureTestExecutionListener@eadd4fb, org.springframework.boot.test.autoconfigure.web.servlet.WebDriverTestExecutionListener@740fb309, org.springframework.boot.test.mock.mockito.ResetMocksTestExecutionListener@7bd7d6d6]
2020-01-19 09:50:31,556 20787 [main] INFO  c.p.m.n.MerchantPaymentNotificationIntegrationTest-:50 - Starting MerchantPaymentNotificationIntegrationTest on PagaAdmins-BabsEngineering.local with PID 12809 (started by bowolabi in /Users/bowolabi/IdeaProjects/merchant-notification-service)
2020-01-19 09:50:31,557 20788 [main] DEBUG c.p.m.n.MerchantPaymentNotificationIntegrationTest-:53 - Running with Spring Boot v2.1.11.RELEASE, Spring v5.1.12.RELEASE
2020-01-19 09:50:31,558 20789 [main] INFO  c.p.m.n.MerchantPaymentNotificationIntegrationTest-:648 - No active profile set, falling back to default profiles: default
2020-01-19 09:50:32,360 21591 [main] INFO  o.s.c.s.PostProcessorRegistrationDelegate$BeanPostProcessorChecker-:330 - Bean 'org.springframework.hateoas.config.HateoasConfiguration' of type [org.springframework.hateoas.config.HateoasConfiguration$$EnhancerBySpringCGLIB$$d78a17cc] is not eligible for getting processed by all BeanPostProcessors (for example: not eligible for auto-proxying)
2020-01-19 09:50:32,741 21972 [main] INFO  o.s.b.w.e.tomcat.TomcatWebServer-:90 - Tomcat initialized with port(s): 0 (http)
2020-01-19 09:50:32,754 21985 [main] INFO  o.a.coyote.http11.Http11NioProtocol-:173 - Initializing ProtocolHandler ["http-nio-auto-1"]
2020-01-19 09:50:32,764 21995 [main] INFO  o.a.catalina.core.StandardService-:173 - Starting service [Tomcat]
2020-01-19 09:50:32,764 21995 [main] INFO  o.a.catalina.core.StandardEngine-:173 - Starting Servlet engine: [Apache Tomcat/9.0.29]
2020-01-19 09:50:32,861 22092 [main] INFO  o.a.c.c.C.[Tomcat].[localhost].[/]-:173 - Initializing Spring embedded WebApplicationContext
2020-01-19 09:50:32,861 22092 [main] INFO  o.s.web.context.ContextLoader-:284 - Root WebApplicationContext: initialization completed in 1291 ms
2020-01-19 09:50:33,535 22766 [main] INFO  o.s.s.c.ThreadPoolTaskExecutor-:171 - Initializing ExecutorService 'applicationTaskExecutor'
2020-01-19 09:50:33,732 22963 [main] WARN  o.s.b.a.t.ThymeleafAutoConfiguration$DefaultTemplateResolverConfiguration-:107 - Cannot find template location: classpath:/templates/ (please add some templates or check your Thymeleaf configuration)
2020-01-19 09:50:33,975 23206 [main] INFO  o.a.c.c.C.[Tomcat].[localhost].[/]-:173 - Initializing Spring TestDispatcherServlet ''
2020-01-19 09:50:33,975 23206 [main] INFO  o.s.t.w.s.TestDispatcherServlet-:525 - Initializing Servlet ''
2020-01-19 09:50:33,995 23226 [main] INFO  o.s.t.w.s.TestDispatcherServlet-:547 - Completed initialization in 19 ms
2020-01-19 09:50:34,032 23263 [main] INFO  o.a.coyote.http11.Http11NioProtocol-:173 - Starting ProtocolHandler ["http-nio-auto-1"]
2020-01-19 09:50:34,061 23292 [main] INFO  o.s.b.w.e.tomcat.TomcatWebServer-:202 - Tomcat started on port(s): 58301 (http) with context path ''
2020-01-19 09:50:34,066 23297 [main] INFO  c.p.m.n.MerchantPaymentNotificationIntegrationTest-:59 - Started MerchantPaymentNotificationIntegrationTest in 22.783 seconds (JVM running for 23.799)
2020-01-19 09:50:34,363 23594 [http-nio-auto-1-exec-1] INFO  o.a.c.c.C.[Tomcat].[localhost].[/]-:173 - Initializing Spring DispatcherServlet 'dispatcherServlet'
2020-01-19 09:50:34,363 23594 [http-nio-auto-1-exec-1] INFO  o.s.web.servlet.DispatcherServlet-:525 - Initializing Servlet 'dispatcherServlet'
2020-01-19 09:50:34,366 23597 [http-nio-auto-1-exec-1] INFO  o.s.web.servlet.DispatcherServlet-:547 - Completed initialization in 2 ms
2020-01-19 09:50:34,411 23642 [http-nio-auto-1-exec-1] INFO  c.p.m.n.s.MerchantPaymentNotificationServiceImpl-:44 - about to validate customer CustomerValidationRequest(customerAccountNumber=null, customerFirstName=null, customerLastName=null) 
2020-01-19 09:50:34,443 23674 [main] INFO  c.p.m.n.MerchantPaymentNotificationIntegrationTest-:59 - {"isValid":false,"isDisplayed":false,"status":"CLIENT_ERROR"}
2020-01-19 09:50:34,493 23724 [Thread-4] INFO  o.s.s.c.ThreadPoolTaskExecutor-:208 - Shutting down ExecutorService 'applicationTaskExecutor'
2020-01-19 09:52:53,914 247  [main] INFO  o.s.b.t.c.SpringBootTestContextBootstrapper-:308 - Neither @ContextConfiguration nor @ContextHierarchy found for test class [com.pagatech.merchant.notification.MerchantPaymentNotificationIntegrationTest], using SpringBootContextLoader
2020-01-19 09:52:53,922 255  [main] INFO  o.s.t.c.s.AbstractContextLoader-:264 - Could not detect default resource locations for test class [com.pagatech.merchant.notification.MerchantPaymentNotificationIntegrationTest]: no resource found for suffixes {-context.xml, Context.groovy}.
2020-01-19 09:52:53,924 257  [main] INFO  o.s.t.c.s.AnnotationConfigContextLoaderUtils-:83 - Could not detect default configuration classes for test class [com.pagatech.merchant.notification.MerchantPaymentNotificationIntegrationTest]: MerchantPaymentNotificationIntegrationTest does not declare any static, non-private, non-final, nested classes annotated with @Configuration.
2020-01-19 09:52:54,082 415  [main] INFO  o.s.b.t.c.SpringBootTestContextBootstrapper-:235 - Found @SpringBootConfiguration com.pagatech.merchant.notification.MerchantNotificationServiceApplication for test class com.pagatech.merchant.notification.MerchantPaymentNotificationIntegrationTest
2020-01-19 09:52:54,225 558  [main] INFO  o.s.b.t.c.SpringBootTestContextBootstrapper-:248 - Loaded default TestExecutionListener class names from location [META-INF/spring.factories]: [org.springframework.boot.test.autoconfigure.restdocs.RestDocsTestExecutionListener, org.springframework.boot.test.autoconfigure.web.client.MockRestServiceServerResetTestExecutionListener, org.springframework.boot.test.autoconfigure.web.servlet.MockMvcPrintOnlyOnFailureTestExecutionListener, org.springframework.boot.test.autoconfigure.web.servlet.WebDriverTestExecutionListener, org.springframework.boot.test.mock.mockito.MockitoTestExecutionListener, org.springframework.boot.test.mock.mockito.ResetMocksTestExecutionListener, org.springframework.test.context.web.ServletTestExecutionListener, org.springframework.test.context.support.DirtiesContextBeforeModesTestExecutionListener, org.springframework.test.context.support.DependencyInjectionTestExecutionListener, org.springframework.test.context.support.DirtiesContextTestExecutionListener, org.springframework.test.context.transaction.TransactionalTestExecutionListener, org.springframework.test.context.jdbc.SqlScriptsTestExecutionListener]
2020-01-19 09:52:54,243 576  [main] INFO  o.s.b.t.c.SpringBootTestContextBootstrapper-:177 - Using TestExecutionListeners: [org.springframework.test.context.web.ServletTestExecutionListener@5965d37, org.springframework.test.context.support.DirtiesContextBeforeModesTestExecutionListener@7a5ceedd, org.springframework.boot.test.mock.mockito.MockitoTestExecutionListener@4201c465, org.springframework.boot.test.autoconfigure.SpringBootDependencyInjectionTestExecutionListener@5b799640, org.springframework.test.context.support.DirtiesContextTestExecutionListener@6cb107fd, org.springframework.test.context.transaction.TransactionalTestExecutionListener@710636b0, org.springframework.test.context.jdbc.SqlScriptsTestExecutionListener@3de8f619, org.springframework.boot.test.autoconfigure.restdocs.RestDocsTestExecutionListener@2ab4bc72, org.springframework.boot.test.autoconfigure.web.client.MockRestServiceServerResetTestExecutionListener@4e5ed836, org.springframework.boot.test.autoconfigure.web.servlet.MockMvcPrintOnlyOnFailureTestExecutionListener@eadd4fb, org.springframework.boot.test.autoconfigure.web.servlet.WebDriverTestExecutionListener@740fb309, org.springframework.boot.test.mock.mockito.ResetMocksTestExecutionListener@7bd7d6d6]
2020-01-19 09:53:14,579 20912 [main] INFO  c.p.m.n.MerchantPaymentNotificationIntegrationTest-:50 - Starting MerchantPaymentNotificationIntegrationTest on PagaAdmins-BabsEngineering.local with PID 12812 (started by bowolabi in /Users/bowolabi/IdeaProjects/merchant-notification-service)
2020-01-19 09:53:14,580 20913 [main] DEBUG c.p.m.n.MerchantPaymentNotificationIntegrationTest-:53 - Running with Spring Boot v2.1.11.RELEASE, Spring v5.1.12.RELEASE
2020-01-19 09:53:14,580 20913 [main] INFO  c.p.m.n.MerchantPaymentNotificationIntegrationTest-:648 - No active profile set, falling back to default profiles: default
2020-01-19 09:53:15,388 21721 [main] INFO  o.s.c.s.PostProcessorRegistrationDelegate$BeanPostProcessorChecker-:330 - Bean 'org.springframework.hateoas.config.HateoasConfiguration' of type [org.springframework.hateoas.config.HateoasConfiguration$$EnhancerBySpringCGLIB$$d78a17cc] is not eligible for getting processed by all BeanPostProcessors (for example: not eligible for auto-proxying)
2020-01-19 09:53:15,762 22095 [main] INFO  o.s.b.w.e.tomcat.TomcatWebServer-:90 - Tomcat initialized with port(s): 0 (http)
2020-01-19 09:53:15,775 22108 [main] INFO  o.a.coyote.http11.Http11NioProtocol-:173 - Initializing ProtocolHandler ["http-nio-auto-1"]
2020-01-19 09:53:15,785 22118 [main] INFO  o.a.catalina.core.StandardService-:173 - Starting service [Tomcat]
2020-01-19 09:53:15,785 22118 [main] INFO  o.a.catalina.core.StandardEngine-:173 - Starting Servlet engine: [Apache Tomcat/9.0.29]
2020-01-19 09:53:15,880 22213 [main] INFO  o.a.c.c.C.[Tomcat].[localhost].[/]-:173 - Initializing Spring embedded WebApplicationContext
2020-01-19 09:53:15,880 22213 [main] INFO  o.s.web.context.ContextLoader-:284 - Root WebApplicationContext: initialization completed in 1288 ms
2020-01-19 09:53:16,606 22939 [main] INFO  o.s.s.c.ThreadPoolTaskExecutor-:171 - Initializing ExecutorService 'applicationTaskExecutor'
2020-01-19 09:53:16,828 23161 [main] WARN  o.s.b.a.t.ThymeleafAutoConfiguration$DefaultTemplateResolverConfiguration-:107 - Cannot find template location: classpath:/templates/ (please add some templates or check your Thymeleaf configuration)
2020-01-19 09:53:17,099 23432 [main] INFO  o.a.c.c.C.[Tomcat].[localhost].[/]-:173 - Initializing Spring TestDispatcherServlet ''
2020-01-19 09:53:17,099 23432 [main] INFO  o.s.t.w.s.TestDispatcherServlet-:525 - Initializing Servlet ''
2020-01-19 09:53:17,110 23443 [main] INFO  o.s.t.w.s.TestDispatcherServlet-:547 - Completed initialization in 10 ms
2020-01-19 09:53:17,155 23488 [main] INFO  o.a.coyote.http11.Http11NioProtocol-:173 - Starting ProtocolHandler ["http-nio-auto-1"]
2020-01-19 09:53:17,184 23517 [main] INFO  o.s.b.w.e.tomcat.TomcatWebServer-:202 - Tomcat started on port(s): 58348 (http) with context path ''
2020-01-19 09:53:17,188 23521 [main] INFO  c.p.m.n.MerchantPaymentNotificationIntegrationTest-:59 - Started MerchantPaymentNotificationIntegrationTest in 22.914 seconds (JVM running for 24.213)
2020-01-19 09:53:17,455 23788 [http-nio-auto-1-exec-1] INFO  o.a.c.c.C.[Tomcat].[localhost].[/]-:173 - Initializing Spring DispatcherServlet 'dispatcherServlet'
2020-01-19 09:53:17,456 23789 [http-nio-auto-1-exec-1] INFO  o.s.web.servlet.DispatcherServlet-:525 - Initializing Servlet 'dispatcherServlet'
2020-01-19 09:53:17,458 23791 [http-nio-auto-1-exec-1] INFO  o.s.web.servlet.DispatcherServlet-:547 - Completed initialization in 2 ms
2020-01-19 09:53:17,504 23837 [http-nio-auto-1-exec-1] INFO  c.p.m.n.s.MerchantPaymentNotificationServiceImpl-:44 - about to validate customer CustomerValidationRequest(customerAccountNumber=1111111111, customerFirstName=null, customerLastName=null) 
2020-01-19 09:53:17,535 23868 [main] INFO  c.p.m.n.MerchantPaymentNotificationIntegrationTest-:59 - {"isValid":false,"isDisplayed":false,"status":"CLIENT_ERROR"}
2020-01-19 09:53:17,584 23917 [Thread-4] INFO  o.s.s.c.ThreadPoolTaskExecutor-:208 - Shutting down ExecutorService 'applicationTaskExecutor'
2020-01-19 09:54:52,935 217  [main] INFO  o.s.b.t.c.SpringBootTestContextBootstrapper-:308 - Neither @ContextConfiguration nor @ContextHierarchy found for test class [com.pagatech.merchant.notification.MerchantPaymentNotificationIntegrationTest], using SpringBootContextLoader
2020-01-19 09:54:52,942 224  [main] INFO  o.s.t.c.s.AbstractContextLoader-:264 - Could not detect default resource locations for test class [com.pagatech.merchant.notification.MerchantPaymentNotificationIntegrationTest]: no resource found for suffixes {-context.xml, Context.groovy}.
2020-01-19 09:54:52,943 225  [main] INFO  o.s.t.c.s.AnnotationConfigContextLoaderUtils-:83 - Could not detect default configuration classes for test class [com.pagatech.merchant.notification.MerchantPaymentNotificationIntegrationTest]: MerchantPaymentNotificationIntegrationTest does not declare any static, non-private, non-final, nested classes annotated with @Configuration.
2020-01-19 09:54:53,098 380  [main] INFO  o.s.b.t.c.SpringBootTestContextBootstrapper-:235 - Found @SpringBootConfiguration com.pagatech.merchant.notification.MerchantNotificationServiceApplication for test class com.pagatech.merchant.notification.MerchantPaymentNotificationIntegrationTest
2020-01-19 09:54:53,231 513  [main] INFO  o.s.b.t.c.SpringBootTestContextBootstrapper-:248 - Loaded default TestExecutionListener class names from location [META-INF/spring.factories]: [org.springframework.boot.test.autoconfigure.restdocs.RestDocsTestExecutionListener, org.springframework.boot.test.autoconfigure.web.client.MockRestServiceServerResetTestExecutionListener, org.springframework.boot.test.autoconfigure.web.servlet.MockMvcPrintOnlyOnFailureTestExecutionListener, org.springframework.boot.test.autoconfigure.web.servlet.WebDriverTestExecutionListener, org.springframework.boot.test.mock.mockito.MockitoTestExecutionListener, org.springframework.boot.test.mock.mockito.ResetMocksTestExecutionListener, org.springframework.test.context.web.ServletTestExecutionListener, org.springframework.test.context.support.DirtiesContextBeforeModesTestExecutionListener, org.springframework.test.context.support.DependencyInjectionTestExecutionListener, org.springframework.test.context.support.DirtiesContextTestExecutionListener, org.springframework.test.context.transaction.TransactionalTestExecutionListener, org.springframework.test.context.jdbc.SqlScriptsTestExecutionListener]
2020-01-19 09:54:53,247 529  [main] INFO  o.s.b.t.c.SpringBootTestContextBootstrapper-:177 - Using TestExecutionListeners: [org.springframework.test.context.web.ServletTestExecutionListener@5965d37, org.springframework.test.context.support.DirtiesContextBeforeModesTestExecutionListener@7a5ceedd, org.springframework.boot.test.mock.mockito.MockitoTestExecutionListener@4201c465, org.springframework.boot.test.autoconfigure.SpringBootDependencyInjectionTestExecutionListener@5b799640, org.springframework.test.context.support.DirtiesContextTestExecutionListener@6cb107fd, org.springframework.test.context.transaction.TransactionalTestExecutionListener@710636b0, org.springframework.test.context.jdbc.SqlScriptsTestExecutionListener@3de8f619, org.springframework.boot.test.autoconfigure.restdocs.RestDocsTestExecutionListener@2ab4bc72, org.springframework.boot.test.autoconfigure.web.client.MockRestServiceServerResetTestExecutionListener@4e5ed836, org.springframework.boot.test.autoconfigure.web.servlet.MockMvcPrintOnlyOnFailureTestExecutionListener@eadd4fb, org.springframework.boot.test.autoconfigure.web.servlet.WebDriverTestExecutionListener@740fb309, org.springframework.boot.test.mock.mockito.ResetMocksTestExecutionListener@7bd7d6d6]
2020-01-19 09:55:13,565 20847 [main] INFO  c.p.m.n.MerchantPaymentNotificationIntegrationTest-:50 - Starting MerchantPaymentNotificationIntegrationTest on PagaAdmins-BabsEngineering.local with PID 12814 (started by bowolabi in /Users/bowolabi/IdeaProjects/merchant-notification-service)
2020-01-19 09:55:13,566 20848 [main] DEBUG c.p.m.n.MerchantPaymentNotificationIntegrationTest-:53 - Running with Spring Boot v2.1.11.RELEASE, Spring v5.1.12.RELEASE
2020-01-19 09:55:13,567 20849 [main] INFO  c.p.m.n.MerchantPaymentNotificationIntegrationTest-:648 - No active profile set, falling back to default profiles: default
2020-01-19 09:55:14,393 21675 [main] INFO  o.s.c.s.PostProcessorRegistrationDelegate$BeanPostProcessorChecker-:330 - Bean 'org.springframework.hateoas.config.HateoasConfiguration' of type [org.springframework.hateoas.config.HateoasConfiguration$$EnhancerBySpringCGLIB$$724444e8] is not eligible for getting processed by all BeanPostProcessors (for example: not eligible for auto-proxying)
2020-01-19 09:55:14,784 22066 [main] INFO  o.s.b.w.e.tomcat.TomcatWebServer-:90 - Tomcat initialized with port(s): 0 (http)
2020-01-19 09:55:14,797 22079 [main] INFO  o.a.coyote.http11.Http11NioProtocol-:173 - Initializing ProtocolHandler ["http-nio-auto-1"]
2020-01-19 09:55:14,806 22088 [main] INFO  o.a.catalina.core.StandardService-:173 - Starting service [Tomcat]
2020-01-19 09:55:14,807 22089 [main] INFO  o.a.catalina.core.StandardEngine-:173 - Starting Servlet engine: [Apache Tomcat/9.0.29]
2020-01-19 09:55:14,911 22193 [main] INFO  o.a.c.c.C.[Tomcat].[localhost].[/]-:173 - Initializing Spring embedded WebApplicationContext
2020-01-19 09:55:14,912 22194 [main] INFO  o.s.web.context.ContextLoader-:284 - Root WebApplicationContext: initialization completed in 1334 ms
2020-01-19 09:55:15,581 22863 [main] INFO  o.s.s.c.ThreadPoolTaskExecutor-:171 - Initializing ExecutorService 'applicationTaskExecutor'
2020-01-19 09:55:15,767 23049 [main] WARN  o.s.b.a.t.ThymeleafAutoConfiguration$DefaultTemplateResolverConfiguration-:107 - Cannot find template location: classpath:/templates/ (please add some templates or check your Thymeleaf configuration)
2020-01-19 09:55:16,009 23291 [main] INFO  o.a.c.c.C.[Tomcat].[localhost].[/]-:173 - Initializing Spring TestDispatcherServlet ''
2020-01-19 09:55:16,010 23292 [main] INFO  o.s.t.w.s.TestDispatcherServlet-:525 - Initializing Servlet ''
2020-01-19 09:55:16,021 23303 [main] INFO  o.s.t.w.s.TestDispatcherServlet-:547 - Completed initialization in 11 ms
2020-01-19 09:55:16,057 23339 [main] INFO  o.a.coyote.http11.Http11NioProtocol-:173 - Starting ProtocolHandler ["http-nio-auto-1"]
2020-01-19 09:55:16,090 23372 [main] INFO  o.s.b.w.e.tomcat.TomcatWebServer-:202 - Tomcat started on port(s): 58378 (http) with context path ''
2020-01-19 09:55:16,095 23377 [main] INFO  c.p.m.n.MerchantPaymentNotificationIntegrationTest-:59 - Started MerchantPaymentNotificationIntegrationTest in 22.821 seconds (JVM running for 23.933)
2020-01-19 09:55:16,375 23657 [http-nio-auto-1-exec-1] INFO  o.a.c.c.C.[Tomcat].[localhost].[/]-:173 - Initializing Spring DispatcherServlet 'dispatcherServlet'
2020-01-19 09:55:16,375 23657 [http-nio-auto-1-exec-1] INFO  o.s.web.servlet.DispatcherServlet-:525 - Initializing Servlet 'dispatcherServlet'
2020-01-19 09:55:16,378 23660 [http-nio-auto-1-exec-1] INFO  o.s.web.servlet.DispatcherServlet-:547 - Completed initialization in 2 ms
2020-01-19 09:55:16,421 23703 [http-nio-auto-1-exec-1] INFO  c.p.m.n.s.MerchantPaymentNotificationServiceImpl-:40 - about to validate customer CustomerValidationRequest(customerAccountNumber=null, customerFirstName=null, customerLastName=null) 
2020-01-19 09:55:16,448 23730 [main] INFO  c.p.m.n.MerchantPaymentNotificationIntegrationTest-:59 - {"isValid":false,"isDisplayed":false,"status":"CLIENT_ERROR"}
2020-01-19 09:55:16,496 23778 [Thread-4] INFO  o.s.s.c.ThreadPoolTaskExecutor-:208 - Shutting down ExecutorService 'applicationTaskExecutor'
