2020-01-21 09:49:17,346 300  [main] INFO  c.p.m.n.s.MerchantPaymentNotificationServiceImpl-:42 - about to validate customer CustomerValidationRequest(customerAccountNumber=28392901, customerFirstName=null, customerLastName=null) 
2020-01-21 09:49:17,389 343  [main] INFO  c.p.m.n.s.MerchantPaymentNotificationServiceImpl-:42 - about to validate customer CustomerValidationRequest(customerAccountNumber=1100110011, customerFirstName=null, customerLastName=null) 
2020-01-21 09:49:17,414 368  [main] INFO  c.p.m.n.s.MerchantPaymentNotificationServiceImpl-:25 - about to get merchant supported services ServerPaymentRequest(isTest=true) 
2020-01-21 12:24:09,805 203  [main] INFO  c.p.m.n.s.MerchantPaymentNotificationServiceImpl-:145 - transaction to be retrieved 
2020-01-21 12:24:47,861 178  [main] INFO  c.p.m.n.s.MerchantPaymentNotificationServiceImpl-:145 - transaction to be retrieved 
2020-01-21 12:25:04,928 179  [main] INFO  c.p.m.n.s.MerchantPaymentNotificationServiceImpl-:145 - transaction to be retrieved 
2020-01-21 12:25:04,933 184  [main] INFO  c.p.m.n.s.MerchantPaymentNotificationServiceImpl-:179 - am here
2020-01-21 12:26:34,625 178  [main] INFO  c.p.m.n.s.MerchantPaymentNotificationServiceImpl-:145 - transaction to be retrieved 
2020-01-21 12:26:34,630 183  [main] INFO  c.p.m.n.s.MerchantPaymentNotificationServiceImpl-:179 - am here
2020-01-21 12:27:13,042 217  [main] INFO  c.p.m.n.s.MerchantPaymentNotificationServiceImpl-:145 - transaction to be retrieved 
2020-01-21 12:27:13,050 225  [main] INFO  c.p.m.n.s.MerchantPaymentNotificationServiceImpl-:179 - am here
2020-01-21 12:29:44,705 186  [main] INFO  c.p.m.n.s.MerchantPaymentNotificationServiceImpl-:145 - transaction to be retrieved 
2020-01-21 12:30:18,457 178  [main] INFO  c.p.m.n.s.MerchantPaymentNotificationServiceImpl-:145 - transaction to be retrieved 
2020-01-21 12:30:18,462 183  [main] INFO  c.p.m.n.s.MerchantPaymentNotificationServiceImpl-:176 - found transaction BP-C_2018061315273249_1448479_XBFJX 
2020-01-21 13:23:02,032 505  [main] INFO  c.p.m.n.s.MerchantPaymentNotificationServiceImpl-:142 - submit transaction request SubmitTransactionRequest(transaction=null) 
2020-01-21 13:38:27,418 300  [main] INFO  c.p.m.n.s.MerchantPaymentNotificationServiceImpl-:142 - submit transaction request SubmitTransactionRequest(transaction=Transaction(merchantAmount=null, utcTransactionDateTime=null, channel=null, description=null, services=null, transactionType=null, pagaTransactionId=null, totalAmount=null, isCredit=false, customerReference=null, customerFirstName=null, merchantTransactionId=1212111, currency=null, customerLastName=null, customerPhoneNumber=null)) 
2020-01-21 13:38:27,426 308  [main] INFO  c.p.m.n.s.MerchantPaymentNotificationServiceImpl-:160 - transaction to be retrieved 
2020-01-21 13:38:27,428 310  [main] INFO  c.p.m.n.s.MerchantPaymentNotificationServiceImpl-:152 - transaction already exist
2020-01-21 13:43:01,619 297  [main] INFO  c.p.m.n.s.MerchantPaymentNotificationServiceImpl-:160 - transaction to be retrieved 
2020-01-21 13:43:01,632 310  [main] INFO  c.p.m.n.s.MerchantPaymentNotificationServiceImpl-:191 - found transaction BP-C_2018061315273249_1448479_XBFJX 
2020-01-21 13:43:19,105 214  [main] INFO  c.p.m.n.s.MerchantPaymentNotificationServiceImpl-:160 - transaction to be retrieved 
2020-01-21 13:45:54,481 303  [main] INFO  c.p.m.n.s.MerchantPaymentNotificationServiceImpl-:156 - transaction to be retrieved 
2020-01-21 13:46:13,272 292  [main] INFO  c.p.m.n.s.MerchantPaymentNotificationServiceImpl-:139 - submit transaction request SubmitTransactionRequest(transaction=Transaction(merchantAmount=null, utcTransactionDateTime=null, channel=null, description=null, services=null, transactionType=null, pagaTransactionId=null, totalAmount=null, isCredit=false, customerReference=null, customerFirstName=null, merchantTransactionId=1212111, currency=null, customerLastName=null, customerPhoneNumber=null)) 
2020-01-21 13:46:13,283 303  [main] INFO  c.p.m.n.s.MerchantPaymentNotificationServiceImpl-:156 - transaction to be retrieved 
2020-01-21 13:46:40,123 232  [main] INFO  c.p.m.n.s.MerchantPaymentNotificationServiceImpl-:139 - submit transaction request SubmitTransactionRequest(transaction=Transaction(merchantAmount=null, utcTransactionDateTime=null, channel=null, description=null, services=null, transactionType=null, pagaTransactionId=null, totalAmount=null, isCredit=false, customerReference=null, customerFirstName=null, merchantTransactionId=BP-C_2018061315273249_1448479_XBFJX, currency=null, customerLastName=null, customerPhoneNumber=null)) 
2020-01-21 13:46:40,129 238  [main] INFO  c.p.m.n.s.MerchantPaymentNotificationServiceImpl-:156 - transaction to be retrieved 
2020-01-21 13:46:40,131 240  [main] INFO  c.p.m.n.s.MerchantPaymentNotificationServiceImpl-:187 - found transaction BP-C_2018061315273249_1448479_XBFJX 
2020-01-21 14:00:34,598 249  [main] INFO  c.p.m.n.s.MerchantPaymentNotificationServiceImpl-:139 - submit transaction request SubmitTransactionRequest(transaction=Transaction(merchantAmount=null, utcTransactionDateTime=null, channel=null, description=null, services=null, transactionType=null, pagaTransactionId=null, totalAmount=null, isCredit=false, customerReference=null, customerFirstName=null, merchantTransactionId=BP-C_2018061315273249_1448479_XBFJX, currency=null, customerLastName=null, customerPhoneNumber=null)) 
2020-01-21 14:00:34,608 259  [main] INFO  c.p.m.n.s.MerchantPaymentNotificationServiceImpl-:156 - transaction to be retrieved 
2020-01-21 14:00:34,610 261  [main] INFO  c.p.m.n.s.MerchantPaymentNotificationServiceImpl-:187 - found transaction BP-C_2018061315273249_1448479_XBFJX 
2020-01-21 14:47:40,719 288  [main] INFO  c.p.m.n.s.MerchantPaymentNotificationServiceImpl-:140 - submit transaction request SubmitTransactionRequest(transaction=Transaction(merchantAmount=null, utcTransactionDateTime=null, channel=null, description=null, services=null, transactionType=null, pagaTransactionId=null, totalAmount=null, isCredit=false, customerReference=null, customerFirstName=null, merchantTransactionId=BP-C_2018061315273249_1448479_XBFJX, currency=null, customerLastName=null, customerPhoneNumber=null)) 
2020-01-21 14:47:40,727 296  [main] INFO  c.p.m.n.s.MerchantPaymentNotificationServiceImpl-:156 - transaction to be retrieved 
2020-01-21 14:47:40,729 298  [main] INFO  c.p.m.n.s.MerchantPaymentNotificationServiceImpl-:187 - found transaction BP-C_2018061315273249_1448479_XBFJX 
2020-01-21 14:47:48,431 255  [main] INFO  c.p.m.n.s.MerchantPaymentNotificationServiceImpl-:140 - submit transaction request SubmitTransactionRequest(transaction=Transaction(merchantAmount=null, utcTransactionDateTime=null, channel=null, description=null, services=null, transactionType=null, pagaTransactionId=null, totalAmount=null, isCredit=false, customerReference=null, customerFirstName=null, merchantTransactionId=BP-C_2018061315273249_1448479_XBFJX, currency=null, customerLastName=null, customerPhoneNumber=null)) 
2020-01-21 14:47:48,435 259  [main] INFO  c.p.m.n.s.MerchantPaymentNotificationServiceImpl-:156 - transaction to be retrieved 
2020-01-21 14:47:48,437 261  [main] INFO  c.p.m.n.s.MerchantPaymentNotificationServiceImpl-:187 - found transaction BP-C_2018061315273249_1448479_XBFJX 
2020-01-21 15:11:57,494 275  [main] INFO  c.p.m.n.s.MerchantPaymentNotificationServiceImpl-:140 - submit transaction request SubmitTransactionRequest(transaction=Transaction(merchantAmount=null, utcTransactionDateTime=null, channel=null, description=null, services=null, transactionType=null, pagaTransactionId=null, totalAmount=null, isCredit=false, customerReference=null, customerFirstName=null, merchantTransactionId=BP-C_2018061315273249_1448479_XBFJX, currency=null, customerLastName=null, customerPhoneNumber=null)) 
2020-01-21 15:17:06,177 244  [main] INFO  c.p.m.n.s.MerchantPaymentNotificationServiceImpl-:140 - submit transaction request SubmitTransactionRequest(transaction=Transaction(merchantAmount=980, utcTransactionDateTime=2019-06-13T15:27:32, channel=ONLINE, description=Customer Bill Payment, services=[ServiceResponse(productCode=111001, price=800, name=Race-Cars, isPublic=true, shortCode=Race101), ServiceResponse(productCode=111002, price=1500, name=Adventure, isPublic=true, shortCode=Adventure101)], transactionType=BILL_PAY, pagaTransactionId=wxyxq, totalAmount=1000, isCredit=true, customerReference=1300110011, customerFirstName=James, merchantTransactionId=BP-C_2018061315273249_1448479_XBFJX, currency=NGN, customerLastName=Femi, customerPhoneNumber=08090090090)) 
2020-01-21 15:17:06,185 252  [main] INFO  c.p.m.n.s.MerchantPaymentNotificationServiceImpl-:173 - transaction to be retrieved 
2020-01-21 15:17:06,186 253  [main] INFO  c.p.m.n.s.MerchantPaymentNotificationServiceImpl-:204 - found transaction BP-C_2018061315273249_1448479_XBFJX 
2020-01-21 15:17:14,304 230  [main] INFO  c.p.m.n.s.MerchantPaymentNotificationServiceImpl-:140 - submit transaction request SubmitTransactionRequest(transaction=Transaction(merchantAmount=980, utcTransactionDateTime=2019-06-13T15:27:32, channel=ONLINE, description=Customer Bill Payment, services=[ServiceResponse(productCode=111001, price=800, name=Race-Cars, isPublic=true, shortCode=Race101), ServiceResponse(productCode=111002, price=1500, name=Adventure, isPublic=true, shortCode=Adventure101)], transactionType=BILL_PAY, pagaTransactionId=wxyxq, totalAmount=1000, isCredit=true, customerReference=1300110011, customerFirstName=James, merchantTransactionId=BP-C, currency=NGN, customerLastName=Femi, customerPhoneNumber=08090090090)) 
2020-01-21 15:17:14,310 236  [main] INFO  c.p.m.n.s.MerchantPaymentNotificationServiceImpl-:173 - transaction to be retrieved 
2020-01-21 15:45:24,529 388  [main] INFO  o.s.b.t.c.SpringBootTestContextBootstrapper-:308 - Neither @ContextConfiguration nor @ContextHierarchy found for test class [com.pagatech.merchant.notification.MerchantPaymentNotificationIntegrationTest], using SpringBootContextLoader
2020-01-21 15:45:24,541 400  [main] INFO  o.s.t.c.s.AbstractContextLoader-:264 - Could not detect default resource locations for test class [com.pagatech.merchant.notification.MerchantPaymentNotificationIntegrationTest]: no resource found for suffixes {-context.xml, Context.groovy}.
2020-01-21 15:45:24,543 402  [main] INFO  o.s.t.c.s.AnnotationConfigContextLoaderUtils-:83 - Could not detect default configuration classes for test class [com.pagatech.merchant.notification.MerchantPaymentNotificationIntegrationTest]: MerchantPaymentNotificationIntegrationTest does not declare any static, non-private, non-final, nested classes annotated with @Configuration.
2020-01-21 15:45:24,859 718  [main] INFO  o.s.b.t.c.SpringBootTestContextBootstrapper-:235 - Found @SpringBootConfiguration com.pagatech.merchant.notification.MerchantNotificationServiceApplication for test class com.pagatech.merchant.notification.MerchantPaymentNotificationIntegrationTest
2020-01-21 15:45:25,097 956  [main] INFO  o.s.b.t.c.SpringBootTestContextBootstrapper-:248 - Loaded default TestExecutionListener class names from location [META-INF/spring.factories]: [org.springframework.boot.test.autoconfigure.restdocs.RestDocsTestExecutionListener, org.springframework.boot.test.autoconfigure.web.client.MockRestServiceServerResetTestExecutionListener, org.springframework.boot.test.autoconfigure.web.servlet.MockMvcPrintOnlyOnFailureTestExecutionListener, org.springframework.boot.test.autoconfigure.web.servlet.WebDriverTestExecutionListener, org.springframework.boot.test.mock.mockito.MockitoTestExecutionListener, org.springframework.boot.test.mock.mockito.ResetMocksTestExecutionListener, org.springframework.test.context.web.ServletTestExecutionListener, org.springframework.test.context.support.DirtiesContextBeforeModesTestExecutionListener, org.springframework.test.context.support.DependencyInjectionTestExecutionListener, org.springframework.test.context.support.DirtiesContextTestExecutionListener, org.springframework.test.context.transaction.TransactionalTestExecutionListener, org.springframework.test.context.jdbc.SqlScriptsTestExecutionListener]
2020-01-21 15:45:25,130 989  [main] INFO  o.s.b.t.c.SpringBootTestContextBootstrapper-:177 - Using TestExecutionListeners: [org.springframework.test.context.web.ServletTestExecutionListener@5b799640, org.springframework.test.context.support.DirtiesContextBeforeModesTestExecutionListener@6cb107fd, org.springframework.boot.test.mock.mockito.MockitoTestExecutionListener@710636b0, org.springframework.boot.test.autoconfigure.SpringBootDependencyInjectionTestExecutionListener@3de8f619, org.springframework.test.context.support.DirtiesContextTestExecutionListener@2ab4bc72, org.springframework.test.context.transaction.TransactionalTestExecutionListener@4e5ed836, org.springframework.test.context.jdbc.SqlScriptsTestExecutionListener@eadd4fb, org.springframework.boot.test.autoconfigure.restdocs.RestDocsTestExecutionListener@740fb309, org.springframework.boot.test.autoconfigure.web.client.MockRestServiceServerResetTestExecutionListener@7bd7d6d6, org.springframework.boot.test.autoconfigure.web.servlet.MockMvcPrintOnlyOnFailureTestExecutionListener@43f02ef2, org.springframework.boot.test.autoconfigure.web.servlet.WebDriverTestExecutionListener@239a307b, org.springframework.boot.test.mock.mockito.ResetMocksTestExecutionListener@2a8448fa]
2020-01-21 15:45:25,672 1531 [main] INFO  c.p.m.n.MerchantPaymentNotificationIntegrationTest-:50 - Starting MerchantPaymentNotificationIntegrationTest on PagaAdmins-BabsEngineering.local with PID 57326 (started by bowolabi in /Users/bowolabi/IdeaProjects/merchant-notification-service)
2020-01-21 15:45:25,673 1532 [main] DEBUG c.p.m.n.MerchantPaymentNotificationIntegrationTest-:53 - Running with Spring Boot v2.1.11.RELEASE, Spring v5.1.12.RELEASE
2020-01-21 15:45:25,674 1533 [main] INFO  c.p.m.n.MerchantPaymentNotificationIntegrationTest-:648 - No active profile set, falling back to default profiles: default
2020-01-21 15:45:27,307 3166 [main] INFO  o.s.c.s.PostProcessorRegistrationDelegate$BeanPostProcessorChecker-:330 - Bean 'org.springframework.hateoas.config.HateoasConfiguration' of type [org.springframework.hateoas.config.HateoasConfiguration$$EnhancerBySpringCGLIB$$3547ab52] is not eligible for getting processed by all BeanPostProcessors (for example: not eligible for auto-proxying)
2020-01-21 15:45:27,953 3812 [main] INFO  o.s.b.w.e.tomcat.TomcatWebServer-:90 - Tomcat initialized with port(s): 0 (http)
2020-01-21 15:45:28,003 3862 [main] INFO  o.a.coyote.http11.Http11NioProtocol-:173 - Initializing ProtocolHandler ["http-nio-auto-1"]
2020-01-21 15:45:28,021 3880 [main] INFO  o.a.catalina.core.StandardService-:173 - Starting service [Tomcat]
2020-01-21 15:45:28,022 3881 [main] INFO  o.a.catalina.core.StandardEngine-:173 - Starting Servlet engine: [Apache Tomcat/9.0.29]
2020-01-21 15:45:28,329 4188 [main] INFO  o.a.c.c.C.[Tomcat].[localhost].[/]-:173 - Initializing Spring embedded WebApplicationContext
2020-01-21 15:45:28,330 4189 [main] INFO  o.s.web.context.ContextLoader-:284 - Root WebApplicationContext: initialization completed in 2627 ms
2020-01-21 15:45:29,787 5646 [main] INFO  o.s.s.w.DefaultSecurityFilterChain-:43 - Creating filter chain: any request, [org.springframework.security.web.context.request.async.WebAsyncManagerIntegrationFilter@42383cb0, org.springframework.security.web.context.SecurityContextPersistenceFilter@69cd1085, org.springframework.security.web.header.HeaderWriterFilter@b5de58f, org.springframework.security.web.authentication.logout.LogoutFilter@2b0e9f30, org.springframework.security.web.authentication.www.BasicAuthenticationFilter@7316523a, org.springframework.security.web.savedrequest.RequestCacheAwareFilter@40fa8766, org.springframework.security.web.servletapi.SecurityContextHolderAwareRequestFilter@4a3bd45b, org.springframework.security.web.authentication.AnonymousAuthenticationFilter@7668892a, org.springframework.security.web.session.SessionManagementFilter@19a20bb2, org.springframework.security.web.access.ExceptionTranslationFilter@9efcd90, org.springframework.security.web.access.intercept.FilterSecurityInterceptor@1e4c6583]
2020-01-21 15:45:30,154 6013 [main] INFO  o.s.s.c.ThreadPoolTaskExecutor-:171 - Initializing ExecutorService 'applicationTaskExecutor'
2020-01-21 15:45:30,436 6295 [main] WARN  o.s.b.a.t.ThymeleafAutoConfiguration$DefaultTemplateResolverConfiguration-:107 - Cannot find template location: classpath:/templates/ (please add some templates or check your Thymeleaf configuration)
2020-01-21 15:45:30,799 6658 [main] INFO  o.a.c.c.C.[Tomcat].[localhost].[/]-:173 - Initializing Spring TestDispatcherServlet ''
2020-01-21 15:45:30,800 6659 [main] INFO  o.s.t.w.s.TestDispatcherServlet-:525 - Initializing Servlet ''
2020-01-21 15:45:30,815 6674 [main] INFO  o.s.t.w.s.TestDispatcherServlet-:547 - Completed initialization in 15 ms
2020-01-21 15:45:30,870 6729 [main] INFO  o.a.coyote.http11.Http11NioProtocol-:173 - Starting ProtocolHandler ["http-nio-auto-1"]
2020-01-21 15:45:30,912 6771 [main] INFO  o.s.b.w.e.tomcat.TomcatWebServer-:202 - Tomcat started on port(s): 62347 (http) with context path ''
2020-01-21 15:45:30,917 6776 [main] INFO  c.p.m.n.MerchantPaymentNotificationIntegrationTest-:59 - Started MerchantPaymentNotificationIntegrationTest in 5.73 seconds (JVM running for 8.039)
2020-01-21 15:45:31,405 7264 [http-nio-auto-1-exec-1] INFO  o.a.c.c.C.[Tomcat].[localhost].[/]-:173 - Initializing Spring DispatcherServlet 'dispatcherServlet'
2020-01-21 15:45:31,405 7264 [http-nio-auto-1-exec-1] INFO  o.s.web.servlet.DispatcherServlet-:525 - Initializing Servlet 'dispatcherServlet'
2020-01-21 15:45:31,409 7268 [http-nio-auto-1-exec-1] INFO  o.s.web.servlet.DispatcherServlet-:547 - Completed initialization in 3 ms
2020-01-21 15:45:31,513 7372 [Thread-4] INFO  o.s.s.c.ThreadPoolTaskExecutor-:208 - Shutting down ExecutorService 'applicationTaskExecutor'
2020-01-21 15:55:19,873 474  [main] INFO  o.s.b.t.c.SpringBootTestContextBootstrapper-:308 - Neither @ContextConfiguration nor @ContextHierarchy found for test class [com.pagatech.merchant.notification.MerchantPaymentNotificationIntegrationTest], using SpringBootContextLoader
2020-01-21 15:55:19,884 485  [main] INFO  o.s.t.c.s.AbstractContextLoader-:264 - Could not detect default resource locations for test class [com.pagatech.merchant.notification.MerchantPaymentNotificationIntegrationTest]: no resource found for suffixes {-context.xml, Context.groovy}.
2020-01-21 15:55:19,886 487  [main] INFO  o.s.t.c.s.AnnotationConfigContextLoaderUtils-:83 - Could not detect default configuration classes for test class [com.pagatech.merchant.notification.MerchantPaymentNotificationIntegrationTest]: MerchantPaymentNotificationIntegrationTest does not declare any static, non-private, non-final, nested classes annotated with @Configuration.
2020-01-21 15:55:20,105 706  [main] INFO  o.s.b.t.c.SpringBootTestContextBootstrapper-:235 - Found @SpringBootConfiguration com.pagatech.merchant.notification.MerchantNotificationServiceApplication for test class com.pagatech.merchant.notification.MerchantPaymentNotificationIntegrationTest
2020-01-21 15:55:20,250 851  [main] INFO  o.s.b.t.c.SpringBootTestContextBootstrapper-:248 - Loaded default TestExecutionListener class names from location [META-INF/spring.factories]: [org.springframework.boot.test.autoconfigure.restdocs.RestDocsTestExecutionListener, org.springframework.boot.test.autoconfigure.web.client.MockRestServiceServerResetTestExecutionListener, org.springframework.boot.test.autoconfigure.web.servlet.MockMvcPrintOnlyOnFailureTestExecutionListener, org.springframework.boot.test.autoconfigure.web.servlet.WebDriverTestExecutionListener, org.springframework.boot.test.mock.mockito.MockitoTestExecutionListener, org.springframework.boot.test.mock.mockito.ResetMocksTestExecutionListener, org.springframework.test.context.web.ServletTestExecutionListener, org.springframework.test.context.support.DirtiesContextBeforeModesTestExecutionListener, org.springframework.test.context.support.DependencyInjectionTestExecutionListener, org.springframework.test.context.support.DirtiesContextTestExecutionListener, org.springframework.test.context.transaction.TransactionalTestExecutionListener, org.springframework.test.context.jdbc.SqlScriptsTestExecutionListener]
2020-01-21 15:55:20,276 877  [main] INFO  o.s.b.t.c.SpringBootTestContextBootstrapper-:177 - Using TestExecutionListeners: [org.springframework.test.context.web.ServletTestExecutionListener@239a307b, org.springframework.test.context.support.DirtiesContextBeforeModesTestExecutionListener@2a8448fa, org.springframework.boot.test.mock.mockito.MockitoTestExecutionListener@6f204a1a, org.springframework.boot.test.autoconfigure.SpringBootDependencyInjectionTestExecutionListener@2de56eb2, org.springframework.test.context.support.DirtiesContextTestExecutionListener@5f8e8a9d, org.springframework.test.context.transaction.TransactionalTestExecutionListener@5745ca0e, org.springframework.test.context.jdbc.SqlScriptsTestExecutionListener@3ad83a66, org.springframework.boot.test.autoconfigure.restdocs.RestDocsTestExecutionListener@3cce5371, org.springframework.boot.test.autoconfigure.web.client.MockRestServiceServerResetTestExecutionListener@17bffc17, org.springframework.boot.test.autoconfigure.web.servlet.MockMvcPrintOnlyOnFailureTestExecutionListener@6e535154, org.springframework.boot.test.autoconfigure.web.servlet.WebDriverTestExecutionListener@15a34df2, org.springframework.boot.test.mock.mockito.ResetMocksTestExecutionListener@5b38c1ec]
2020-01-21 15:57:34,718 297  [main] INFO  o.s.b.t.c.SpringBootTestContextBootstrapper-:308 - Neither @ContextConfiguration nor @ContextHierarchy found for test class [com.pagatech.merchant.notification.MerchantPaymentNotificationIntegrationTest], using SpringBootContextLoader
2020-01-21 15:57:34,731 310  [main] INFO  o.s.t.c.s.AbstractContextLoader-:264 - Could not detect default resource locations for test class [com.pagatech.merchant.notification.MerchantPaymentNotificationIntegrationTest]: no resource found for suffixes {-context.xml, Context.groovy}.
2020-01-21 15:57:34,733 312  [main] INFO  o.s.t.c.s.AnnotationConfigContextLoaderUtils-:83 - Could not detect default configuration classes for test class [com.pagatech.merchant.notification.MerchantPaymentNotificationIntegrationTest]: MerchantPaymentNotificationIntegrationTest does not declare any static, non-private, non-final, nested classes annotated with @Configuration.
2020-01-21 15:57:34,937 516  [main] INFO  o.s.b.t.c.SpringBootTestContextBootstrapper-:235 - Found @SpringBootConfiguration com.pagatech.merchant.notification.MerchantNotificationServiceApplication for test class com.pagatech.merchant.notification.MerchantPaymentNotificationIntegrationTest
2020-01-21 15:57:35,069 648  [main] INFO  o.s.b.t.c.SpringBootTestContextBootstrapper-:248 - Loaded default TestExecutionListener class names from location [META-INF/spring.factories]: [org.springframework.boot.test.autoconfigure.restdocs.RestDocsTestExecutionListener, org.springframework.boot.test.autoconfigure.web.client.MockRestServiceServerResetTestExecutionListener, org.springframework.boot.test.autoconfigure.web.servlet.MockMvcPrintOnlyOnFailureTestExecutionListener, org.springframework.boot.test.autoconfigure.web.servlet.WebDriverTestExecutionListener, org.springframework.boot.test.mock.mockito.MockitoTestExecutionListener, org.springframework.boot.test.mock.mockito.ResetMocksTestExecutionListener, org.springframework.test.context.web.ServletTestExecutionListener, org.springframework.test.context.support.DirtiesContextBeforeModesTestExecutionListener, org.springframework.test.context.support.DependencyInjectionTestExecutionListener, org.springframework.test.context.support.DirtiesContextTestExecutionListener, org.springframework.test.context.transaction.TransactionalTestExecutionListener, org.springframework.test.context.jdbc.SqlScriptsTestExecutionListener]
2020-01-21 15:57:35,090 669  [main] INFO  o.s.b.t.c.SpringBootTestContextBootstrapper-:177 - Using TestExecutionListeners: [org.springframework.test.context.web.ServletTestExecutionListener@239a307b, org.springframework.test.context.support.DirtiesContextBeforeModesTestExecutionListener@2a8448fa, org.springframework.boot.test.mock.mockito.MockitoTestExecutionListener@6f204a1a, org.springframework.boot.test.autoconfigure.SpringBootDependencyInjectionTestExecutionListener@2de56eb2, org.springframework.test.context.support.DirtiesContextTestExecutionListener@5f8e8a9d, org.springframework.test.context.transaction.TransactionalTestExecutionListener@5745ca0e, org.springframework.test.context.jdbc.SqlScriptsTestExecutionListener@3ad83a66, org.springframework.boot.test.autoconfigure.restdocs.RestDocsTestExecutionListener@3cce5371, org.springframework.boot.test.autoconfigure.web.client.MockRestServiceServerResetTestExecutionListener@17bffc17, org.springframework.boot.test.autoconfigure.web.servlet.MockMvcPrintOnlyOnFailureTestExecutionListener@6e535154, org.springframework.boot.test.autoconfigure.web.servlet.WebDriverTestExecutionListener@15a34df2, org.springframework.boot.test.mock.mockito.ResetMocksTestExecutionListener@5b38c1ec]
2020-01-21 15:57:55,557 21136 [main] INFO  c.p.m.n.MerchantPaymentNotificationIntegrationTest-:50 - Starting MerchantPaymentNotificationIntegrationTest on PagaAdmins-BabsEngineering.local with PID 57439 (started by bowolabi in /Users/bowolabi/IdeaProjects/merchant-notification-service)
2020-01-21 15:57:55,558 21137 [main] DEBUG c.p.m.n.MerchantPaymentNotificationIntegrationTest-:53 - Running with Spring Boot v2.1.11.RELEASE, Spring v5.1.12.RELEASE
2020-01-21 15:57:55,559 21138 [main] INFO  c.p.m.n.MerchantPaymentNotificationIntegrationTest-:648 - No active profile set, falling back to default profiles: default
2020-01-21 15:57:56,459 22038 [main] INFO  o.s.c.s.PostProcessorRegistrationDelegate$BeanPostProcessorChecker-:330 - Bean 'org.springframework.hateoas.config.HateoasConfiguration' of type [org.springframework.hateoas.config.HateoasConfiguration$$EnhancerBySpringCGLIB$$704e8719] is not eligible for getting processed by all BeanPostProcessors (for example: not eligible for auto-proxying)
2020-01-21 15:57:56,876 22455 [main] INFO  o.s.b.w.e.tomcat.TomcatWebServer-:90 - Tomcat initialized with port(s): 0 (http)
2020-01-21 15:57:56,893 22472 [main] INFO  o.a.coyote.http11.Http11NioProtocol-:173 - Initializing ProtocolHandler ["http-nio-auto-1"]
2020-01-21 15:57:56,904 22483 [main] INFO  o.a.catalina.core.StandardService-:173 - Starting service [Tomcat]
2020-01-21 15:57:56,904 22483 [main] INFO  o.a.catalina.core.StandardEngine-:173 - Starting Servlet engine: [Apache Tomcat/9.0.29]
2020-01-21 15:57:57,018 22597 [main] INFO  o.a.c.c.C.[Tomcat].[localhost].[/]-:173 - Initializing Spring embedded WebApplicationContext
2020-01-21 15:57:57,019 22598 [main] INFO  o.s.web.context.ContextLoader-:284 - Root WebApplicationContext: initialization completed in 1449 ms
2020-01-21 15:57:57,935 23514 [main] INFO  o.s.s.w.DefaultSecurityFilterChain-:43 - Creating filter chain: any request, [org.springframework.security.web.context.request.async.WebAsyncManagerIntegrationFilter@7b477141, org.springframework.security.web.context.SecurityContextPersistenceFilter@5b9499fe, org.springframework.security.web.header.HeaderWriterFilter@5de5e95, org.springframework.security.web.authentication.logout.LogoutFilter@4ecd00b5, org.springframework.security.web.authentication.www.BasicAuthenticationFilter@2f382a5e, org.springframework.security.web.savedrequest.RequestCacheAwareFilter@52a33c3f, org.springframework.security.web.servletapi.SecurityContextHolderAwareRequestFilter@40fa8766, org.springframework.security.web.authentication.AnonymousAuthenticationFilter@784223e9, org.springframework.security.web.session.SessionManagementFilter@6587305a, org.springframework.security.web.access.ExceptionTranslationFilter@314b9e4b, org.springframework.security.web.access.intercept.FilterSecurityInterceptor@7ed3df3b]
2020-01-21 15:57:58,194 23773 [main] INFO  o.s.s.c.ThreadPoolTaskExecutor-:171 - Initializing ExecutorService 'applicationTaskExecutor'
2020-01-21 15:57:58,419 23998 [main] WARN  o.s.b.a.t.ThymeleafAutoConfiguration$DefaultTemplateResolverConfiguration-:107 - Cannot find template location: classpath:/templates/ (please add some templates or check your Thymeleaf configuration)
2020-01-21 15:57:58,680 24259 [main] INFO  o.a.c.c.C.[Tomcat].[localhost].[/]-:173 - Initializing Spring TestDispatcherServlet ''
2020-01-21 15:57:58,680 24259 [main] INFO  o.s.t.w.s.TestDispatcherServlet-:525 - Initializing Servlet ''
2020-01-21 15:57:58,693 24272 [main] INFO  o.s.t.w.s.TestDispatcherServlet-:547 - Completed initialization in 13 ms
2020-01-21 15:57:58,732 24311 [main] INFO  o.a.coyote.http11.Http11NioProtocol-:173 - Starting ProtocolHandler ["http-nio-auto-1"]
2020-01-21 15:57:58,763 24342 [main] INFO  o.s.b.w.e.tomcat.TomcatWebServer-:202 - Tomcat started on port(s): 62965 (http) with context path ''
2020-01-21 15:57:58,768 24347 [main] INFO  c.p.m.n.MerchantPaymentNotificationIntegrationTest-:59 - Started MerchantPaymentNotificationIntegrationTest in 23.641 seconds (JVM running for 24.994)
2020-01-21 15:57:59,078 24657 [http-nio-auto-1-exec-1] INFO  o.a.c.c.C.[Tomcat].[localhost].[/]-:173 - Initializing Spring DispatcherServlet 'dispatcherServlet'
2020-01-21 15:57:59,080 24659 [http-nio-auto-1-exec-1] INFO  o.s.web.servlet.DispatcherServlet-:525 - Initializing Servlet 'dispatcherServlet'
2020-01-21 15:57:59,083 24662 [http-nio-auto-1-exec-1] INFO  o.s.web.servlet.DispatcherServlet-:547 - Completed initialization in 3 ms
2020-01-21 15:57:59,378 24957 [Thread-4] INFO  o.s.s.c.ThreadPoolTaskExecutor-:208 - Shutting down ExecutorService 'applicationTaskExecutor'
2020-01-21 16:01:14,422 373  [main] INFO  o.s.b.t.c.SpringBootTestContextBootstrapper-:308 - Neither @ContextConfiguration nor @ContextHierarchy found for test class [com.pagatech.merchant.notification.MerchantPaymentNotificationIntegrationTest], using SpringBootContextLoader
2020-01-21 16:01:14,432 383  [main] INFO  o.s.t.c.s.AbstractContextLoader-:264 - Could not detect default resource locations for test class [com.pagatech.merchant.notification.MerchantPaymentNotificationIntegrationTest]: no resource found for suffixes {-context.xml, Context.groovy}.
2020-01-21 16:01:14,434 385  [main] INFO  o.s.t.c.s.AnnotationConfigContextLoaderUtils-:83 - Could not detect default configuration classes for test class [com.pagatech.merchant.notification.MerchantPaymentNotificationIntegrationTest]: MerchantPaymentNotificationIntegrationTest does not declare any static, non-private, non-final, nested classes annotated with @Configuration.
2020-01-21 16:01:14,649 600  [main] INFO  o.s.b.t.c.SpringBootTestContextBootstrapper-:235 - Found @SpringBootConfiguration com.pagatech.merchant.notification.MerchantNotificationServiceApplication for test class com.pagatech.merchant.notification.MerchantPaymentNotificationIntegrationTest
2020-01-21 16:01:14,794 745  [main] INFO  o.s.b.t.c.SpringBootTestContextBootstrapper-:248 - Loaded default TestExecutionListener class names from location [META-INF/spring.factories]: [org.springframework.boot.test.autoconfigure.restdocs.RestDocsTestExecutionListener, org.springframework.boot.test.autoconfigure.web.client.MockRestServiceServerResetTestExecutionListener, org.springframework.boot.test.autoconfigure.web.servlet.MockMvcPrintOnlyOnFailureTestExecutionListener, org.springframework.boot.test.autoconfigure.web.servlet.WebDriverTestExecutionListener, org.springframework.boot.test.mock.mockito.MockitoTestExecutionListener, org.springframework.boot.test.mock.mockito.ResetMocksTestExecutionListener, org.springframework.test.context.web.ServletTestExecutionListener, org.springframework.test.context.support.DirtiesContextBeforeModesTestExecutionListener, org.springframework.test.context.support.DependencyInjectionTestExecutionListener, org.springframework.test.context.support.DirtiesContextTestExecutionListener, org.springframework.test.context.transaction.TransactionalTestExecutionListener, org.springframework.test.context.jdbc.SqlScriptsTestExecutionListener]
2020-01-21 16:01:14,821 772  [main] INFO  o.s.b.t.c.SpringBootTestContextBootstrapper-:177 - Using TestExecutionListeners: [org.springframework.test.context.web.ServletTestExecutionListener@710636b0, org.springframework.test.context.support.DirtiesContextBeforeModesTestExecutionListener@3de8f619, org.springframework.boot.test.mock.mockito.MockitoTestExecutionListener@2ab4bc72, org.springframework.boot.test.autoconfigure.SpringBootDependencyInjectionTestExecutionListener@4e5ed836, org.springframework.test.context.support.DirtiesContextTestExecutionListener@eadd4fb, org.springframework.test.context.transaction.TransactionalTestExecutionListener@740fb309, org.springframework.test.context.jdbc.SqlScriptsTestExecutionListener@7bd7d6d6, org.springframework.boot.test.autoconfigure.restdocs.RestDocsTestExecutionListener@43f02ef2, org.springframework.boot.test.autoconfigure.web.client.MockRestServiceServerResetTestExecutionListener@239a307b, org.springframework.boot.test.autoconfigure.web.servlet.MockMvcPrintOnlyOnFailureTestExecutionListener@2a8448fa, org.springframework.boot.test.autoconfigure.web.servlet.WebDriverTestExecutionListener@6f204a1a, org.springframework.boot.test.mock.mockito.ResetMocksTestExecutionListener@2de56eb2]
2020-01-21 16:01:15,350 1301 [main] INFO  c.p.m.n.MerchantPaymentNotificationIntegrationTest-:50 - Starting MerchantPaymentNotificationIntegrationTest on PagaAdmins-BabsEngineering.local with PID 57446 (started by bowolabi in /Users/bowolabi/IdeaProjects/merchant-notification-service)
2020-01-21 16:01:15,351 1302 [main] DEBUG c.p.m.n.MerchantPaymentNotificationIntegrationTest-:53 - Running with Spring Boot v2.1.11.RELEASE, Spring v5.1.12.RELEASE
2020-01-21 16:01:15,352 1303 [main] INFO  c.p.m.n.MerchantPaymentNotificationIntegrationTest-:648 - No active profile set, falling back to default profiles: default
2020-01-21 16:01:16,674 2625 [main] INFO  o.s.c.s.PostProcessorRegistrationDelegate$BeanPostProcessorChecker-:330 - Bean 'org.springframework.hateoas.config.HateoasConfiguration' of type [org.springframework.hateoas.config.HateoasConfiguration$$EnhancerBySpringCGLIB$$26550aa7] is not eligible for getting processed by all BeanPostProcessors (for example: not eligible for auto-proxying)
2020-01-21 16:01:17,078 3029 [main] INFO  o.s.b.w.e.tomcat.TomcatWebServer-:90 - Tomcat initialized with port(s): 0 (http)
2020-01-21 16:01:17,095 3046 [main] INFO  o.a.coyote.http11.Http11NioProtocol-:173 - Initializing ProtocolHandler ["http-nio-auto-1"]
2020-01-21 16:01:17,109 3060 [main] INFO  o.a.catalina.core.StandardService-:173 - Starting service [Tomcat]
2020-01-21 16:01:17,109 3060 [main] INFO  o.a.catalina.core.StandardEngine-:173 - Starting Servlet engine: [Apache Tomcat/9.0.29]
2020-01-21 16:01:17,239 3190 [main] INFO  o.a.c.c.C.[Tomcat].[localhost].[/]-:173 - Initializing Spring embedded WebApplicationContext
2020-01-21 16:01:17,240 3191 [main] INFO  o.s.web.context.ContextLoader-:284 - Root WebApplicationContext: initialization completed in 1870 ms
2020-01-21 16:01:18,414 4365 [main] INFO  o.s.s.w.DefaultSecurityFilterChain-:43 - Creating filter chain: any request, [org.springframework.security.web.context.request.async.WebAsyncManagerIntegrationFilter@784223e9, org.springframework.security.web.context.SecurityContextPersistenceFilter@74d6736, org.springframework.security.web.header.HeaderWriterFilter@365cdacf, org.springframework.security.web.authentication.logout.LogoutFilter@10947c4e, org.springframework.security.web.authentication.www.BasicAuthenticationFilter@12b5736c, org.springframework.security.web.savedrequest.RequestCacheAwareFilter@668625f5, org.springframework.security.web.servletapi.SecurityContextHolderAwareRequestFilter@67774e29, org.springframework.security.web.authentication.AnonymousAuthenticationFilter@7316523a, org.springframework.security.web.session.SessionManagementFilter@abbe000, org.springframework.security.web.access.ExceptionTranslationFilter@6f1b8544, org.springframework.security.web.access.intercept.FilterSecurityInterceptor@465b38e6]
2020-01-21 16:01:18,710 4661 [main] INFO  o.s.s.c.ThreadPoolTaskExecutor-:171 - Initializing ExecutorService 'applicationTaskExecutor'
2020-01-21 16:01:18,933 4884 [main] WARN  o.s.b.a.t.ThymeleafAutoConfiguration$DefaultTemplateResolverConfiguration-:107 - Cannot find template location: classpath:/templates/ (please add some templates or check your Thymeleaf configuration)
2020-01-21 16:01:19,222 5173 [main] INFO  o.a.c.c.C.[Tomcat].[localhost].[/]-:173 - Initializing Spring TestDispatcherServlet ''
2020-01-21 16:01:19,222 5173 [main] INFO  o.s.t.w.s.TestDispatcherServlet-:525 - Initializing Servlet ''
2020-01-21 16:01:19,237 5188 [main] INFO  o.s.t.w.s.TestDispatcherServlet-:547 - Completed initialization in 15 ms
2020-01-21 16:01:19,279 5230 [main] INFO  o.a.coyote.http11.Http11NioProtocol-:173 - Starting ProtocolHandler ["http-nio-auto-1"]
2020-01-21 16:01:19,314 5265 [main] INFO  o.s.b.w.e.tomcat.TomcatWebServer-:202 - Tomcat started on port(s): 63038 (http) with context path ''
2020-01-21 16:01:19,319 5270 [main] INFO  c.p.m.n.MerchantPaymentNotificationIntegrationTest-:59 - Started MerchantPaymentNotificationIntegrationTest in 4.452 seconds (JVM running for 6.038)
2020-01-21 16:01:19,797 5748 [http-nio-auto-1-exec-1] INFO  o.a.c.c.C.[Tomcat].[localhost].[/]-:173 - Initializing Spring DispatcherServlet 'dispatcherServlet'
2020-01-21 16:01:19,797 5748 [http-nio-auto-1-exec-1] INFO  o.s.web.servlet.DispatcherServlet-:525 - Initializing Servlet 'dispatcherServlet'
2020-01-21 16:01:19,801 5752 [http-nio-auto-1-exec-1] INFO  o.s.web.servlet.DispatcherServlet-:547 - Completed initialization in 4 ms
2020-01-21 16:01:20,315 6266 [http-nio-auto-1-exec-4] INFO  c.p.m.n.s.MerchantPaymentNotificationServiceImpl-:28 - about to get merchant supported services ServerPaymentRequest(isTest=true) 
2020-01-21 16:01:20,332 6283 [Thread-4] INFO  o.s.s.c.ThreadPoolTaskExecutor-:208 - Shutting down ExecutorService 'applicationTaskExecutor'
2020-01-21 16:03:11,062 343  [main] INFO  o.s.b.t.c.SpringBootTestContextBootstrapper-:308 - Neither @ContextConfiguration nor @ContextHierarchy found for test class [com.pagatech.merchant.notification.MerchantPaymentNotificationIntegrationTest], using SpringBootContextLoader
2020-01-21 16:03:11,071 352  [main] INFO  o.s.t.c.s.AbstractContextLoader-:264 - Could not detect default resource locations for test class [com.pagatech.merchant.notification.MerchantPaymentNotificationIntegrationTest]: no resource found for suffixes {-context.xml, Context.groovy}.
2020-01-21 16:03:11,073 354  [main] INFO  o.s.t.c.s.AnnotationConfigContextLoaderUtils-:83 - Could not detect default configuration classes for test class [com.pagatech.merchant.notification.MerchantPaymentNotificationIntegrationTest]: MerchantPaymentNotificationIntegrationTest does not declare any static, non-private, non-final, nested classes annotated with @Configuration.
2020-01-21 16:03:11,261 542  [main] INFO  o.s.b.t.c.SpringBootTestContextBootstrapper-:235 - Found @SpringBootConfiguration com.pagatech.merchant.notification.MerchantNotificationServiceApplication for test class com.pagatech.merchant.notification.MerchantPaymentNotificationIntegrationTest
2020-01-21 16:03:11,384 665  [main] INFO  o.s.b.t.c.SpringBootTestContextBootstrapper-:248 - Loaded default TestExecutionListener class names from location [META-INF/spring.factories]: [org.springframework.boot.test.autoconfigure.restdocs.RestDocsTestExecutionListener, org.springframework.boot.test.autoconfigure.web.client.MockRestServiceServerResetTestExecutionListener, org.springframework.boot.test.autoconfigure.web.servlet.MockMvcPrintOnlyOnFailureTestExecutionListener, org.springframework.boot.test.autoconfigure.web.servlet.WebDriverTestExecutionListener, org.springframework.boot.test.mock.mockito.MockitoTestExecutionListener, org.springframework.boot.test.mock.mockito.ResetMocksTestExecutionListener, org.springframework.test.context.web.ServletTestExecutionListener, org.springframework.test.context.support.DirtiesContextBeforeModesTestExecutionListener, org.springframework.test.context.support.DependencyInjectionTestExecutionListener, org.springframework.test.context.support.DirtiesContextTestExecutionListener, org.springframework.test.context.transaction.TransactionalTestExecutionListener, org.springframework.test.context.jdbc.SqlScriptsTestExecutionListener]
2020-01-21 16:03:11,407 688  [main] INFO  o.s.b.t.c.SpringBootTestContextBootstrapper-:177 - Using TestExecutionListeners: [org.springframework.test.context.web.ServletTestExecutionListener@710636b0, org.springframework.test.context.support.DirtiesContextBeforeModesTestExecutionListener@3de8f619, org.springframework.boot.test.mock.mockito.MockitoTestExecutionListener@2ab4bc72, org.springframework.boot.test.autoconfigure.SpringBootDependencyInjectionTestExecutionListener@4e5ed836, org.springframework.test.context.support.DirtiesContextTestExecutionListener@eadd4fb, org.springframework.test.context.transaction.TransactionalTestExecutionListener@740fb309, org.springframework.test.context.jdbc.SqlScriptsTestExecutionListener@7bd7d6d6, org.springframework.boot.test.autoconfigure.restdocs.RestDocsTestExecutionListener@43f02ef2, org.springframework.boot.test.autoconfigure.web.client.MockRestServiceServerResetTestExecutionListener@239a307b, org.springframework.boot.test.autoconfigure.web.servlet.MockMvcPrintOnlyOnFailureTestExecutionListener@2a8448fa, org.springframework.boot.test.autoconfigure.web.servlet.WebDriverTestExecutionListener@6f204a1a, org.springframework.boot.test.mock.mockito.ResetMocksTestExecutionListener@2de56eb2]
2020-01-21 16:03:11,816 1097 [main] INFO  c.p.m.n.MerchantPaymentNotificationIntegrationTest-:50 - Starting MerchantPaymentNotificationIntegrationTest on PagaAdmins-BabsEngineering.local with PID 57448 (started by bowolabi in /Users/bowolabi/IdeaProjects/merchant-notification-service)
2020-01-21 16:03:11,816 1097 [main] DEBUG c.p.m.n.MerchantPaymentNotificationIntegrationTest-:53 - Running with Spring Boot v2.1.11.RELEASE, Spring v5.1.12.RELEASE
2020-01-21 16:03:11,817 1098 [main] INFO  c.p.m.n.MerchantPaymentNotificationIntegrationTest-:648 - No active profile set, falling back to default profiles: default
2020-01-21 16:03:13,232 2513 [main] INFO  o.s.c.s.PostProcessorRegistrationDelegate$BeanPostProcessorChecker-:330 - Bean 'org.springframework.hateoas.config.HateoasConfiguration' of type [org.springframework.hateoas.config.HateoasConfiguration$$EnhancerBySpringCGLIB$$db158853] is not eligible for getting processed by all BeanPostProcessors (for example: not eligible for auto-proxying)
2020-01-21 16:03:13,769 3050 [main] INFO  o.s.b.w.e.tomcat.TomcatWebServer-:90 - Tomcat initialized with port(s): 0 (http)
2020-01-21 16:03:13,789 3070 [main] INFO  o.a.coyote.http11.Http11NioProtocol-:173 - Initializing ProtocolHandler ["http-nio-auto-1"]
2020-01-21 16:03:13,804 3085 [main] INFO  o.a.catalina.core.StandardService-:173 - Starting service [Tomcat]
2020-01-21 16:03:13,805 3086 [main] INFO  o.a.catalina.core.StandardEngine-:173 - Starting Servlet engine: [Apache Tomcat/9.0.29]
2020-01-21 16:03:13,951 3232 [main] INFO  o.a.c.c.C.[Tomcat].[localhost].[/]-:173 - Initializing Spring embedded WebApplicationContext
2020-01-21 16:03:13,951 3232 [main] INFO  o.s.web.context.ContextLoader-:284 - Root WebApplicationContext: initialization completed in 2113 ms
2020-01-21 16:03:15,201 4482 [main] INFO  o.s.s.w.DefaultSecurityFilterChain-:43 - Creating filter chain: any request, [org.springframework.security.web.context.request.async.WebAsyncManagerIntegrationFilter@539a138b, org.springframework.security.web.context.SecurityContextPersistenceFilter@6587305a, org.springframework.security.web.header.HeaderWriterFilter@6f1b8544, org.springframework.security.web.authentication.logout.LogoutFilter@75156240, org.springframework.security.web.authentication.www.BasicAuthenticationFilter@1015a4b9, org.springframework.security.web.savedrequest.RequestCacheAwareFilter@3f81621c, org.springframework.security.web.servletapi.SecurityContextHolderAwareRequestFilter@3eb3232b, org.springframework.security.web.authentication.AnonymousAuthenticationFilter@2cd4e16a, org.springframework.security.web.session.SessionManagementFilter@2ee83775, org.springframework.security.web.access.ExceptionTranslationFilter@43d3aba5, org.springframework.security.web.access.intercept.FilterSecurityInterceptor@2db2a05f]
2020-01-21 16:03:15,515 4796 [main] INFO  o.s.s.c.ThreadPoolTaskExecutor-:171 - Initializing ExecutorService 'applicationTaskExecutor'
2020-01-21 16:03:15,800 5081 [main] WARN  o.s.b.a.t.ThymeleafAutoConfiguration$DefaultTemplateResolverConfiguration-:107 - Cannot find template location: classpath:/templates/ (please add some templates or check your Thymeleaf configuration)
2020-01-21 16:03:16,153 5434 [main] INFO  o.a.c.c.C.[Tomcat].[localhost].[/]-:173 - Initializing Spring TestDispatcherServlet ''
2020-01-21 16:03:16,154 5435 [main] INFO  o.s.t.w.s.TestDispatcherServlet-:525 - Initializing Servlet ''
2020-01-21 16:03:16,169 5450 [main] INFO  o.s.t.w.s.TestDispatcherServlet-:547 - Completed initialization in 15 ms
2020-01-21 16:03:16,226 5507 [main] INFO  o.a.coyote.http11.Http11NioProtocol-:173 - Starting ProtocolHandler ["http-nio-auto-1"]
2020-01-21 16:03:16,278 5559 [main] INFO  o.s.b.w.e.tomcat.TomcatWebServer-:202 - Tomcat started on port(s): 63091 (http) with context path ''
2020-01-21 16:03:16,283 5564 [main] INFO  c.p.m.n.MerchantPaymentNotificationIntegrationTest-:59 - Started MerchantPaymentNotificationIntegrationTest in 4.844 seconds (JVM running for 6.341)
2020-01-21 16:03:16,669 5950 [http-nio-auto-1-exec-1] INFO  o.a.c.c.C.[Tomcat].[localhost].[/]-:173 - Initializing Spring DispatcherServlet 'dispatcherServlet'
2020-01-21 16:03:16,669 5950 [http-nio-auto-1-exec-1] INFO  o.s.web.servlet.DispatcherServlet-:525 - Initializing Servlet 'dispatcherServlet'
2020-01-21 16:03:16,673 5954 [http-nio-auto-1-exec-1] INFO  o.s.web.servlet.DispatcherServlet-:547 - Completed initialization in 4 ms
2020-01-21 16:03:17,128 6409 [http-nio-auto-1-exec-2] INFO  c.p.m.n.s.MerchantPaymentNotificationServiceImpl-:45 - about to validate customer CustomerValidationRequest(customerAccountNumber=1111111111, customerFirstName=null, customerLastName=null) 
2020-01-21 16:03:17,245 6526 [http-nio-auto-1-exec-4] INFO  c.p.m.n.s.MerchantPaymentNotificationServiceImpl-:28 - about to get merchant supported services ServerPaymentRequest(isTest=true) 
2020-01-21 16:03:17,262 6543 [Thread-4] INFO  o.s.s.c.ThreadPoolTaskExecutor-:208 - Shutting down ExecutorService 'applicationTaskExecutor'
2020-01-21 16:08:19,442 228  [main] INFO  o.s.b.t.c.SpringBootTestContextBootstrapper-:308 - Neither @ContextConfiguration nor @ContextHierarchy found for test class [com.pagatech.merchant.notification.MerchantPaymentNotificationIntegrationTest], using SpringBootContextLoader
2020-01-21 16:08:19,450 236  [main] INFO  o.s.t.c.s.AbstractContextLoader-:264 - Could not detect default resource locations for test class [com.pagatech.merchant.notification.MerchantPaymentNotificationIntegrationTest]: no resource found for suffixes {-context.xml, Context.groovy}.
2020-01-21 16:08:19,451 237  [main] INFO  o.s.t.c.s.AnnotationConfigContextLoaderUtils-:83 - Could not detect default configuration classes for test class [com.pagatech.merchant.notification.MerchantPaymentNotificationIntegrationTest]: MerchantPaymentNotificationIntegrationTest does not declare any static, non-private, non-final, nested classes annotated with @Configuration.
2020-01-21 16:08:19,609 395  [main] INFO  o.s.b.t.c.SpringBootTestContextBootstrapper-:235 - Found @SpringBootConfiguration com.pagatech.merchant.notification.MerchantNotificationServiceApplication for test class com.pagatech.merchant.notification.MerchantPaymentNotificationIntegrationTest
2020-01-21 16:08:19,713 499  [main] INFO  o.s.b.t.c.SpringBootTestContextBootstrapper-:248 - Loaded default TestExecutionListener class names from location [META-INF/spring.factories]: [org.springframework.boot.test.autoconfigure.restdocs.RestDocsTestExecutionListener, org.springframework.boot.test.autoconfigure.web.client.MockRestServiceServerResetTestExecutionListener, org.springframework.boot.test.autoconfigure.web.servlet.MockMvcPrintOnlyOnFailureTestExecutionListener, org.springframework.boot.test.autoconfigure.web.servlet.WebDriverTestExecutionListener, org.springframework.boot.test.mock.mockito.MockitoTestExecutionListener, org.springframework.boot.test.mock.mockito.ResetMocksTestExecutionListener, org.springframework.test.context.web.ServletTestExecutionListener, org.springframework.test.context.support.DirtiesContextBeforeModesTestExecutionListener, org.springframework.test.context.support.DependencyInjectionTestExecutionListener, org.springframework.test.context.support.DirtiesContextTestExecutionListener, org.springframework.test.context.transaction.TransactionalTestExecutionListener, org.springframework.test.context.jdbc.SqlScriptsTestExecutionListener]
2020-01-21 16:08:19,736 522  [main] INFO  o.s.b.t.c.SpringBootTestContextBootstrapper-:177 - Using TestExecutionListeners: [org.springframework.test.context.web.ServletTestExecutionListener@2de56eb2, org.springframework.test.context.support.DirtiesContextBeforeModesTestExecutionListener@5f8e8a9d, org.springframework.boot.test.mock.mockito.MockitoTestExecutionListener@5745ca0e, org.springframework.boot.test.autoconfigure.SpringBootDependencyInjectionTestExecutionListener@3ad83a66, org.springframework.test.context.support.DirtiesContextTestExecutionListener@3cce5371, org.springframework.test.context.transaction.TransactionalTestExecutionListener@17bffc17, org.springframework.test.context.jdbc.SqlScriptsTestExecutionListener@6e535154, org.springframework.boot.test.autoconfigure.restdocs.RestDocsTestExecutionListener@15a34df2, org.springframework.boot.test.autoconfigure.web.client.MockRestServiceServerResetTestExecutionListener@5b38c1ec, org.springframework.boot.test.autoconfigure.web.servlet.MockMvcPrintOnlyOnFailureTestExecutionListener@338fc1d8, org.springframework.boot.test.autoconfigure.web.servlet.WebDriverTestExecutionListener@4722ef0c, org.springframework.boot.test.mock.mockito.ResetMocksTestExecutionListener@48e1f6c7]
2020-01-21 16:08:40,058 20844 [main] INFO  c.p.m.n.MerchantPaymentNotificationIntegrationTest-:50 - Starting MerchantPaymentNotificationIntegrationTest on PagaAdmins-BabsEngineering.local with PID 57473 (started by bowolabi in /Users/bowolabi/IdeaProjects/merchant-notification-service)
2020-01-21 16:08:40,059 20845 [main] DEBUG c.p.m.n.MerchantPaymentNotificationIntegrationTest-:53 - Running with Spring Boot v2.1.11.RELEASE, Spring v5.1.12.RELEASE
2020-01-21 16:08:40,060 20846 [main] INFO  c.p.m.n.MerchantPaymentNotificationIntegrationTest-:648 - No active profile set, falling back to default profiles: default
2020-01-21 16:08:40,876 21662 [main] INFO  o.s.c.s.PostProcessorRegistrationDelegate$BeanPostProcessorChecker-:330 - Bean 'org.springframework.hateoas.config.HateoasConfiguration' of type [org.springframework.hateoas.config.HateoasConfiguration$$EnhancerBySpringCGLIB$$add60b0c] is not eligible for getting processed by all BeanPostProcessors (for example: not eligible for auto-proxying)
2020-01-21 16:08:41,223 22009 [main] INFO  o.s.b.w.e.tomcat.TomcatWebServer-:90 - Tomcat initialized with port(s): 0 (http)
2020-01-21 16:08:41,242 22028 [main] INFO  o.a.coyote.http11.Http11NioProtocol-:173 - Initializing ProtocolHandler ["http-nio-auto-1"]
2020-01-21 16:08:41,253 22039 [main] INFO  o.a.catalina.core.StandardService-:173 - Starting service [Tomcat]
2020-01-21 16:08:41,254 22040 [main] INFO  o.a.catalina.core.StandardEngine-:173 - Starting Servlet engine: [Apache Tomcat/9.0.29]
2020-01-21 16:08:41,474 22260 [main] INFO  o.a.c.c.C.[Tomcat].[localhost].[/]-:173 - Initializing Spring embedded WebApplicationContext
2020-01-21 16:08:41,474 22260 [main] INFO  o.s.web.context.ContextLoader-:284 - Root WebApplicationContext: initialization completed in 1402 ms
2020-01-21 16:08:43,556 24342 [main] INFO  o.s.s.w.DefaultSecurityFilterChain-:43 - Creating filter chain: any request, [org.springframework.security.web.context.request.async.WebAsyncManagerIntegrationFilter@d2e6b0b, org.springframework.security.web.context.SecurityContextPersistenceFilter@34c70b5e, org.springframework.security.web.header.HeaderWriterFilter@3eb3232b, org.springframework.security.web.authentication.logout.LogoutFilter@d535a3d, org.springframework.security.web.authentication.www.BasicAuthenticationFilter@3625a016, org.springframework.security.web.savedrequest.RequestCacheAwareFilter@75156240, org.springframework.security.web.servletapi.SecurityContextHolderAwareRequestFilter@3138953b, org.springframework.security.web.authentication.AnonymousAuthenticationFilter@1f1cddf3, org.springframework.security.web.session.SessionManagementFilter@14fded9d, org.springframework.security.web.access.ExceptionTranslationFilter@52a33c3f, org.springframework.security.web.access.intercept.FilterSecurityInterceptor@2cd4e16a]
2020-01-21 16:08:43,816 24602 [main] INFO  o.s.s.c.ThreadPoolTaskExecutor-:171 - Initializing ExecutorService 'applicationTaskExecutor'
2020-01-21 16:08:44,080 24866 [main] WARN  o.s.b.a.t.ThymeleafAutoConfiguration$DefaultTemplateResolverConfiguration-:107 - Cannot find template location: classpath:/templates/ (please add some templates or check your Thymeleaf configuration)
2020-01-21 16:08:44,409 25195 [main] INFO  o.a.c.c.C.[Tomcat].[localhost].[/]-:173 - Initializing Spring TestDispatcherServlet ''
2020-01-21 16:08:44,409 25195 [main] INFO  o.s.t.w.s.TestDispatcherServlet-:525 - Initializing Servlet ''
2020-01-21 16:08:44,428 25214 [main] INFO  o.s.t.w.s.TestDispatcherServlet-:547 - Completed initialization in 18 ms
2020-01-21 16:08:44,476 25262 [main] INFO  o.a.coyote.http11.Http11NioProtocol-:173 - Starting ProtocolHandler ["http-nio-auto-1"]
2020-01-21 16:08:44,518 25304 [main] INFO  o.s.b.w.e.tomcat.TomcatWebServer-:202 - Tomcat started on port(s): 63440 (http) with context path ''
2020-01-21 16:08:44,523 25309 [main] INFO  c.p.m.n.MerchantPaymentNotificationIntegrationTest-:59 - Started MerchantPaymentNotificationIntegrationTest in 24.754 seconds (JVM running for 25.856)
2020-01-21 16:08:45,004 25790 [http-nio-auto-1-exec-1] INFO  o.a.c.c.C.[Tomcat].[localhost].[/]-:173 - Initializing Spring DispatcherServlet 'dispatcherServlet'
2020-01-21 16:08:45,005 25791 [http-nio-auto-1-exec-1] INFO  o.s.web.servlet.DispatcherServlet-:525 - Initializing Servlet 'dispatcherServlet'
2020-01-21 16:08:45,009 25795 [http-nio-auto-1-exec-1] INFO  o.s.web.servlet.DispatcherServlet-:547 - Completed initialization in 4 ms
2020-01-21 16:08:45,439 26225 [Thread-4] INFO  o.s.s.c.ThreadPoolTaskExecutor-:208 - Shutting down ExecutorService 'applicationTaskExecutor'
2020-01-21 16:11:22,166 222  [main] INFO  o.s.b.t.c.SpringBootTestContextBootstrapper-:308 - Neither @ContextConfiguration nor @ContextHierarchy found for test class [com.pagatech.merchant.notification.MerchantPaymentNotificationIntegrationTest], using SpringBootContextLoader
2020-01-21 16:11:22,175 231  [main] INFO  o.s.t.c.s.AbstractContextLoader-:264 - Could not detect default resource locations for test class [com.pagatech.merchant.notification.MerchantPaymentNotificationIntegrationTest]: no resource found for suffixes {-context.xml, Context.groovy}.
2020-01-21 16:11:22,177 233  [main] INFO  o.s.t.c.s.AnnotationConfigContextLoaderUtils-:83 - Could not detect default configuration classes for test class [com.pagatech.merchant.notification.MerchantPaymentNotificationIntegrationTest]: MerchantPaymentNotificationIntegrationTest does not declare any static, non-private, non-final, nested classes annotated with @Configuration.
2020-01-21 16:11:22,391 447  [main] INFO  o.s.b.t.c.SpringBootTestContextBootstrapper-:235 - Found @SpringBootConfiguration com.pagatech.merchant.notification.MerchantNotificationServiceApplication for test class com.pagatech.merchant.notification.MerchantPaymentNotificationIntegrationTest
2020-01-21 16:11:22,526 582  [main] INFO  o.s.b.t.c.SpringBootTestContextBootstrapper-:248 - Loaded default TestExecutionListener class names from location [META-INF/spring.factories]: [org.springframework.boot.test.autoconfigure.restdocs.RestDocsTestExecutionListener, org.springframework.boot.test.autoconfigure.web.client.MockRestServiceServerResetTestExecutionListener, org.springframework.boot.test.autoconfigure.web.servlet.MockMvcPrintOnlyOnFailureTestExecutionListener, org.springframework.boot.test.autoconfigure.web.servlet.WebDriverTestExecutionListener, org.springframework.boot.test.mock.mockito.MockitoTestExecutionListener, org.springframework.boot.test.mock.mockito.ResetMocksTestExecutionListener, org.springframework.test.context.web.ServletTestExecutionListener, org.springframework.test.context.support.DirtiesContextBeforeModesTestExecutionListener, org.springframework.test.context.support.DependencyInjectionTestExecutionListener, org.springframework.test.context.support.DirtiesContextTestExecutionListener, org.springframework.test.context.transaction.TransactionalTestExecutionListener, org.springframework.test.context.jdbc.SqlScriptsTestExecutionListener]
2020-01-21 16:11:22,550 606  [main] INFO  o.s.b.t.c.SpringBootTestContextBootstrapper-:177 - Using TestExecutionListeners: [org.springframework.test.context.web.ServletTestExecutionListener@2de56eb2, org.springframework.test.context.support.DirtiesContextBeforeModesTestExecutionListener@5f8e8a9d, org.springframework.boot.test.mock.mockito.MockitoTestExecutionListener@5745ca0e, org.springframework.boot.test.autoconfigure.SpringBootDependencyInjectionTestExecutionListener@3ad83a66, org.springframework.test.context.support.DirtiesContextTestExecutionListener@3cce5371, org.springframework.test.context.transaction.TransactionalTestExecutionListener@17bffc17, org.springframework.test.context.jdbc.SqlScriptsTestExecutionListener@6e535154, org.springframework.boot.test.autoconfigure.restdocs.RestDocsTestExecutionListener@15a34df2, org.springframework.boot.test.autoconfigure.web.client.MockRestServiceServerResetTestExecutionListener@5b38c1ec, org.springframework.boot.test.autoconfigure.web.servlet.MockMvcPrintOnlyOnFailureTestExecutionListener@338fc1d8, org.springframework.boot.test.autoconfigure.web.servlet.WebDriverTestExecutionListener@4722ef0c, org.springframework.boot.test.mock.mockito.ResetMocksTestExecutionListener@48e1f6c7]
2020-01-21 16:11:42,931 20987 [main] INFO  c.p.m.n.MerchantPaymentNotificationIntegrationTest-:50 - Starting MerchantPaymentNotificationIntegrationTest on PagaAdmins-BabsEngineering.local with PID 57479 (started by bowolabi in /Users/bowolabi/IdeaProjects/merchant-notification-service)
2020-01-21 16:11:42,931 20987 [main] DEBUG c.p.m.n.MerchantPaymentNotificationIntegrationTest-:53 - Running with Spring Boot v2.1.11.RELEASE, Spring v5.1.12.RELEASE
2020-01-21 16:11:42,932 20988 [main] INFO  c.p.m.n.MerchantPaymentNotificationIntegrationTest-:648 - No active profile set, falling back to default profiles: default
2020-01-21 16:11:43,784 21840 [main] INFO  o.s.c.s.PostProcessorRegistrationDelegate$BeanPostProcessorChecker-:330 - Bean 'org.springframework.hateoas.config.HateoasConfiguration' of type [org.springframework.hateoas.config.HateoasConfiguration$$EnhancerBySpringCGLIB$$b7ffc710] is not eligible for getting processed by all BeanPostProcessors (for example: not eligible for auto-proxying)
2020-01-21 16:11:44,195 22251 [main] INFO  o.s.b.w.e.tomcat.TomcatWebServer-:90 - Tomcat initialized with port(s): 0 (http)
2020-01-21 16:11:44,212 22268 [main] INFO  o.a.coyote.http11.Http11NioProtocol-:173 - Initializing ProtocolHandler ["http-nio-auto-1"]
2020-01-21 16:11:44,224 22280 [main] INFO  o.a.catalina.core.StandardService-:173 - Starting service [Tomcat]
2020-01-21 16:11:44,225 22281 [main] INFO  o.a.catalina.core.StandardEngine-:173 - Starting Servlet engine: [Apache Tomcat/9.0.29]
2020-01-21 16:11:44,344 22400 [main] INFO  o.a.c.c.C.[Tomcat].[localhost].[/]-:173 - Initializing Spring embedded WebApplicationContext
2020-01-21 16:11:44,344 22400 [main] INFO  o.s.web.context.ContextLoader-:284 - Root WebApplicationContext: initialization completed in 1400 ms
2020-01-21 16:11:45,267 23323 [main] INFO  o.s.s.w.DefaultSecurityFilterChain-:43 - Creating filter chain: any request, [org.springframework.security.web.context.request.async.WebAsyncManagerIntegrationFilter@228bda54, org.springframework.security.web.context.SecurityContextPersistenceFilter@75156240, org.springframework.security.web.header.HeaderWriterFilter@60bb7995, org.springframework.security.web.authentication.logout.LogoutFilter@9e54c59, org.springframework.security.web.authentication.www.BasicAuthenticationFilter@609e57da, org.springframework.security.web.savedrequest.RequestCacheAwareFilter@6d099323, org.springframework.security.web.servletapi.SecurityContextHolderAwareRequestFilter@b46e103, org.springframework.security.web.authentication.AnonymousAuthenticationFilter@75b6dd5b, org.springframework.security.web.session.SessionManagementFilter@4a3bd45b, org.springframework.security.web.access.ExceptionTranslationFilter@19a20bb2, org.springframework.security.web.access.intercept.FilterSecurityInterceptor@7b477141]
2020-01-21 16:11:45,500 23556 [main] INFO  o.s.s.c.ThreadPoolTaskExecutor-:171 - Initializing ExecutorService 'applicationTaskExecutor'
2020-01-21 16:11:45,707 23763 [main] WARN  o.s.b.a.t.ThymeleafAutoConfiguration$DefaultTemplateResolverConfiguration-:107 - Cannot find template location: classpath:/templates/ (please add some templates or check your Thymeleaf configuration)
2020-01-21 16:11:45,939 23995 [main] INFO  o.a.c.c.C.[Tomcat].[localhost].[/]-:173 - Initializing Spring TestDispatcherServlet ''
2020-01-21 16:11:45,939 23995 [main] INFO  o.s.t.w.s.TestDispatcherServlet-:525 - Initializing Servlet ''
2020-01-21 16:11:45,952 24008 [main] INFO  o.s.t.w.s.TestDispatcherServlet-:547 - Completed initialization in 12 ms
2020-01-21 16:11:45,990 24046 [main] INFO  o.a.coyote.http11.Http11NioProtocol-:173 - Starting ProtocolHandler ["http-nio-auto-1"]
2020-01-21 16:11:46,021 24077 [main] INFO  o.s.b.w.e.tomcat.TomcatWebServer-:202 - Tomcat started on port(s): 63576 (http) with context path ''
2020-01-21 16:11:46,026 24082 [main] INFO  c.p.m.n.MerchantPaymentNotificationIntegrationTest-:59 - Started MerchantPaymentNotificationIntegrationTest in 23.423 seconds (JVM running for 24.623)
2020-01-21 16:11:46,327 24383 [http-nio-auto-1-exec-1] INFO  o.a.c.c.C.[Tomcat].[localhost].[/]-:173 - Initializing Spring DispatcherServlet 'dispatcherServlet'
2020-01-21 16:11:46,328 24384 [http-nio-auto-1-exec-1] INFO  o.s.web.servlet.DispatcherServlet-:525 - Initializing Servlet 'dispatcherServlet'
2020-01-21 16:11:46,331 24387 [http-nio-auto-1-exec-1] INFO  o.s.web.servlet.DispatcherServlet-:547 - Completed initialization in 2 ms
2020-01-21 16:11:46,573 24629 [http-nio-auto-1-exec-1] INFO  c.p.m.n.s.MerchantPaymentNotificationServiceImpl-:140 - submit transaction request SubmitTransactionRequest(transaction=null) 
2020-01-21 16:11:46,648 24704 [Thread-4] INFO  o.s.s.c.ThreadPoolTaskExecutor-:208 - Shutting down ExecutorService 'applicationTaskExecutor'
2020-01-21 16:12:48,773 170  [Test worker] INFO  o.s.b.t.c.SpringBootTestContextBootstrapper-:308 - Neither @ContextConfiguration nor @ContextHierarchy found for test class [com.pagatech.merchant.notification.MerchantPaymentNotificationIntegrationTest], using SpringBootContextLoader
2020-01-21 16:12:48,778 175  [Test worker] INFO  o.s.t.c.s.AbstractContextLoader-:264 - Could not detect default resource locations for test class [com.pagatech.merchant.notification.MerchantPaymentNotificationIntegrationTest]: no resource found for suffixes {-context.xml, Context.groovy}.
2020-01-21 16:12:48,779 176  [Test worker] INFO  o.s.t.c.s.AnnotationConfigContextLoaderUtils-:83 - Could not detect default configuration classes for test class [com.pagatech.merchant.notification.MerchantPaymentNotificationIntegrationTest]: MerchantPaymentNotificationIntegrationTest does not declare any static, non-private, non-final, nested classes annotated with @Configuration.
2020-01-21 16:12:48,879 276  [Test worker] INFO  o.s.b.t.c.SpringBootTestContextBootstrapper-:235 - Found @SpringBootConfiguration com.pagatech.merchant.notification.MerchantNotificationServiceApplication for test class com.pagatech.merchant.notification.MerchantPaymentNotificationIntegrationTest
2020-01-21 16:12:48,952 349  [Test worker] INFO  o.s.b.t.c.SpringBootTestContextBootstrapper-:248 - Loaded default TestExecutionListener class names from location [META-INF/spring.factories]: [org.springframework.boot.test.autoconfigure.restdocs.RestDocsTestExecutionListener, org.springframework.boot.test.autoconfigure.web.client.MockRestServiceServerResetTestExecutionListener, org.springframework.boot.test.autoconfigure.web.servlet.MockMvcPrintOnlyOnFailureTestExecutionListener, org.springframework.boot.test.autoconfigure.web.servlet.WebDriverTestExecutionListener, org.springframework.boot.test.mock.mockito.MockitoTestExecutionListener, org.springframework.boot.test.mock.mockito.ResetMocksTestExecutionListener, org.springframework.test.context.web.ServletTestExecutionListener, org.springframework.test.context.support.DirtiesContextBeforeModesTestExecutionListener, org.springframework.test.context.support.DependencyInjectionTestExecutionListener, org.springframework.test.context.support.DirtiesContextTestExecutionListener, org.springframework.test.context.transaction.TransactionalTestExecutionListener, org.springframework.test.context.jdbc.SqlScriptsTestExecutionListener]
2020-01-21 16:12:48,964 361  [Test worker] INFO  o.s.b.t.c.SpringBootTestContextBootstrapper-:177 - Using TestExecutionListeners: [org.springframework.test.context.web.ServletTestExecutionListener@65c3872b, org.springframework.test.context.support.DirtiesContextBeforeModesTestExecutionListener@3e8d92a4, org.springframework.boot.test.mock.mockito.MockitoTestExecutionListener@62ebaa81, org.springframework.boot.test.autoconfigure.SpringBootDependencyInjectionTestExecutionListener@52bd7a1f, org.springframework.test.context.support.DirtiesContextTestExecutionListener@2b3e55bc, org.springframework.test.context.transaction.TransactionalTestExecutionListener@79f4facd, org.springframework.test.context.jdbc.SqlScriptsTestExecutionListener@46f4f8d0, org.springframework.boot.test.autoconfigure.restdocs.RestDocsTestExecutionListener@7f201f93, org.springframework.boot.test.autoconfigure.web.client.MockRestServiceServerResetTestExecutionListener@266a267e, org.springframework.boot.test.autoconfigure.web.servlet.MockMvcPrintOnlyOnFailureTestExecutionListener@781692ec, org.springframework.boot.test.autoconfigure.web.servlet.WebDriverTestExecutionListener@19c5d746, org.springframework.boot.test.mock.mockito.ResetMocksTestExecutionListener@66e69f6a]
2020-01-21 16:12:49,236 633  [Test worker] INFO  c.p.m.n.MerchantPaymentNotificationIntegrationTest-:50 - Starting MerchantPaymentNotificationIntegrationTest on PagaAdmins-BabsEngineering.local with PID 57501 (started by bowolabi in /Users/bowolabi/IdeaProjects/merchant-notification-service)
2020-01-21 16:12:49,237 634  [Test worker] DEBUG c.p.m.n.MerchantPaymentNotificationIntegrationTest-:53 - Running with Spring Boot v2.1.11.RELEASE, Spring v5.1.12.RELEASE
2020-01-21 16:12:49,238 635  [Test worker] INFO  c.p.m.n.MerchantPaymentNotificationIntegrationTest-:648 - No active profile set, falling back to default profiles: default
2020-01-21 16:12:50,209 1606 [Test worker] INFO  o.s.c.s.PostProcessorRegistrationDelegate$BeanPostProcessorChecker-:330 - Bean 'org.springframework.hateoas.config.HateoasConfiguration' of type [org.springframework.hateoas.config.HateoasConfiguration$$EnhancerBySpringCGLIB$$1932bcf6] is not eligible for getting processed by all BeanPostProcessors (for example: not eligible for auto-proxying)
2020-01-21 16:12:50,621 2018 [Test worker] INFO  o.s.b.w.e.tomcat.TomcatWebServer-:90 - Tomcat initialized with port(s): 0 (http)
2020-01-21 16:12:50,644 2041 [Test worker] INFO  o.a.coyote.http11.Http11NioProtocol-:173 - Initializing ProtocolHandler ["http-nio-auto-1"]
2020-01-21 16:12:50,659 2056 [Test worker] INFO  o.a.catalina.core.StandardService-:173 - Starting service [Tomcat]
2020-01-21 16:12:50,660 2057 [Test worker] INFO  o.a.catalina.core.StandardEngine-:173 - Starting Servlet engine: [Apache Tomcat/9.0.29]
2020-01-21 16:12:50,763 2160 [Test worker] INFO  o.a.c.c.C.[Tomcat].[localhost].[/]-:173 - Initializing Spring embedded WebApplicationContext
2020-01-21 16:12:50,764 2161 [Test worker] INFO  o.s.web.context.ContextLoader-:284 - Root WebApplicationContext: initialization completed in 1514 ms
2020-01-21 16:12:51,678 3075 [Test worker] INFO  o.s.s.w.DefaultSecurityFilterChain-:43 - Creating filter chain: any request, [org.springframework.security.web.context.request.async.WebAsyncManagerIntegrationFilter@3b5096c4, org.springframework.security.web.context.SecurityContextPersistenceFilter@1b42a2d5, org.springframework.security.web.header.HeaderWriterFilter@6ca6415f, org.springframework.security.web.authentication.logout.LogoutFilter@5467d584, org.springframework.security.web.authentication.www.BasicAuthenticationFilter@521d0cb4, org.springframework.security.web.savedrequest.RequestCacheAwareFilter@8bf3233, org.springframework.security.web.servletapi.SecurityContextHolderAwareRequestFilter@7ede21b1, org.springframework.security.web.authentication.AnonymousAuthenticationFilter@4cf2d439, org.springframework.security.web.session.SessionManagementFilter@5057813a, org.springframework.security.web.access.ExceptionTranslationFilter@f8b19bf, org.springframework.security.web.access.intercept.FilterSecurityInterceptor@6a580813]
2020-01-21 16:12:51,933 3330 [Test worker] INFO  o.s.s.c.ThreadPoolTaskExecutor-:171 - Initializing ExecutorService 'applicationTaskExecutor'
2020-01-21 16:12:52,134 3531 [Test worker] WARN  o.s.b.a.t.ThymeleafAutoConfiguration$DefaultTemplateResolverConfiguration-:107 - Cannot find template location: classpath:/templates/ (please add some templates or check your Thymeleaf configuration)
2020-01-21 16:12:52,377 3774 [Test worker] INFO  o.a.c.c.C.[Tomcat].[localhost].[/]-:173 - Initializing Spring TestDispatcherServlet ''
2020-01-21 16:12:52,378 3775 [Test worker] INFO  o.s.t.w.s.TestDispatcherServlet-:525 - Initializing Servlet ''
2020-01-21 16:12:52,391 3788 [Test worker] INFO  o.s.t.w.s.TestDispatcherServlet-:547 - Completed initialization in 13 ms
2020-01-21 16:12:52,428 3825 [Test worker] INFO  o.a.coyote.http11.Http11NioProtocol-:173 - Starting ProtocolHandler ["http-nio-auto-1"]
2020-01-21 16:12:52,446 3843 [Test worker] INFO  o.s.b.w.e.tomcat.TomcatWebServer-:202 - Tomcat started on port(s): 63602 (http) with context path ''
2020-01-21 16:12:52,450 3847 [Test worker] INFO  c.p.m.n.MerchantPaymentNotificationIntegrationTest-:59 - Started MerchantPaymentNotificationIntegrationTest in 3.464 seconds (JVM running for 4.453)
2020-01-21 16:12:52,731 4128 [http-nio-auto-1-exec-1] INFO  o.a.c.c.C.[Tomcat].[localhost].[/]-:173 - Initializing Spring DispatcherServlet 'dispatcherServlet'
2020-01-21 16:12:52,731 4128 [http-nio-auto-1-exec-1] INFO  o.s.web.servlet.DispatcherServlet-:525 - Initializing Servlet 'dispatcherServlet'
2020-01-21 16:12:52,735 4132 [http-nio-auto-1-exec-1] INFO  o.s.web.servlet.DispatcherServlet-:547 - Completed initialization in 4 ms
2020-01-21 16:12:52,930 4327 [http-nio-auto-1-exec-1] INFO  c.p.m.n.s.MerchantPaymentNotificationServiceImpl-:140 - submit transaction request SubmitTransactionRequest(transaction=null) 
2020-01-21 16:12:53,183 4580 [http-nio-auto-1-exec-3] INFO  c.p.m.n.s.MerchantPaymentNotificationServiceImpl-:45 - about to validate customer CustomerValidationRequest(customerAccountNumber=1111111111, customerFirstName=null, customerLastName=null) 
2020-01-21 16:12:53,275 4672 [http-nio-auto-1-exec-4] INFO  c.p.m.n.s.MerchantPaymentNotificationServiceImpl-:28 - about to get merchant supported services ServerPaymentRequest(isTest=true) 
2020-01-21 16:12:53,297 4694 [Test worker] INFO  c.p.m.n.s.MerchantPaymentNotificationServiceImpl-:173 - transaction to be retrieved 
2020-01-21 16:12:53,297 4694 [Test worker] INFO  c.p.m.n.s.MerchantPaymentNotificationServiceImpl-:204 - found transaction BP-C_2018061315273249_1448479_XBFJX 
2020-01-21 16:12:53,302 4699 [Test worker] INFO  c.p.m.n.s.MerchantPaymentNotificationServiceImpl-:140 - submit transaction request SubmitTransactionRequest(transaction=Transaction(merchantAmount=null, utcTransactionDateTime=null, channel=null, description=null, services=null, transactionType=null, pagaTransactionId=null, totalAmount=null, isCredit=false, customerReference=null, customerFirstName=null, merchantTransactionId=BP-C_2018061315273249_1448479_XBFJX, currency=null, customerLastName=null, customerPhoneNumber=null)) 
2020-01-21 16:12:53,306 4703 [Test worker] INFO  c.p.m.n.s.MerchantPaymentNotificationServiceImpl-:45 - about to validate customer CustomerValidationRequest(customerAccountNumber=28392901, customerFirstName=null, customerLastName=null) 
2020-01-21 16:12:53,308 4705 [Test worker] INFO  c.p.m.n.s.MerchantPaymentNotificationServiceImpl-:140 - submit transaction request SubmitTransactionRequest(transaction=Transaction(merchantAmount=980, utcTransactionDateTime=2019-06-13T15:27:32, channel=ONLINE, description=Customer Bill Payment, services=[ServiceResponse(productCode=111001, price=800, name=Race-Cars, isPublic=true, shortCode=Race101), ServiceResponse(productCode=111002, price=1500, name=Adventure, isPublic=true, shortCode=Adventure101)], transactionType=BILL_PAY, pagaTransactionId=wxyxq, totalAmount=1000, isCredit=true, customerReference=1300110011, customerFirstName=James, merchantTransactionId=BP-C, currency=NGN, customerLastName=Femi, customerPhoneNumber=08090090090)) 
2020-01-21 16:12:53,309 4706 [Test worker] INFO  c.p.m.n.s.MerchantPaymentNotificationServiceImpl-:173 - transaction to be retrieved 
2020-01-21 16:12:53,311 4708 [Test worker] INFO  c.p.m.n.s.MerchantPaymentNotificationServiceImpl-:173 - transaction to be retrieved 
2020-01-21 16:12:53,312 4709 [Test worker] INFO  c.p.m.n.s.MerchantPaymentNotificationServiceImpl-:45 - about to validate customer CustomerValidationRequest(customerAccountNumber=1100110011, customerFirstName=null, customerLastName=null) 
2020-01-21 16:12:53,320 4717 [Test worker] INFO  c.p.m.n.s.MerchantPaymentNotificationServiceImpl-:28 - about to get merchant supported services ServerPaymentRequest(isTest=true) 
2020-01-21 16:12:53,346 4743 [Thread-7] INFO  o.s.s.c.ThreadPoolTaskExecutor-:208 - Shutting down ExecutorService 'applicationTaskExecutor'
2020-01-21 16:13:29,287 235  [main] INFO  c.p.m.n.s.MerchantPaymentNotificationServiceImpl-:173 - transaction to be retrieved 
2020-01-21 16:13:29,292 240  [main] INFO  c.p.m.n.s.MerchantPaymentNotificationServiceImpl-:204 - found transaction BP-C_2018061315273249_1448479_XBFJX 
2020-01-21 16:13:29,300 248  [main] INFO  c.p.m.n.s.MerchantPaymentNotificationServiceImpl-:140 - submit transaction request SubmitTransactionRequest(transaction=Transaction(merchantAmount=null, utcTransactionDateTime=null, channel=null, description=null, services=null, transactionType=null, pagaTransactionId=null, totalAmount=null, isCredit=false, customerReference=null, customerFirstName=null, merchantTransactionId=BP-C_2018061315273249_1448479_XBFJX, currency=null, customerLastName=null, customerPhoneNumber=null)) 
2020-01-21 16:13:29,311 259  [main] INFO  c.p.m.n.s.MerchantPaymentNotificationServiceImpl-:45 - about to validate customer CustomerValidationRequest(customerAccountNumber=28392901, customerFirstName=null, customerLastName=null) 
2020-01-21 16:13:29,315 263  [main] INFO  c.p.m.n.s.MerchantPaymentNotificationServiceImpl-:140 - submit transaction request SubmitTransactionRequest(transaction=Transaction(merchantAmount=980, utcTransactionDateTime=2019-06-13T15:27:32, channel=ONLINE, description=Customer Bill Payment, services=[ServiceResponse(productCode=111001, price=800, name=Race-Cars, isPublic=true, shortCode=Race101), ServiceResponse(productCode=111002, price=1500, name=Adventure, isPublic=true, shortCode=Adventure101)], transactionType=BILL_PAY, pagaTransactionId=wxyxq, totalAmount=1000, isCredit=true, customerReference=1300110011, customerFirstName=James, merchantTransactionId=BP-C, currency=NGN, customerLastName=Femi, customerPhoneNumber=08090090090)) 
2020-01-21 16:13:29,315 263  [main] INFO  c.p.m.n.s.MerchantPaymentNotificationServiceImpl-:173 - transaction to be retrieved 
2020-01-21 16:13:29,321 269  [main] INFO  c.p.m.n.s.MerchantPaymentNotificationServiceImpl-:173 - transaction to be retrieved 
2020-01-21 16:13:29,324 272  [main] INFO  c.p.m.n.s.MerchantPaymentNotificationServiceImpl-:45 - about to validate customer CustomerValidationRequest(customerAccountNumber=1100110011, customerFirstName=null, customerLastName=null) 
2020-01-21 16:13:29,334 282  [main] INFO  c.p.m.n.s.MerchantPaymentNotificationServiceImpl-:28 - about to get merchant supported services ServerPaymentRequest(isTest=true) 
2020-01-21 16:13:56,512 242  [main] INFO  c.p.m.n.s.MerchantPaymentNotificationServiceImpl-:173 - transaction to be retrieved 
2020-01-21 16:13:56,517 247  [main] INFO  c.p.m.n.s.MerchantPaymentNotificationServiceImpl-:204 - found transaction BP-C_2018061315273249_1448479_XBFJX 
2020-01-21 16:13:56,526 256  [main] INFO  c.p.m.n.s.MerchantPaymentNotificationServiceImpl-:140 - submit transaction request SubmitTransactionRequest(transaction=Transaction(merchantAmount=null, utcTransactionDateTime=null, channel=null, description=null, services=null, transactionType=null, pagaTransactionId=null, totalAmount=null, isCredit=false, customerReference=null, customerFirstName=null, merchantTransactionId=xxxxxx, currency=null, customerLastName=null, customerPhoneNumber=null)) 
2020-01-21 16:13:56,540 270  [main] INFO  c.p.m.n.s.MerchantPaymentNotificationServiceImpl-:45 - about to validate customer CustomerValidationRequest(customerAccountNumber=28392901, customerFirstName=null, customerLastName=null) 
2020-01-21 16:13:56,544 274  [main] INFO  c.p.m.n.s.MerchantPaymentNotificationServiceImpl-:140 - submit transaction request SubmitTransactionRequest(transaction=Transaction(merchantAmount=980, utcTransactionDateTime=2019-06-13T15:27:32, channel=ONLINE, description=Customer Bill Payment, services=[ServiceResponse(productCode=111001, price=800, name=Race-Cars, isPublic=true, shortCode=Race101), ServiceResponse(productCode=111002, price=1500, name=Adventure, isPublic=true, shortCode=Adventure101)], transactionType=BILL_PAY, pagaTransactionId=wxyxq, totalAmount=1000, isCredit=true, customerReference=1300110011, customerFirstName=James, merchantTransactionId=BP-C, currency=NGN, customerLastName=Femi, customerPhoneNumber=08090090090)) 
2020-01-21 16:13:56,545 275  [main] INFO  c.p.m.n.s.MerchantPaymentNotificationServiceImpl-:173 - transaction to be retrieved 
2020-01-21 16:13:56,550 280  [main] INFO  c.p.m.n.s.MerchantPaymentNotificationServiceImpl-:173 - transaction to be retrieved 
2020-01-21 16:13:56,554 284  [main] INFO  c.p.m.n.s.MerchantPaymentNotificationServiceImpl-:45 - about to validate customer CustomerValidationRequest(customerAccountNumber=1100110011, customerFirstName=null, customerLastName=null) 
2020-01-21 16:13:56,563 293  [main] INFO  c.p.m.n.s.MerchantPaymentNotificationServiceImpl-:28 - about to get merchant supported services ServerPaymentRequest(isTest=true) 
2020-01-21 16:14:22,383 186  [main] INFO  c.p.m.n.s.MerchantPaymentNotificationServiceImpl-:140 - submit transaction request SubmitTransactionRequest(transaction=Transaction(merchantAmount=null, utcTransactionDateTime=null, channel=null, description=null, services=null, transactionType=null, pagaTransactionId=null, totalAmount=null, isCredit=false, customerReference=null, customerFirstName=null, merchantTransactionId=BP-C_2018061315273249_1448479_XBFJX, currency=null, customerLastName=null, customerPhoneNumber=null)) 
2020-01-21 16:16:14,361 337  [main] INFO  c.p.m.n.s.MerchantPaymentNotificationServiceImpl-:140 - submit transaction request SubmitTransactionRequest(transaction=Transaction(merchantAmount=null, utcTransactionDateTime=null, channel=null, description=null, services=null, transactionType=null, pagaTransactionId=null, totalAmount=null, isCredit=false, customerReference=1100110011, customerFirstName=null, merchantTransactionId=BP-C_2018061315273249_1448479_XBFJX, currency=null, customerLastName=null, customerPhoneNumber=null)) 
2020-01-21 16:16:14,378 354  [main] INFO  c.p.m.n.s.MerchantPaymentNotificationServiceImpl-:173 - transaction to be retrieved 
2020-01-21 16:16:14,383 359  [main] INFO  c.p.m.n.s.MerchantPaymentNotificationServiceImpl-:204 - found transaction BP-C_2018061315273249_1448479_XBFJX 
2020-01-21 16:16:30,548 212  [Test worker] INFO  o.s.b.t.c.SpringBootTestContextBootstrapper-:308 - Neither @ContextConfiguration nor @ContextHierarchy found for test class [com.pagatech.merchant.notification.MerchantPaymentNotificationIntegrationTest], using SpringBootContextLoader
2020-01-21 16:16:30,554 218  [Test worker] INFO  o.s.t.c.s.AbstractContextLoader-:264 - Could not detect default resource locations for test class [com.pagatech.merchant.notification.MerchantPaymentNotificationIntegrationTest]: no resource found for suffixes {-context.xml, Context.groovy}.
2020-01-21 16:16:30,556 220  [Test worker] INFO  o.s.t.c.s.AnnotationConfigContextLoaderUtils-:83 - Could not detect default configuration classes for test class [com.pagatech.merchant.notification.MerchantPaymentNotificationIntegrationTest]: MerchantPaymentNotificationIntegrationTest does not declare any static, non-private, non-final, nested classes annotated with @Configuration.
2020-01-21 16:16:30,694 358  [Test worker] INFO  o.s.b.t.c.SpringBootTestContextBootstrapper-:235 - Found @SpringBootConfiguration com.pagatech.merchant.notification.MerchantNotificationServiceApplication for test class com.pagatech.merchant.notification.MerchantPaymentNotificationIntegrationTest
2020-01-21 16:16:30,780 444  [Test worker] INFO  o.s.b.t.c.SpringBootTestContextBootstrapper-:248 - Loaded default TestExecutionListener class names from location [META-INF/spring.factories]: [org.springframework.boot.test.autoconfigure.restdocs.RestDocsTestExecutionListener, org.springframework.boot.test.autoconfigure.web.client.MockRestServiceServerResetTestExecutionListener, org.springframework.boot.test.autoconfigure.web.servlet.MockMvcPrintOnlyOnFailureTestExecutionListener, org.springframework.boot.test.autoconfigure.web.servlet.WebDriverTestExecutionListener, org.springframework.boot.test.mock.mockito.MockitoTestExecutionListener, org.springframework.boot.test.mock.mockito.ResetMocksTestExecutionListener, org.springframework.test.context.web.ServletTestExecutionListener, org.springframework.test.context.support.DirtiesContextBeforeModesTestExecutionListener, org.springframework.test.context.support.DependencyInjectionTestExecutionListener, org.springframework.test.context.support.DirtiesContextTestExecutionListener, org.springframework.test.context.transaction.TransactionalTestExecutionListener, org.springframework.test.context.jdbc.SqlScriptsTestExecutionListener]
2020-01-21 16:16:30,799 463  [Test worker] INFO  o.s.b.t.c.SpringBootTestContextBootstrapper-:177 - Using TestExecutionListeners: [org.springframework.test.context.web.ServletTestExecutionListener@65c3872b, org.springframework.test.context.support.DirtiesContextBeforeModesTestExecutionListener@3e8d92a4, org.springframework.boot.test.mock.mockito.MockitoTestExecutionListener@62ebaa81, org.springframework.boot.test.autoconfigure.SpringBootDependencyInjectionTestExecutionListener@52bd7a1f, org.springframework.test.context.support.DirtiesContextTestExecutionListener@2b3e55bc, org.springframework.test.context.transaction.TransactionalTestExecutionListener@79f4facd, org.springframework.test.context.jdbc.SqlScriptsTestExecutionListener@46f4f8d0, org.springframework.boot.test.autoconfigure.restdocs.RestDocsTestExecutionListener@7f201f93, org.springframework.boot.test.autoconfigure.web.client.MockRestServiceServerResetTestExecutionListener@266a267e, org.springframework.boot.test.autoconfigure.web.servlet.MockMvcPrintOnlyOnFailureTestExecutionListener@781692ec, org.springframework.boot.test.autoconfigure.web.servlet.WebDriverTestExecutionListener@19c5d746, org.springframework.boot.test.mock.mockito.ResetMocksTestExecutionListener@66e69f6a]
2020-01-21 16:16:51,148 20812 [Test worker] INFO  c.p.m.n.MerchantPaymentNotificationIntegrationTest-:50 - Starting MerchantPaymentNotificationIntegrationTest on PagaAdmins-BabsEngineering.local with PID 57528 (started by bowolabi in /Users/bowolabi/IdeaProjects/merchant-notification-service)
2020-01-21 16:16:51,150 20814 [Test worker] DEBUG c.p.m.n.MerchantPaymentNotificationIntegrationTest-:53 - Running with Spring Boot v2.1.11.RELEASE, Spring v5.1.12.RELEASE
2020-01-21 16:16:51,151 20815 [Test worker] INFO  c.p.m.n.MerchantPaymentNotificationIntegrationTest-:648 - No active profile set, falling back to default profiles: default
2020-01-21 16:16:52,144 21808 [Test worker] INFO  o.s.c.s.PostProcessorRegistrationDelegate$BeanPostProcessorChecker-:330 - Bean 'org.springframework.hateoas.config.HateoasConfiguration' of type [org.springframework.hateoas.config.HateoasConfiguration$$EnhancerBySpringCGLIB$$d81a0326] is not eligible for getting processed by all BeanPostProcessors (for example: not eligible for auto-proxying)
2020-01-21 16:16:52,529 22193 [Test worker] INFO  o.s.b.w.e.tomcat.TomcatWebServer-:90 - Tomcat initialized with port(s): 0 (http)
2020-01-21 16:16:52,547 22211 [Test worker] INFO  o.a.coyote.http11.Http11NioProtocol-:173 - Initializing ProtocolHandler ["http-nio-auto-1"]
2020-01-21 16:16:52,559 22223 [Test worker] INFO  o.a.catalina.core.StandardService-:173 - Starting service [Tomcat]
2020-01-21 16:16:52,560 22224 [Test worker] INFO  o.a.catalina.core.StandardEngine-:173 - Starting Servlet engine: [Apache Tomcat/9.0.29]
2020-01-21 16:16:52,671 22335 [Test worker] INFO  o.a.c.c.C.[Tomcat].[localhost].[/]-:173 - Initializing Spring embedded WebApplicationContext
2020-01-21 16:16:52,672 22336 [Test worker] INFO  o.s.web.context.ContextLoader-:284 - Root WebApplicationContext: initialization completed in 1508 ms
2020-01-21 16:16:53,845 23509 [Test worker] INFO  o.s.s.w.DefaultSecurityFilterChain-:43 - Creating filter chain: any request, [org.springframework.security.web.context.request.async.WebAsyncManagerIntegrationFilter@254fc042, org.springframework.security.web.context.SecurityContextPersistenceFilter@27eb0795, org.springframework.security.web.header.HeaderWriterFilter@f8b19bf, org.springframework.security.web.authentication.logout.LogoutFilter@c5ad3ad, org.springframework.security.web.authentication.www.BasicAuthenticationFilter@3089d960, org.springframework.security.web.savedrequest.RequestCacheAwareFilter@5065eaa9, org.springframework.security.web.servletapi.SecurityContextHolderAwareRequestFilter@467a7bcc, org.springframework.security.web.authentication.AnonymousAuthenticationFilter@7a91b897, org.springframework.security.web.session.SessionManagementFilter@4fc7119b, org.springframework.security.web.access.ExceptionTranslationFilter@809143b, org.springframework.security.web.access.intercept.FilterSecurityInterceptor@64585db8]
2020-01-21 16:16:54,150 23814 [Test worker] INFO  o.s.s.c.ThreadPoolTaskExecutor-:171 - Initializing ExecutorService 'applicationTaskExecutor'
2020-01-21 16:16:54,386 24050 [Test worker] WARN  o.s.b.a.t.ThymeleafAutoConfiguration$DefaultTemplateResolverConfiguration-:107 - Cannot find template location: classpath:/templates/ (please add some templates or check your Thymeleaf configuration)
2020-01-21 16:16:54,680 24344 [Test worker] INFO  o.a.c.c.C.[Tomcat].[localhost].[/]-:173 - Initializing Spring TestDispatcherServlet ''
2020-01-21 16:16:54,681 24345 [Test worker] INFO  o.s.t.w.s.TestDispatcherServlet-:525 - Initializing Servlet ''
2020-01-21 16:16:54,696 24360 [Test worker] INFO  o.s.t.w.s.TestDispatcherServlet-:547 - Completed initialization in 14 ms
2020-01-21 16:16:54,757 24421 [Test worker] INFO  o.a.coyote.http11.Http11NioProtocol-:173 - Starting ProtocolHandler ["http-nio-auto-1"]
2020-01-21 16:16:54,860 24524 [Test worker] INFO  o.s.b.w.e.tomcat.TomcatWebServer-:202 - Tomcat started on port(s): 63728 (http) with context path ''
2020-01-21 16:16:54,865 24529 [Test worker] INFO  c.p.m.n.MerchantPaymentNotificationIntegrationTest-:59 - Started MerchantPaymentNotificationIntegrationTest in 24.037 seconds (JVM running for 25.172)
2020-01-21 16:16:55,268 24932 [http-nio-auto-1-exec-1] INFO  o.a.c.c.C.[Tomcat].[localhost].[/]-:173 - Initializing Spring DispatcherServlet 'dispatcherServlet'
2020-01-21 16:16:55,269 24933 [http-nio-auto-1-exec-1] INFO  o.s.web.servlet.DispatcherServlet-:525 - Initializing Servlet 'dispatcherServlet'
2020-01-21 16:16:55,273 24937 [http-nio-auto-1-exec-1] INFO  o.s.web.servlet.DispatcherServlet-:547 - Completed initialization in 3 ms
2020-01-21 16:16:55,541 25205 [http-nio-auto-1-exec-1] INFO  c.p.m.n.s.MerchantPaymentNotificationServiceImpl-:140 - submit transaction request SubmitTransactionRequest(transaction=null) 
2020-01-21 16:16:55,819 25483 [http-nio-auto-1-exec-3] INFO  c.p.m.n.s.MerchantPaymentNotificationServiceImpl-:45 - about to validate customer CustomerValidationRequest(customerAccountNumber=1111111111, customerFirstName=null, customerLastName=null) 
2020-01-21 16:16:55,900 25564 [http-nio-auto-1-exec-4] INFO  c.p.m.n.s.MerchantPaymentNotificationServiceImpl-:28 - about to get merchant supported services ServerPaymentRequest(isTest=true) 
2020-01-21 16:16:55,918 25582 [Test worker] INFO  c.p.m.n.s.MerchantPaymentNotificationServiceImpl-:173 - transaction to be retrieved 
2020-01-21 16:16:55,919 25583 [Test worker] INFO  c.p.m.n.s.MerchantPaymentNotificationServiceImpl-:204 - found transaction BP-C_2018061315273249_1448479_XBFJX 
2020-01-21 16:16:55,924 25588 [Test worker] INFO  c.p.m.n.s.MerchantPaymentNotificationServiceImpl-:140 - submit transaction request SubmitTransactionRequest(transaction=Transaction(merchantAmount=null, utcTransactionDateTime=null, channel=null, description=null, services=null, transactionType=null, pagaTransactionId=null, totalAmount=null, isCredit=false, customerReference=1100110011, customerFirstName=null, merchantTransactionId=BP-C_2018061315273249_1448479_XBFJX, currency=null, customerLastName=null, customerPhoneNumber=null)) 
2020-01-21 16:16:55,925 25589 [Test worker] INFO  c.p.m.n.s.MerchantPaymentNotificationServiceImpl-:173 - transaction to be retrieved 
2020-01-21 16:16:55,925 25589 [Test worker] INFO  c.p.m.n.s.MerchantPaymentNotificationServiceImpl-:204 - found transaction BP-C_2018061315273249_1448479_XBFJX 
2020-01-21 16:16:55,927 25591 [Test worker] INFO  c.p.m.n.s.MerchantPaymentNotificationServiceImpl-:45 - about to validate customer CustomerValidationRequest(customerAccountNumber=28392901, customerFirstName=null, customerLastName=null) 
2020-01-21 16:16:55,930 25594 [Test worker] INFO  c.p.m.n.s.MerchantPaymentNotificationServiceImpl-:140 - submit transaction request SubmitTransactionRequest(transaction=Transaction(merchantAmount=980, utcTransactionDateTime=2019-06-13T15:27:32, channel=ONLINE, description=Customer Bill Payment, services=[ServiceResponse(productCode=111001, price=800, name=Race-Cars, isPublic=true, shortCode=Race101), ServiceResponse(productCode=111002, price=1500, name=Adventure, isPublic=true, shortCode=Adventure101)], transactionType=BILL_PAY, pagaTransactionId=wxyxq, totalAmount=1000, isCredit=true, customerReference=1300110011, customerFirstName=James, merchantTransactionId=BP-C, currency=NGN, customerLastName=Femi, customerPhoneNumber=08090090090)) 
2020-01-21 16:16:55,930 25594 [Test worker] INFO  c.p.m.n.s.MerchantPaymentNotificationServiceImpl-:173 - transaction to be retrieved 
2020-01-21 16:16:55,933 25597 [Test worker] INFO  c.p.m.n.s.MerchantPaymentNotificationServiceImpl-:173 - transaction to be retrieved 
2020-01-21 16:16:55,935 25599 [Test worker] INFO  c.p.m.n.s.MerchantPaymentNotificationServiceImpl-:45 - about to validate customer CustomerValidationRequest(customerAccountNumber=1100110011, customerFirstName=null, customerLastName=null) 
2020-01-21 16:16:55,941 25605 [Test worker] INFO  c.p.m.n.s.MerchantPaymentNotificationServiceImpl-:28 - about to get merchant supported services ServerPaymentRequest(isTest=true) 
2020-01-21 16:16:55,951 25615 [Thread-7] INFO  o.s.s.c.ThreadPoolTaskExecutor-:208 - Shutting down ExecutorService 'applicationTaskExecutor'
