2020-01-19 09:55:41,452 146426750 [Thread-47] INFO  o.s.s.c.ThreadPoolTaskExecutor-:208 - Shutting down ExecutorService 'applicationTaskExecutor'
2020-01-19 09:56:08,687 20530 [main] INFO  c.p.m.n.MerchantNotificationServiceApplication-:50 - Starting MerchantNotificationServiceApplication on PagaAdmins-BabsEngineering.local with PID 12819 (/Users/bowolabi/IdeaProjects/merchant-notification-service/out/production/classes started by bowolabi in /Users/bowolabi/IdeaProjects/merchant-notification-service)
2020-01-19 09:56:08,689 20532 [main] DEBUG c.p.m.n.MerchantNotificationServiceApplication-:53 - Running with Spring Boot v2.1.11.RELEASE, Spring v5.1.12.RELEASE
2020-01-19 09:56:08,690 20533 [main] INFO  c.p.m.n.MerchantNotificationServiceApplication-:648 - No active profile set, falling back to default profiles: default
2020-01-19 09:56:09,264 21107 [main] INFO  o.s.c.s.PostProcessorRegistrationDelegate$BeanPostProcessorChecker-:330 - Bean 'org.springframework.hateoas.config.HateoasConfiguration' of type [org.springframework.hateoas.config.HateoasConfiguration$$EnhancerBySpringCGLIB$$110e3f50] is not eligible for getting processed by all BeanPostProcessors (for example: not eligible for auto-proxying)
2020-01-19 09:56:09,467 21310 [main] INFO  o.s.b.w.e.tomcat.TomcatWebServer-:90 - Tomcat initialized with port(s): 9993 (http)
2020-01-19 09:56:09,478 21321 [main] INFO  o.a.coyote.http11.Http11NioProtocol-:173 - Initializing ProtocolHandler ["http-nio-9993"]
2020-01-19 09:56:09,485 21328 [main] INFO  o.a.catalina.core.StandardService-:173 - Starting service [Tomcat]
2020-01-19 09:56:09,486 21329 [main] INFO  o.a.catalina.core.StandardEngine-:173 - Starting Servlet engine: [Apache Tomcat/9.0.29]
2020-01-19 09:56:09,568 21411 [main] INFO  o.a.c.c.C.[Tomcat].[localhost].[/]-:173 - Initializing Spring embedded WebApplicationContext
2020-01-19 09:56:09,568 21411 [main] INFO  o.s.web.context.ContextLoader-:284 - Root WebApplicationContext: initialization completed in 853 ms
2020-01-19 09:56:10,035 21878 [main] INFO  o.s.s.c.ThreadPoolTaskExecutor-:171 - Initializing ExecutorService 'applicationTaskExecutor'
2020-01-19 09:56:10,157 22000 [main] WARN  o.s.b.a.t.ThymeleafAutoConfiguration$DefaultTemplateResolverConfiguration-:107 - Cannot find template location: classpath:/templates/ (please add some templates or check your Thymeleaf configuration)
2020-01-19 09:56:10,444 22287 [main] INFO  o.a.coyote.http11.Http11NioProtocol-:173 - Starting ProtocolHandler ["http-nio-9993"]
2020-01-19 09:56:10,474 22317 [main] INFO  o.s.b.w.e.tomcat.TomcatWebServer-:202 - Tomcat started on port(s): 9993 (http) with context path ''
2020-01-19 09:56:10,477 22320 [main] INFO  c.p.m.n.MerchantNotificationServiceApplication-:59 - Started MerchantNotificationServiceApplication in 22.136 seconds (JVM running for 27.721)
2020-01-19 09:57:13,085 84928 [http-nio-9993-exec-2] INFO  o.a.c.c.C.[Tomcat].[localhost].[/]-:173 - Initializing Spring DispatcherServlet 'dispatcherServlet'
2020-01-19 09:57:13,086 84929 [http-nio-9993-exec-2] INFO  o.s.web.servlet.DispatcherServlet-:525 - Initializing Servlet 'dispatcherServlet'
2020-01-19 09:57:13,099 84942 [http-nio-9993-exec-2] INFO  o.s.web.servlet.DispatcherServlet-:547 - Completed initialization in 13 ms
2020-01-19 09:57:13,157 85000 [http-nio-9993-exec-2] WARN  o.s.w.s.m.s.DefaultHandlerExceptionResolver-:199 - Resolved [org.springframework.http.converter.HttpMessageNotReadableException: Required request body is missing: public org.springframework.http.ResponseEntity<com.pagatech.merchant.notification.model.CustomerValidationResponse> com.pagatech.merchant.notification.controller.MerchantPaymentNotificationController.validateCustomer(com.pagatech.merchant.notification.model.CustomerValidationRequest) throws com.pagatech.merchant.notification.exception.PaymentNotificationException]
2020-01-19 10:00:12,751 264594 [http-nio-9993-exec-4] INFO  c.p.m.n.s.MerchantPaymentNotificationServiceImpl-:40 - about to validate customer CustomerValidationRequest(customerAccountNumber=null, customerFirstName=null, customerLastName=null) 
2020-01-19 10:02:19,091 390934 [Thread-47] INFO  o.s.s.c.ThreadPoolTaskExecutor-:208 - Shutting down ExecutorService 'applicationTaskExecutor'
2020-01-19 10:02:46,921 20482 [main] INFO  c.p.m.n.MerchantNotificationServiceApplication-:50 - Starting MerchantNotificationServiceApplication on PagaAdmins-BabsEngineering.local with PID 12841 (/Users/bowolabi/IdeaProjects/merchant-notification-service/out/production/classes started by bowolabi in /Users/bowolabi/IdeaProjects/merchant-notification-service)
2020-01-19 10:02:46,924 20485 [main] DEBUG c.p.m.n.MerchantNotificationServiceApplication-:53 - Running with Spring Boot v2.1.11.RELEASE, Spring v5.1.12.RELEASE
2020-01-19 10:02:46,924 20485 [main] INFO  c.p.m.n.MerchantNotificationServiceApplication-:648 - No active profile set, falling back to default profiles: default
2020-01-19 10:02:47,482 21043 [main] INFO  o.s.c.s.PostProcessorRegistrationDelegate$BeanPostProcessorChecker-:330 - Bean 'org.springframework.hateoas.config.HateoasConfiguration' of type [org.springframework.hateoas.config.HateoasConfiguration$$EnhancerBySpringCGLIB$$3314951e] is not eligible for getting processed by all BeanPostProcessors (for example: not eligible for auto-proxying)
2020-01-19 10:02:47,684 21245 [main] INFO  o.s.b.w.e.tomcat.TomcatWebServer-:90 - Tomcat initialized with port(s): 9993 (http)
2020-01-19 10:02:47,693 21254 [main] INFO  o.a.coyote.http11.Http11NioProtocol-:173 - Initializing ProtocolHandler ["http-nio-9993"]
2020-01-19 10:02:47,700 21261 [main] INFO  o.a.catalina.core.StandardService-:173 - Starting service [Tomcat]
2020-01-19 10:02:47,700 21261 [main] INFO  o.a.catalina.core.StandardEngine-:173 - Starting Servlet engine: [Apache Tomcat/9.0.29]
2020-01-19 10:02:47,773 21334 [main] INFO  o.a.c.c.C.[Tomcat].[localhost].[/]-:173 - Initializing Spring embedded WebApplicationContext
2020-01-19 10:02:47,774 21335 [main] INFO  o.s.web.context.ContextLoader-:284 - Root WebApplicationContext: initialization completed in 825 ms
2020-01-19 10:02:48,256 21817 [main] INFO  o.s.s.c.ThreadPoolTaskExecutor-:171 - Initializing ExecutorService 'applicationTaskExecutor'
2020-01-19 10:02:48,370 21931 [main] WARN  o.s.b.a.t.ThymeleafAutoConfiguration$DefaultTemplateResolverConfiguration-:107 - Cannot find template location: classpath:/templates/ (please add some templates or check your Thymeleaf configuration)
2020-01-19 10:02:48,595 22156 [main] INFO  o.a.coyote.http11.Http11NioProtocol-:173 - Starting ProtocolHandler ["http-nio-9993"]
2020-01-19 10:02:48,625 22186 [main] INFO  o.s.b.w.e.tomcat.TomcatWebServer-:202 - Tomcat started on port(s): 9993 (http) with context path ''
2020-01-19 10:02:48,628 22189 [main] INFO  c.p.m.n.MerchantNotificationServiceApplication-:59 - Started MerchantNotificationServiceApplication in 22.007 seconds (JVM running for 27.547)
2020-01-19 10:05:10,335 163896 [http-nio-9993-exec-2] INFO  o.a.c.c.C.[Tomcat].[localhost].[/]-:173 - Initializing Spring DispatcherServlet 'dispatcherServlet'
2020-01-19 10:05:10,336 163897 [http-nio-9993-exec-2] INFO  o.s.web.servlet.DispatcherServlet-:525 - Initializing Servlet 'dispatcherServlet'
2020-01-19 10:05:10,350 163911 [http-nio-9993-exec-2] INFO  o.s.web.servlet.DispatcherServlet-:547 - Completed initialization in 14 ms
2020-01-19 10:05:10,437 163998 [http-nio-9993-exec-2] INFO  c.p.m.n.s.MerchantPaymentNotificationServiceImpl-:40 - about to validate customer CustomerValidationRequest(customerAccountNumber=null, customerFirstName=null, customerLastName=null) 
2020-01-19 10:05:20,635 174196 [http-nio-9993-exec-3] INFO  c.p.m.n.s.MerchantPaymentNotificationServiceImpl-:40 - about to validate customer CustomerValidationRequest(customerAccountNumber=null, customerFirstName=null, customerLastName=null) 
2020-01-19 10:06:02,562 216123 [http-nio-9993-exec-4] WARN  o.s.w.s.m.s.DefaultHandlerExceptionResolver-:199 - Resolved [org.springframework.http.converter.HttpMessageNotReadableException: JSON parse error: Unexpected character ('}' (code 125)): was expecting double-quote to start field name; nested exception is com.fasterxml.jackson.core.JsonParseException: Unexpected character ('}' (code 125)): was expecting double-quote to start field name
 at [Source: (PushbackInputStream); line: 4, column: 2]]
2020-01-19 10:06:09,911 223472 [http-nio-9993-exec-6] INFO  c.p.m.n.s.MerchantPaymentNotificationServiceImpl-:40 - about to validate customer CustomerValidationRequest(customerAccountNumber=null, customerFirstName=null, customerLastName=null) 
2020-01-19 10:06:45,400 258961 [http-nio-9993-exec-7] INFO  c.p.m.n.s.MerchantPaymentNotificationServiceImpl-:40 - about to validate customer CustomerValidationRequest(customerAccountNumber=1100110011, customerFirstName=null, customerLastName=null) 
2020-01-19 10:57:12,508 3286069 [Thread-47] INFO  o.s.s.c.ThreadPoolTaskExecutor-:208 - Shutting down ExecutorService 'applicationTaskExecutor'
2020-01-19 11:00:29,538 20455 [main] INFO  c.p.m.n.MerchantNotificationServiceApplication-:50 - Starting MerchantNotificationServiceApplication on PagaAdmins-BabsEngineering.local with PID 13123 (/Users/bowolabi/IdeaProjects/merchant-notification-service/out/production/classes started by bowolabi in /Users/bowolabi/IdeaProjects/merchant-notification-service)
2020-01-19 11:00:29,542 20459 [main] DEBUG c.p.m.n.MerchantNotificationServiceApplication-:53 - Running with Spring Boot v2.1.11.RELEASE, Spring v5.1.12.RELEASE
2020-01-19 11:00:29,542 20459 [main] INFO  c.p.m.n.MerchantNotificationServiceApplication-:648 - No active profile set, falling back to default profiles: default
2020-01-19 11:00:30,377 21294 [main] INFO  o.s.c.s.PostProcessorRegistrationDelegate$BeanPostProcessorChecker-:330 - Bean 'org.springframework.hateoas.config.HateoasConfiguration' of type [org.springframework.hateoas.config.HateoasConfiguration$$EnhancerBySpringCGLIB$$bd2e5dd1] is not eligible for getting processed by all BeanPostProcessors (for example: not eligible for auto-proxying)
2020-01-19 11:00:30,667 21584 [main] INFO  o.s.b.w.e.tomcat.TomcatWebServer-:90 - Tomcat initialized with port(s): 9993 (http)
2020-01-19 11:00:30,685 21602 [main] INFO  o.a.coyote.http11.Http11NioProtocol-:173 - Initializing ProtocolHandler ["http-nio-9993"]
2020-01-19 11:00:30,693 21610 [main] INFO  o.a.catalina.core.StandardService-:173 - Starting service [Tomcat]
2020-01-19 11:00:30,693 21610 [main] INFO  o.a.catalina.core.StandardEngine-:173 - Starting Servlet engine: [Apache Tomcat/9.0.29]
2020-01-19 11:00:30,780 21697 [main] INFO  o.a.c.c.C.[Tomcat].[localhost].[/]-:173 - Initializing Spring embedded WebApplicationContext
2020-01-19 11:00:30,781 21698 [main] INFO  o.s.web.context.ContextLoader-:284 - Root WebApplicationContext: initialization completed in 1176 ms
2020-01-19 11:00:31,346 22263 [main] INFO  o.s.s.c.ThreadPoolTaskExecutor-:171 - Initializing ExecutorService 'applicationTaskExecutor'
2020-01-19 11:00:31,500 22417 [main] WARN  o.s.b.a.t.ThymeleafAutoConfiguration$DefaultTemplateResolverConfiguration-:107 - Cannot find template location: classpath:/templates/ (please add some templates or check your Thymeleaf configuration)
2020-01-19 11:00:31,810 22727 [main] INFO  o.a.coyote.http11.Http11NioProtocol-:173 - Starting ProtocolHandler ["http-nio-9993"]
2020-01-19 11:00:31,842 22759 [main] INFO  o.s.b.w.e.tomcat.TomcatWebServer-:202 - Tomcat started on port(s): 9993 (http) with context path ''
2020-01-19 11:00:31,846 22763 [main] INFO  c.p.m.n.MerchantNotificationServiceApplication-:59 - Started MerchantNotificationServiceApplication in 22.576 seconds (JVM running for 28.11)
2020-01-19 11:00:48,643 39560 [http-nio-9993-exec-2] INFO  o.a.c.c.C.[Tomcat].[localhost].[/]-:173 - Initializing Spring DispatcherServlet 'dispatcherServlet'
2020-01-19 11:00:48,644 39561 [http-nio-9993-exec-2] INFO  o.s.web.servlet.DispatcherServlet-:525 - Initializing Servlet 'dispatcherServlet'
2020-01-19 11:00:48,658 39575 [http-nio-9993-exec-2] INFO  o.s.web.servlet.DispatcherServlet-:547 - Completed initialization in 13 ms
2020-01-19 11:00:48,750 39667 [http-nio-9993-exec-2] INFO  c.p.m.n.s.MerchantPaymentNotificationServiceImpl-:40 - about to validate customer CustomerValidationRequest(customerAccountNumber=1100110011, customerFirstName=null, customerLastName=null) 
2020-01-19 11:01:00,016 50933 [http-nio-9993-exec-3] ERROR c.p.m.n.exception.ExceptionHandlers-:50 - Model Already Exist exception thrown
2020-01-19 13:38:41,089 9512006 [Thread-3] INFO  o.s.s.c.ThreadPoolTaskExecutor-:208 - Shutting down ExecutorService 'applicationTaskExecutor'
2020-01-19 13:39:09,978 20625 [main] INFO  c.p.m.n.MerchantNotificationServiceApplication-:50 - Starting MerchantNotificationServiceApplication on PagaAdmins-BabsEngineering.local with PID 13198 (/Users/bowolabi/IdeaProjects/merchant-notification-service/out/production/classes started by bowolabi in /Users/bowolabi/IdeaProjects/merchant-notification-service)
2020-01-19 13:39:09,982 20629 [main] DEBUG c.p.m.n.MerchantNotificationServiceApplication-:53 - Running with Spring Boot v2.1.11.RELEASE, Spring v5.1.12.RELEASE
2020-01-19 13:39:09,983 20630 [main] INFO  c.p.m.n.MerchantNotificationServiceApplication-:648 - No active profile set, falling back to default profiles: default
2020-01-19 13:39:10,923 21570 [main] INFO  o.s.c.s.PostProcessorRegistrationDelegate$BeanPostProcessorChecker-:330 - Bean 'org.springframework.hateoas.config.HateoasConfiguration' of type [org.springframework.hateoas.config.HateoasConfiguration$$EnhancerBySpringCGLIB$$4991fae5] is not eligible for getting processed by all BeanPostProcessors (for example: not eligible for auto-proxying)
2020-01-19 13:39:11,181 21828 [main] INFO  o.s.b.w.e.tomcat.TomcatWebServer-:90 - Tomcat initialized with port(s): 9993 (http)
2020-01-19 13:39:11,194 21841 [main] INFO  o.a.coyote.http11.Http11NioProtocol-:173 - Initializing ProtocolHandler ["http-nio-9993"]
2020-01-19 13:39:11,202 21849 [main] INFO  o.a.catalina.core.StandardService-:173 - Starting service [Tomcat]
2020-01-19 13:39:11,202 21849 [main] INFO  o.a.catalina.core.StandardEngine-:173 - Starting Servlet engine: [Apache Tomcat/9.0.29]
2020-01-19 13:39:11,278 21925 [main] INFO  o.a.c.c.C.[Tomcat].[localhost].[/]-:173 - Initializing Spring embedded WebApplicationContext
2020-01-19 13:39:11,278 21925 [main] INFO  o.s.web.context.ContextLoader-:284 - Root WebApplicationContext: initialization completed in 1218 ms
2020-01-19 13:39:11,935 22582 [main] INFO  o.s.s.c.ThreadPoolTaskExecutor-:171 - Initializing ExecutorService 'applicationTaskExecutor'
2020-01-19 13:39:12,086 22733 [main] WARN  o.s.b.a.t.ThymeleafAutoConfiguration$DefaultTemplateResolverConfiguration-:107 - Cannot find template location: classpath:/templates/ (please add some templates or check your Thymeleaf configuration)
2020-01-19 13:39:12,413 23060 [main] INFO  o.a.coyote.http11.Http11NioProtocol-:173 - Starting ProtocolHandler ["http-nio-9993"]
2020-01-19 13:39:12,446 23093 [main] INFO  o.s.b.w.e.tomcat.TomcatWebServer-:202 - Tomcat started on port(s): 9993 (http) with context path ''
2020-01-19 13:39:12,450 23097 [main] INFO  c.p.m.n.MerchantNotificationServiceApplication-:59 - Started MerchantNotificationServiceApplication in 22.898 seconds (JVM running for 28.494)
2020-01-19 13:39:33,838 505  [main] INFO  o.s.b.t.c.SpringBootTestContextBootstrapper-:308 - Neither @ContextConfiguration nor @ContextHierarchy found for test class [com.pagatech.merchant.notification.MerchantPaymentNotificationIntegrationTest], using SpringBootContextLoader
2020-01-19 13:39:33,851 518  [main] INFO  o.s.t.c.s.AbstractContextLoader-:264 - Could not detect default resource locations for test class [com.pagatech.merchant.notification.MerchantPaymentNotificationIntegrationTest]: no resource found for suffixes {-context.xml, Context.groovy}.
2020-01-19 13:39:33,854 521  [main] INFO  o.s.t.c.s.AnnotationConfigContextLoaderUtils-:83 - Could not detect default configuration classes for test class [com.pagatech.merchant.notification.MerchantPaymentNotificationIntegrationTest]: MerchantPaymentNotificationIntegrationTest does not declare any static, non-private, non-final, nested classes annotated with @Configuration.
2020-01-19 13:39:34,120 787  [main] INFO  o.s.b.t.c.SpringBootTestContextBootstrapper-:235 - Found @SpringBootConfiguration com.pagatech.merchant.notification.MerchantNotificationServiceApplication for test class com.pagatech.merchant.notification.MerchantPaymentNotificationIntegrationTest
2020-01-19 13:39:34,227 894  [main] INFO  o.s.b.t.c.SpringBootTestContextBootstrapper-:248 - Loaded default TestExecutionListener class names from location [META-INF/spring.factories]: [org.springframework.boot.test.autoconfigure.restdocs.RestDocsTestExecutionListener, org.springframework.boot.test.autoconfigure.web.client.MockRestServiceServerResetTestExecutionListener, org.springframework.boot.test.autoconfigure.web.servlet.MockMvcPrintOnlyOnFailureTestExecutionListener, org.springframework.boot.test.autoconfigure.web.servlet.WebDriverTestExecutionListener, org.springframework.boot.test.mock.mockito.MockitoTestExecutionListener, org.springframework.boot.test.mock.mockito.ResetMocksTestExecutionListener, org.springframework.test.context.web.ServletTestExecutionListener, org.springframework.test.context.support.DirtiesContextBeforeModesTestExecutionListener, org.springframework.test.context.support.DependencyInjectionTestExecutionListener, org.springframework.test.context.support.DirtiesContextTestExecutionListener, org.springframework.test.context.transaction.TransactionalTestExecutionListener, org.springframework.test.context.jdbc.SqlScriptsTestExecutionListener]
2020-01-19 13:39:34,250 917  [main] INFO  o.s.b.t.c.SpringBootTestContextBootstrapper-:177 - Using TestExecutionListeners: [org.springframework.test.context.web.ServletTestExecutionListener@5965d37, org.springframework.test.context.support.DirtiesContextBeforeModesTestExecutionListener@7a5ceedd, org.springframework.boot.test.mock.mockito.MockitoTestExecutionListener@4201c465, org.springframework.boot.test.autoconfigure.SpringBootDependencyInjectionTestExecutionListener@5b799640, org.springframework.test.context.support.DirtiesContextTestExecutionListener@6cb107fd, org.springframework.test.context.transaction.TransactionalTestExecutionListener@710636b0, org.springframework.test.context.jdbc.SqlScriptsTestExecutionListener@3de8f619, org.springframework.boot.test.autoconfigure.restdocs.RestDocsTestExecutionListener@2ab4bc72, org.springframework.boot.test.autoconfigure.web.client.MockRestServiceServerResetTestExecutionListener@4e5ed836, org.springframework.boot.test.autoconfigure.web.servlet.MockMvcPrintOnlyOnFailureTestExecutionListener@eadd4fb, org.springframework.boot.test.autoconfigure.web.servlet.WebDriverTestExecutionListener@740fb309, org.springframework.boot.test.mock.mockito.ResetMocksTestExecutionListener@7bd7d6d6]
2020-01-19 13:39:54,683 21350 [main] INFO  c.p.m.n.MerchantPaymentNotificationIntegrationTest-:50 - Starting MerchantPaymentNotificationIntegrationTest on PagaAdmins-BabsEngineering.local with PID 13201 (started by bowolabi in /Users/bowolabi/IdeaProjects/merchant-notification-service)
2020-01-19 13:39:54,683 21350 [main] DEBUG c.p.m.n.MerchantPaymentNotificationIntegrationTest-:53 - Running with Spring Boot v2.1.11.RELEASE, Spring v5.1.12.RELEASE
2020-01-19 13:39:54,684 21351 [main] INFO  c.p.m.n.MerchantPaymentNotificationIntegrationTest-:648 - No active profile set, falling back to default profiles: default
2020-01-19 13:39:55,633 22300 [main] INFO  o.s.c.s.PostProcessorRegistrationDelegate$BeanPostProcessorChecker-:330 - Bean 'org.springframework.hateoas.config.HateoasConfiguration' of type [org.springframework.hateoas.config.HateoasConfiguration$$EnhancerBySpringCGLIB$$9c3d6538] is not eligible for getting processed by all BeanPostProcessors (for example: not eligible for auto-proxying)
2020-01-19 13:39:56,047 22714 [main] INFO  o.s.b.w.e.tomcat.TomcatWebServer-:90 - Tomcat initialized with port(s): 0 (http)
2020-01-19 13:39:56,061 22728 [main] INFO  o.a.coyote.http11.Http11NioProtocol-:173 - Initializing ProtocolHandler ["http-nio-auto-1"]
2020-01-19 13:39:56,072 22739 [main] INFO  o.a.catalina.core.StandardService-:173 - Starting service [Tomcat]
2020-01-19 13:39:56,072 22739 [main] INFO  o.a.catalina.core.StandardEngine-:173 - Starting Servlet engine: [Apache Tomcat/9.0.29]
2020-01-19 13:39:56,184 22851 [main] INFO  o.a.c.c.C.[Tomcat].[localhost].[/]-:173 - Initializing Spring embedded WebApplicationContext
2020-01-19 13:39:56,184 22851 [main] INFO  o.s.web.context.ContextLoader-:284 - Root WebApplicationContext: initialization completed in 1491 ms
2020-01-19 13:39:57,011 23678 [main] INFO  o.s.s.c.ThreadPoolTaskExecutor-:171 - Initializing ExecutorService 'applicationTaskExecutor'
2020-01-19 13:39:57,243 23910 [main] WARN  o.s.b.a.t.ThymeleafAutoConfiguration$DefaultTemplateResolverConfiguration-:107 - Cannot find template location: classpath:/templates/ (please add some templates or check your Thymeleaf configuration)
2020-01-19 13:39:57,554 24221 [main] INFO  o.a.c.c.C.[Tomcat].[localhost].[/]-:173 - Initializing Spring TestDispatcherServlet ''
2020-01-19 13:39:57,555 24222 [main] INFO  o.s.t.w.s.TestDispatcherServlet-:525 - Initializing Servlet ''
2020-01-19 13:39:57,568 24235 [main] INFO  o.s.t.w.s.TestDispatcherServlet-:547 - Completed initialization in 13 ms
2020-01-19 13:39:57,610 24277 [main] INFO  o.a.coyote.http11.Http11NioProtocol-:173 - Starting ProtocolHandler ["http-nio-auto-1"]
2020-01-19 13:39:57,644 24311 [main] INFO  o.s.b.w.e.tomcat.TomcatWebServer-:202 - Tomcat started on port(s): 60128 (http) with context path ''
2020-01-19 13:39:57,648 24315 [main] INFO  c.p.m.n.MerchantPaymentNotificationIntegrationTest-:59 - Started MerchantPaymentNotificationIntegrationTest in 23.361 seconds (JVM running for 25.082)
2020-01-19 13:39:57,942 24609 [http-nio-auto-1-exec-1] INFO  o.a.c.c.C.[Tomcat].[localhost].[/]-:173 - Initializing Spring DispatcherServlet 'dispatcherServlet'
2020-01-19 13:39:57,943 24610 [http-nio-auto-1-exec-1] INFO  o.s.web.servlet.DispatcherServlet-:525 - Initializing Servlet 'dispatcherServlet'
2020-01-19 13:39:57,946 24613 [http-nio-auto-1-exec-1] INFO  o.s.web.servlet.DispatcherServlet-:547 - Completed initialization in 3 ms
2020-01-19 13:39:57,993 24660 [http-nio-auto-1-exec-1] INFO  c.p.m.n.s.MerchantPaymentNotificationServiceImpl-:40 - about to validate customer CustomerValidationRequest(customerAccountNumber=null, customerFirstName=null, customerLastName=null) 
2020-01-19 13:39:58,050 24717 [Thread-4] INFO  o.s.s.c.ThreadPoolTaskExecutor-:208 - Shutting down ExecutorService 'applicationTaskExecutor'
2020-01-19 13:40:57,582 292  [main] INFO  o.s.b.t.c.SpringBootTestContextBootstrapper-:308 - Neither @ContextConfiguration nor @ContextHierarchy found for test class [com.pagatech.merchant.notification.MerchantPaymentNotificationIntegrationTest], using SpringBootContextLoader
2020-01-19 13:40:57,592 302  [main] INFO  o.s.t.c.s.AbstractContextLoader-:264 - Could not detect default resource locations for test class [com.pagatech.merchant.notification.MerchantPaymentNotificationIntegrationTest]: no resource found for suffixes {-context.xml, Context.groovy}.
2020-01-19 13:40:57,594 304  [main] INFO  o.s.t.c.s.AnnotationConfigContextLoaderUtils-:83 - Could not detect default configuration classes for test class [com.pagatech.merchant.notification.MerchantPaymentNotificationIntegrationTest]: MerchantPaymentNotificationIntegrationTest does not declare any static, non-private, non-final, nested classes annotated with @Configuration.
2020-01-19 13:40:57,783 493  [main] INFO  o.s.b.t.c.SpringBootTestContextBootstrapper-:235 - Found @SpringBootConfiguration com.pagatech.merchant.notification.MerchantNotificationServiceApplication for test class com.pagatech.merchant.notification.MerchantPaymentNotificationIntegrationTest
2020-01-19 13:40:57,924 634  [main] INFO  o.s.b.t.c.SpringBootTestContextBootstrapper-:248 - Loaded default TestExecutionListener class names from location [META-INF/spring.factories]: [org.springframework.boot.test.autoconfigure.restdocs.RestDocsTestExecutionListener, org.springframework.boot.test.autoconfigure.web.client.MockRestServiceServerResetTestExecutionListener, org.springframework.boot.test.autoconfigure.web.servlet.MockMvcPrintOnlyOnFailureTestExecutionListener, org.springframework.boot.test.autoconfigure.web.servlet.WebDriverTestExecutionListener, org.springframework.boot.test.mock.mockito.MockitoTestExecutionListener, org.springframework.boot.test.mock.mockito.ResetMocksTestExecutionListener, org.springframework.test.context.web.ServletTestExecutionListener, org.springframework.test.context.support.DirtiesContextBeforeModesTestExecutionListener, org.springframework.test.context.support.DependencyInjectionTestExecutionListener, org.springframework.test.context.support.DirtiesContextTestExecutionListener, org.springframework.test.context.transaction.TransactionalTestExecutionListener, org.springframework.test.context.jdbc.SqlScriptsTestExecutionListener]
2020-01-19 13:40:57,943 653  [main] INFO  o.s.b.t.c.SpringBootTestContextBootstrapper-:177 - Using TestExecutionListeners: [org.springframework.test.context.web.ServletTestExecutionListener@5965d37, org.springframework.test.context.support.DirtiesContextBeforeModesTestExecutionListener@7a5ceedd, org.springframework.boot.test.mock.mockito.MockitoTestExecutionListener@4201c465, org.springframework.boot.test.autoconfigure.SpringBootDependencyInjectionTestExecutionListener@5b799640, org.springframework.test.context.support.DirtiesContextTestExecutionListener@6cb107fd, org.springframework.test.context.transaction.TransactionalTestExecutionListener@710636b0, org.springframework.test.context.jdbc.SqlScriptsTestExecutionListener@3de8f619, org.springframework.boot.test.autoconfigure.restdocs.RestDocsTestExecutionListener@2ab4bc72, org.springframework.boot.test.autoconfigure.web.client.MockRestServiceServerResetTestExecutionListener@4e5ed836, org.springframework.boot.test.autoconfigure.web.servlet.MockMvcPrintOnlyOnFailureTestExecutionListener@eadd4fb, org.springframework.boot.test.autoconfigure.web.servlet.WebDriverTestExecutionListener@740fb309, org.springframework.boot.test.mock.mockito.ResetMocksTestExecutionListener@7bd7d6d6]
2020-01-19 13:41:18,309 21019 [main] INFO  c.p.m.n.MerchantPaymentNotificationIntegrationTest-:50 - Starting MerchantPaymentNotificationIntegrationTest on PagaAdmins-BabsEngineering.local with PID 13203 (started by bowolabi in /Users/bowolabi/IdeaProjects/merchant-notification-service)
2020-01-19 13:41:18,309 21019 [main] DEBUG c.p.m.n.MerchantPaymentNotificationIntegrationTest-:53 - Running with Spring Boot v2.1.11.RELEASE, Spring v5.1.12.RELEASE
2020-01-19 13:41:18,310 21020 [main] INFO  c.p.m.n.MerchantPaymentNotificationIntegrationTest-:648 - No active profile set, falling back to default profiles: default
2020-01-19 13:41:19,290 22000 [main] INFO  o.s.c.s.PostProcessorRegistrationDelegate$BeanPostProcessorChecker-:330 - Bean 'org.springframework.hateoas.config.HateoasConfiguration' of type [org.springframework.hateoas.config.HateoasConfiguration$$EnhancerBySpringCGLIB$$ea5e42db] is not eligible for getting processed by all BeanPostProcessors (for example: not eligible for auto-proxying)
2020-01-19 13:41:19,756 22466 [main] INFO  o.s.b.w.e.tomcat.TomcatWebServer-:90 - Tomcat initialized with port(s): 0 (http)
2020-01-19 13:41:19,773 22483 [main] INFO  o.a.coyote.http11.Http11NioProtocol-:173 - Initializing ProtocolHandler ["http-nio-auto-1"]
2020-01-19 13:41:19,785 22495 [main] INFO  o.a.catalina.core.StandardService-:173 - Starting service [Tomcat]
2020-01-19 13:41:19,786 22496 [main] INFO  o.a.catalina.core.StandardEngine-:173 - Starting Servlet engine: [Apache Tomcat/9.0.29]
2020-01-19 13:41:19,919 22629 [main] INFO  o.a.c.c.C.[Tomcat].[localhost].[/]-:173 - Initializing Spring embedded WebApplicationContext
2020-01-19 13:41:19,920 22630 [main] INFO  o.s.web.context.ContextLoader-:284 - Root WebApplicationContext: initialization completed in 1601 ms
2020-01-19 13:41:20,829 23539 [main] INFO  o.s.s.c.ThreadPoolTaskExecutor-:171 - Initializing ExecutorService 'applicationTaskExecutor'
2020-01-19 13:41:21,072 23782 [main] WARN  o.s.b.a.t.ThymeleafAutoConfiguration$DefaultTemplateResolverConfiguration-:107 - Cannot find template location: classpath:/templates/ (please add some templates or check your Thymeleaf configuration)
2020-01-19 13:41:21,383 24093 [main] INFO  o.a.c.c.C.[Tomcat].[localhost].[/]-:173 - Initializing Spring TestDispatcherServlet ''
2020-01-19 13:41:21,383 24093 [main] INFO  o.s.t.w.s.TestDispatcherServlet-:525 - Initializing Servlet ''
2020-01-19 13:41:21,396 24106 [main] INFO  o.s.t.w.s.TestDispatcherServlet-:547 - Completed initialization in 12 ms
2020-01-19 13:41:21,434 24144 [main] INFO  o.a.coyote.http11.Http11NioProtocol-:173 - Starting ProtocolHandler ["http-nio-auto-1"]
2020-01-19 13:41:21,489 24199 [main] INFO  o.s.b.w.e.tomcat.TomcatWebServer-:202 - Tomcat started on port(s): 60136 (http) with context path ''
2020-01-19 13:41:21,496 24206 [main] INFO  c.p.m.n.MerchantPaymentNotificationIntegrationTest-:59 - Started MerchantPaymentNotificationIntegrationTest in 23.522 seconds (JVM running for 24.825)
2020-01-19 13:41:21,859 24569 [http-nio-auto-1-exec-1] INFO  o.a.c.c.C.[Tomcat].[localhost].[/]-:173 - Initializing Spring DispatcherServlet 'dispatcherServlet'
2020-01-19 13:41:21,860 24570 [http-nio-auto-1-exec-1] INFO  o.s.web.servlet.DispatcherServlet-:525 - Initializing Servlet 'dispatcherServlet'
2020-01-19 13:41:21,863 24573 [http-nio-auto-1-exec-1] INFO  o.s.web.servlet.DispatcherServlet-:547 - Completed initialization in 3 ms
2020-01-19 13:41:21,911 24621 [http-nio-auto-1-exec-1] INFO  c.p.m.n.s.MerchantPaymentNotificationServiceImpl-:40 - about to validate customer CustomerValidationRequest(customerAccountNumber=null, customerFirstName=null, customerLastName=null) 
2020-01-19 13:41:21,977 24687 [Thread-4] INFO  o.s.s.c.ThreadPoolTaskExecutor-:208 - Shutting down ExecutorService 'applicationTaskExecutor'
2020-01-19 13:41:49,904 265  [main] INFO  o.s.b.t.c.SpringBootTestContextBootstrapper-:308 - Neither @ContextConfiguration nor @ContextHierarchy found for test class [com.pagatech.merchant.notification.MerchantPaymentNotificationIntegrationTest], using SpringBootContextLoader
2020-01-19 13:41:49,913 274  [main] INFO  o.s.t.c.s.AbstractContextLoader-:264 - Could not detect default resource locations for test class [com.pagatech.merchant.notification.MerchantPaymentNotificationIntegrationTest]: no resource found for suffixes {-context.xml, Context.groovy}.
2020-01-19 13:41:49,914 275  [main] INFO  o.s.t.c.s.AnnotationConfigContextLoaderUtils-:83 - Could not detect default configuration classes for test class [com.pagatech.merchant.notification.MerchantPaymentNotificationIntegrationTest]: MerchantPaymentNotificationIntegrationTest does not declare any static, non-private, non-final, nested classes annotated with @Configuration.
2020-01-19 13:41:50,118 479  [main] INFO  o.s.b.t.c.SpringBootTestContextBootstrapper-:235 - Found @SpringBootConfiguration com.pagatech.merchant.notification.MerchantNotificationServiceApplication for test class com.pagatech.merchant.notification.MerchantPaymentNotificationIntegrationTest
2020-01-19 13:41:50,269 630  [main] INFO  o.s.b.t.c.SpringBootTestContextBootstrapper-:248 - Loaded default TestExecutionListener class names from location [META-INF/spring.factories]: [org.springframework.boot.test.autoconfigure.restdocs.RestDocsTestExecutionListener, org.springframework.boot.test.autoconfigure.web.client.MockRestServiceServerResetTestExecutionListener, org.springframework.boot.test.autoconfigure.web.servlet.MockMvcPrintOnlyOnFailureTestExecutionListener, org.springframework.boot.test.autoconfigure.web.servlet.WebDriverTestExecutionListener, org.springframework.boot.test.mock.mockito.MockitoTestExecutionListener, org.springframework.boot.test.mock.mockito.ResetMocksTestExecutionListener, org.springframework.test.context.web.ServletTestExecutionListener, org.springframework.test.context.support.DirtiesContextBeforeModesTestExecutionListener, org.springframework.test.context.support.DependencyInjectionTestExecutionListener, org.springframework.test.context.support.DirtiesContextTestExecutionListener, org.springframework.test.context.transaction.TransactionalTestExecutionListener, org.springframework.test.context.jdbc.SqlScriptsTestExecutionListener]
2020-01-19 13:41:50,288 649  [main] INFO  o.s.b.t.c.SpringBootTestContextBootstrapper-:177 - Using TestExecutionListeners: [org.springframework.test.context.web.ServletTestExecutionListener@5965d37, org.springframework.test.context.support.DirtiesContextBeforeModesTestExecutionListener@7a5ceedd, org.springframework.boot.test.mock.mockito.MockitoTestExecutionListener@4201c465, org.springframework.boot.test.autoconfigure.SpringBootDependencyInjectionTestExecutionListener@5b799640, org.springframework.test.context.support.DirtiesContextTestExecutionListener@6cb107fd, org.springframework.test.context.transaction.TransactionalTestExecutionListener@710636b0, org.springframework.test.context.jdbc.SqlScriptsTestExecutionListener@3de8f619, org.springframework.boot.test.autoconfigure.restdocs.RestDocsTestExecutionListener@2ab4bc72, org.springframework.boot.test.autoconfigure.web.client.MockRestServiceServerResetTestExecutionListener@4e5ed836, org.springframework.boot.test.autoconfigure.web.servlet.MockMvcPrintOnlyOnFailureTestExecutionListener@eadd4fb, org.springframework.boot.test.autoconfigure.web.servlet.WebDriverTestExecutionListener@740fb309, org.springframework.boot.test.mock.mockito.ResetMocksTestExecutionListener@7bd7d6d6]
2020-01-19 13:42:10,625 20986 [main] INFO  c.p.m.n.MerchantPaymentNotificationIntegrationTest-:50 - Starting MerchantPaymentNotificationIntegrationTest on PagaAdmins-BabsEngineering.local with PID 13205 (started by bowolabi in /Users/bowolabi/IdeaProjects/merchant-notification-service)
2020-01-19 13:42:10,625 20986 [main] DEBUG c.p.m.n.MerchantPaymentNotificationIntegrationTest-:53 - Running with Spring Boot v2.1.11.RELEASE, Spring v5.1.12.RELEASE
2020-01-19 13:42:10,626 20987 [main] INFO  c.p.m.n.MerchantPaymentNotificationIntegrationTest-:648 - No active profile set, falling back to default profiles: default
2020-01-19 13:42:11,582 21943 [main] INFO  o.s.c.s.PostProcessorRegistrationDelegate$BeanPostProcessorChecker-:330 - Bean 'org.springframework.hateoas.config.HateoasConfiguration' of type [org.springframework.hateoas.config.HateoasConfiguration$$EnhancerBySpringCGLIB$$847901e6] is not eligible for getting processed by all BeanPostProcessors (for example: not eligible for auto-proxying)
2020-01-19 13:42:11,996 22357 [main] INFO  o.s.b.w.e.tomcat.TomcatWebServer-:90 - Tomcat initialized with port(s): 0 (http)
2020-01-19 13:42:12,009 22370 [main] INFO  o.a.coyote.http11.Http11NioProtocol-:173 - Initializing ProtocolHandler ["http-nio-auto-1"]
2020-01-19 13:42:12,019 22380 [main] INFO  o.a.catalina.core.StandardService-:173 - Starting service [Tomcat]
2020-01-19 13:42:12,019 22380 [main] INFO  o.a.catalina.core.StandardEngine-:173 - Starting Servlet engine: [Apache Tomcat/9.0.29]
2020-01-19 13:42:12,134 22495 [main] INFO  o.a.c.c.C.[Tomcat].[localhost].[/]-:173 - Initializing Spring embedded WebApplicationContext
2020-01-19 13:42:12,134 22495 [main] INFO  o.s.web.context.ContextLoader-:284 - Root WebApplicationContext: initialization completed in 1496 ms
2020-01-19 13:42:12,877 23238 [main] INFO  o.s.s.c.ThreadPoolTaskExecutor-:171 - Initializing ExecutorService 'applicationTaskExecutor'
2020-01-19 13:42:13,102 23463 [main] WARN  o.s.b.a.t.ThymeleafAutoConfiguration$DefaultTemplateResolverConfiguration-:107 - Cannot find template location: classpath:/templates/ (please add some templates or check your Thymeleaf configuration)
2020-01-19 13:42:13,406 23767 [main] INFO  o.a.c.c.C.[Tomcat].[localhost].[/]-:173 - Initializing Spring TestDispatcherServlet ''
2020-01-19 13:42:13,407 23768 [main] INFO  o.s.t.w.s.TestDispatcherServlet-:525 - Initializing Servlet ''
2020-01-19 13:42:13,421 23782 [main] INFO  o.s.t.w.s.TestDispatcherServlet-:547 - Completed initialization in 14 ms
2020-01-19 13:42:13,466 23827 [main] INFO  o.a.coyote.http11.Http11NioProtocol-:173 - Starting ProtocolHandler ["http-nio-auto-1"]
2020-01-19 13:42:13,517 23878 [main] INFO  o.s.b.w.e.tomcat.TomcatWebServer-:202 - Tomcat started on port(s): 60142 (http) with context path ''
2020-01-19 13:42:13,522 23883 [main] INFO  c.p.m.n.MerchantPaymentNotificationIntegrationTest-:59 - Started MerchantPaymentNotificationIntegrationTest in 23.202 seconds (JVM running for 24.489)
2020-01-19 13:42:13,920 24281 [http-nio-auto-1-exec-1] INFO  o.a.c.c.C.[Tomcat].[localhost].[/]-:173 - Initializing Spring DispatcherServlet 'dispatcherServlet'
2020-01-19 13:42:13,921 24282 [http-nio-auto-1-exec-1] INFO  o.s.web.servlet.DispatcherServlet-:525 - Initializing Servlet 'dispatcherServlet'
2020-01-19 13:42:13,925 24286 [http-nio-auto-1-exec-1] INFO  o.s.web.servlet.DispatcherServlet-:547 - Completed initialization in 3 ms
2020-01-19 13:42:13,978 24339 [http-nio-auto-1-exec-1] INFO  c.p.m.n.s.MerchantPaymentNotificationServiceImpl-:40 - about to validate customer CustomerValidationRequest(customerAccountNumber=null, customerFirstName=null, customerLastName=null) 
2020-01-19 13:42:14,061 24422 [Thread-4] INFO  o.s.s.c.ThreadPoolTaskExecutor-:208 - Shutting down ExecutorService 'applicationTaskExecutor'
2020-01-19 13:43:09,237 259884 [http-nio-9993-exec-1] INFO  o.a.c.c.C.[Tomcat].[localhost].[/]-:173 - Initializing Spring DispatcherServlet 'dispatcherServlet'
2020-01-19 13:43:09,238 259885 [http-nio-9993-exec-1] INFO  o.s.web.servlet.DispatcherServlet-:525 - Initializing Servlet 'dispatcherServlet'
2020-01-19 13:43:09,283 259930 [http-nio-9993-exec-1] INFO  o.s.web.servlet.DispatcherServlet-:547 - Completed initialization in 44 ms
2020-01-19 13:43:09,471 260118 [http-nio-9993-exec-1] INFO  c.p.m.n.s.MerchantPaymentNotificationServiceImpl-:23 - about to get merchant supported services ServerPaymentRequest(isTest=false) 
2020-01-19 13:43:27,780 278427 [http-nio-9993-exec-3] ERROR c.p.m.n.exception.ExceptionHandlers-:50 - Model Already Exist exception thrown
2020-01-19 13:44:23,111 333758 [http-nio-9993-exec-4] INFO  c.p.m.n.s.MerchantPaymentNotificationServiceImpl-:40 - about to validate customer CustomerValidationRequest(customerAccountNumber=1100110011, customerFirstName=null, customerLastName=null) 
