2020-01-16 09:04:15,450 58590229 [Thread-46] INFO  o.s.s.c.ThreadPoolTaskExecutor-:208 - Shutting down ExecutorService 'applicationTaskExecutor'
2020-01-16 09:04:44,677 20693 [main] INFO  c.p.m.n.MerchantNotificationServiceApplication-:50 - Starting MerchantNotificationServiceApplication on PagaAdmins-BabsEngineering.local with PID 5865 (/Users/bowolabi/IdeaProjects/merchant-notification-service/out/production/classes started by bowolabi in /Users/bowolabi/IdeaProjects/merchant-notification-service)
2020-01-16 09:04:44,680 20696 [main] DEBUG c.p.m.n.MerchantNotificationServiceApplication-:53 - Running with Spring Boot v2.1.11.RELEASE, Spring v5.1.12.RELEASE
2020-01-16 09:04:44,680 20696 [main] INFO  c.p.m.n.MerchantNotificationServiceApplication-:648 - No active profile set, falling back to default profiles: default
2020-01-16 09:04:45,408 21424 [main] INFO  o.s.b.w.e.tomcat.TomcatWebServer-:90 - Tomcat initialized with port(s): 9993 (http)
2020-01-16 09:04:45,418 21434 [main] INFO  o.a.coyote.http11.Http11NioProtocol-:173 - Initializing ProtocolHandler ["http-nio-9993"]
2020-01-16 09:04:45,425 21441 [main] INFO  o.a.catalina.core.StandardService-:173 - Starting service [Tomcat]
2020-01-16 09:04:45,426 21442 [main] INFO  o.a.catalina.core.StandardEngine-:173 - Starting Servlet engine: [Apache Tomcat/9.0.29]
2020-01-16 09:04:45,503 21519 [main] INFO  o.a.c.c.C.[Tomcat].[localhost].[/]-:173 - Initializing Spring embedded WebApplicationContext
2020-01-16 09:04:45,504 21520 [main] INFO  o.s.web.context.ContextLoader-:284 - Root WebApplicationContext: initialization completed in 788 ms
2020-01-16 09:04:45,671 21687 [main] INFO  o.s.s.c.ThreadPoolTaskExecutor-:171 - Initializing ExecutorService 'applicationTaskExecutor'
2020-01-16 09:04:45,831 21847 [main] INFO  o.s.b.a.s.s.UserDetailsServiceAutoConfiguration-:83 - 

Using generated security password: bb0007a2-9c27-4d5d-b469-11171be930ea

2020-01-16 09:04:45,922 21938 [main] INFO  o.s.s.w.DefaultSecurityFilterChain-:43 - Creating filter chain: any request, [org.springframework.security.web.context.request.async.WebAsyncManagerIntegrationFilter@17d2ed1b, org.springframework.security.web.context.SecurityContextPersistenceFilter@29f0c4f2, org.springframework.security.web.header.HeaderWriterFilter@281f23f2, org.springframework.security.web.csrf.CsrfFilter@4e628b52, org.springframework.security.web.authentication.logout.LogoutFilter@7d755813, org.springframework.security.web.authentication.UsernamePasswordAuthenticationFilter@26f96b85, org.springframework.security.web.authentication.ui.DefaultLoginPageGeneratingFilter@61f3fbb8, org.springframework.security.web.authentication.ui.DefaultLogoutPageGeneratingFilter@185f7840, org.springframework.security.web.authentication.www.BasicAuthenticationFilter@7bb004b8, org.springframework.security.web.savedrequest.RequestCacheAwareFilter@6093d508, org.springframework.security.web.servletapi.SecurityContextHolderAwareRequestFilter@24fabd0f, org.springframework.security.web.authentication.AnonymousAuthenticationFilter@1e6cc850, org.springframework.security.web.session.SessionManagementFilter@28d79cba, org.springframework.security.web.access.ExceptionTranslationFilter@79ab34c1, org.springframework.security.web.access.intercept.FilterSecurityInterceptor@260f2144]
2020-01-16 09:04:45,951 21967 [main] INFO  o.a.coyote.http11.Http11NioProtocol-:173 - Starting ProtocolHandler ["http-nio-9993"]
2020-01-16 09:04:45,985 22001 [main] INFO  o.s.b.w.e.tomcat.TomcatWebServer-:202 - Tomcat started on port(s): 9993 (http) with context path ''
2020-01-16 09:04:45,988 22004 [main] INFO  c.p.m.n.MerchantNotificationServiceApplication-:59 - Started MerchantNotificationServiceApplication in 21.77 seconds (JVM running for 27.399)
2020-01-16 09:06:17,114 113130 [Thread-46] INFO  o.s.s.c.ThreadPoolTaskExecutor-:208 - Shutting down ExecutorService 'applicationTaskExecutor'
2020-01-16 09:06:46,344 20463 [main] INFO  c.p.m.n.MerchantNotificationServiceApplication-:50 - Starting MerchantNotificationServiceApplication on PagaAdmins-BabsEngineering.local with PID 5942 (/Users/bowolabi/IdeaProjects/merchant-notification-service/out/production/classes started by bowolabi in /Users/bowolabi/IdeaProjects/merchant-notification-service)
2020-01-16 09:06:46,347 20466 [main] DEBUG c.p.m.n.MerchantNotificationServiceApplication-:53 - Running with Spring Boot v2.1.11.RELEASE, Spring v5.1.12.RELEASE
2020-01-16 09:06:46,347 20466 [main] INFO  c.p.m.n.MerchantNotificationServiceApplication-:648 - No active profile set, falling back to default profiles: default
2020-01-16 09:06:46,881 21000 [main] INFO  o.s.b.w.e.tomcat.TomcatWebServer-:90 - Tomcat initialized with port(s): 9993 (http)
2020-01-16 09:06:46,891 21010 [main] INFO  o.a.coyote.http11.Http11NioProtocol-:173 - Initializing ProtocolHandler ["http-nio-9993"]
2020-01-16 09:06:46,897 21016 [main] INFO  o.a.catalina.core.StandardService-:173 - Starting service [Tomcat]
2020-01-16 09:06:46,897 21016 [main] INFO  o.a.catalina.core.StandardEngine-:173 - Starting Servlet engine: [Apache Tomcat/9.0.29]
2020-01-16 09:06:46,951 21070 [main] INFO  o.a.c.c.C.[Tomcat].[localhost].[/]-:173 - Initializing Spring embedded WebApplicationContext
2020-01-16 09:06:46,951 21070 [main] INFO  o.s.web.context.ContextLoader-:284 - Root WebApplicationContext: initialization completed in 578 ms
2020-01-16 09:06:47,083 21202 [main] INFO  o.s.s.c.ThreadPoolTaskExecutor-:171 - Initializing ExecutorService 'applicationTaskExecutor'
2020-01-16 09:06:47,191 21310 [main] INFO  o.a.coyote.http11.Http11NioProtocol-:173 - Starting ProtocolHandler ["http-nio-9993"]
2020-01-16 09:06:47,221 21340 [main] INFO  o.s.b.w.e.tomcat.TomcatWebServer-:202 - Tomcat started on port(s): 9993 (http) with context path ''
2020-01-16 09:06:47,224 21343 [main] INFO  c.p.m.n.MerchantNotificationServiceApplication-:59 - Started MerchantNotificationServiceApplication in 21.168 seconds (JVM running for 26.669)
2020-01-16 09:07:05,618 39737 [http-nio-9993-exec-1] INFO  o.a.c.c.C.[Tomcat].[localhost].[/]-:173 - Initializing Spring DispatcherServlet 'dispatcherServlet'
2020-01-16 09:07:05,619 39738 [http-nio-9993-exec-1] INFO  o.s.web.servlet.DispatcherServlet-:525 - Initializing Servlet 'dispatcherServlet'
2020-01-16 09:07:05,627 39746 [http-nio-9993-exec-1] INFO  o.s.web.servlet.DispatcherServlet-:547 - Completed initialization in 7 ms
2020-01-16 10:13:20,455 4014574 [Thread-45] INFO  o.s.s.c.ThreadPoolTaskExecutor-:208 - Shutting down ExecutorService 'applicationTaskExecutor'
2020-01-16 10:13:49,514 20513 [main] INFO  c.p.m.n.MerchantNotificationServiceApplication-:50 - Starting MerchantNotificationServiceApplication on PagaAdmins-BabsEngineering.local with PID 6143 (/Users/bowolabi/IdeaProjects/merchant-notification-service/out/production/classes started by bowolabi in /Users/bowolabi/IdeaProjects/merchant-notification-service)
2020-01-16 10:13:49,516 20515 [main] DEBUG c.p.m.n.MerchantNotificationServiceApplication-:53 - Running with Spring Boot v2.1.11.RELEASE, Spring v5.1.12.RELEASE
2020-01-16 10:13:49,517 20516 [main] INFO  c.p.m.n.MerchantNotificationServiceApplication-:648 - No active profile set, falling back to default profiles: default
2020-01-16 10:13:50,164 21163 [main] INFO  o.s.b.w.e.tomcat.TomcatWebServer-:90 - Tomcat initialized with port(s): 9993 (http)
2020-01-16 10:13:50,174 21173 [main] INFO  o.a.coyote.http11.Http11NioProtocol-:173 - Initializing ProtocolHandler ["http-nio-9993"]
2020-01-16 10:13:50,181 21180 [main] INFO  o.a.catalina.core.StandardService-:173 - Starting service [Tomcat]
2020-01-16 10:13:50,182 21181 [main] INFO  o.a.catalina.core.StandardEngine-:173 - Starting Servlet engine: [Apache Tomcat/9.0.29]
2020-01-16 10:13:50,250 21249 [main] INFO  o.a.c.c.C.[Tomcat].[localhost].[/]-:173 - Initializing Spring embedded WebApplicationContext
2020-01-16 10:13:50,251 21250 [main] INFO  o.s.web.context.ContextLoader-:284 - Root WebApplicationContext: initialization completed in 710 ms
2020-01-16 10:13:50,402 21401 [main] INFO  o.s.s.c.ThreadPoolTaskExecutor-:171 - Initializing ExecutorService 'applicationTaskExecutor'
2020-01-16 10:13:50,555 21554 [main] INFO  o.s.b.a.s.s.UserDetailsServiceAutoConfiguration-:83 - 

Using generated security password: 158e3aae-6d44-41c1-9d93-c0ceed20259c

2020-01-16 10:13:50,640 21639 [main] INFO  o.s.s.w.DefaultSecurityFilterChain-:43 - Creating filter chain: any request, [org.springframework.security.web.context.request.async.WebAsyncManagerIntegrationFilter@5bcde458, org.springframework.security.web.context.SecurityContextPersistenceFilter@68ba310d, org.springframework.security.web.header.HeaderWriterFilter@682bd3c4, org.springframework.security.web.csrf.CsrfFilter@7ca0863b, org.springframework.security.web.authentication.logout.LogoutFilter@293cde83, org.springframework.security.web.authentication.UsernamePasswordAuthenticationFilter@69c93ca4, org.springframework.security.web.authentication.ui.DefaultLoginPageGeneratingFilter@2b4c3c29, org.springframework.security.web.authentication.ui.DefaultLogoutPageGeneratingFilter@215a34b4, org.springframework.security.web.authentication.www.BasicAuthenticationFilter@52b6319f, org.springframework.security.web.savedrequest.RequestCacheAwareFilter@7aad3f7d, org.springframework.security.web.servletapi.SecurityContextHolderAwareRequestFilter@3e850122, org.springframework.security.web.authentication.AnonymousAuthenticationFilter@77bd7fe7, org.springframework.security.web.session.SessionManagementFilter@24097e9b, org.springframework.security.web.access.ExceptionTranslationFilter@8c46918, org.springframework.security.web.access.intercept.FilterSecurityInterceptor@24fabd0f]
2020-01-16 10:13:50,671 21670 [main] INFO  o.a.coyote.http11.Http11NioProtocol-:173 - Starting ProtocolHandler ["http-nio-9993"]
2020-01-16 10:13:50,704 21703 [main] INFO  o.s.b.w.e.tomcat.TomcatWebServer-:202 - Tomcat started on port(s): 9993 (http) with context path ''
2020-01-16 10:13:50,707 21706 [main] INFO  c.p.m.n.MerchantNotificationServiceApplication-:59 - Started MerchantNotificationServiceApplication in 21.515 seconds (JVM running for 27.004)
2020-01-16 10:14:20,333 51332 [http-nio-9993-exec-2] INFO  o.a.c.c.C.[Tomcat].[localhost].[/]-:173 - Initializing Spring DispatcherServlet 'dispatcherServlet'
2020-01-16 10:14:20,334 51333 [http-nio-9993-exec-2] INFO  o.s.web.servlet.DispatcherServlet-:525 - Initializing Servlet 'dispatcherServlet'
2020-01-16 10:14:20,418 51417 [http-nio-9993-exec-2] INFO  o.s.web.servlet.DispatcherServlet-:547 - Completed initialization in 84 ms
2020-01-16 10:42:32,830 1743829 [Thread-46] INFO  o.s.s.c.ThreadPoolTaskExecutor-:208 - Shutting down ExecutorService 'applicationTaskExecutor'
2020-01-16 10:43:01,863 20476 [main] INFO  c.p.m.n.MerchantNotificationServiceApplication-:50 - Starting MerchantNotificationServiceApplication on PagaAdmins-BabsEngineering.local with PID 6263 (/Users/bowolabi/IdeaProjects/merchant-notification-service/out/production/classes started by bowolabi in /Users/bowolabi/IdeaProjects/merchant-notification-service)
2020-01-16 10:43:01,865 20478 [main] DEBUG c.p.m.n.MerchantNotificationServiceApplication-:53 - Running with Spring Boot v2.1.11.RELEASE, Spring v5.1.12.RELEASE
2020-01-16 10:43:01,866 20479 [main] INFO  c.p.m.n.MerchantNotificationServiceApplication-:648 - No active profile set, falling back to default profiles: default
2020-01-16 10:43:02,433 21046 [main] INFO  o.s.b.w.e.tomcat.TomcatWebServer-:90 - Tomcat initialized with port(s): 9993 (http)
2020-01-16 10:43:02,443 21056 [main] INFO  o.a.coyote.http11.Http11NioProtocol-:173 - Initializing ProtocolHandler ["http-nio-9993"]
2020-01-16 10:43:02,450 21063 [main] INFO  o.a.catalina.core.StandardService-:173 - Starting service [Tomcat]
2020-01-16 10:43:02,451 21064 [main] INFO  o.a.catalina.core.StandardEngine-:173 - Starting Servlet engine: [Apache Tomcat/9.0.29]
2020-01-16 10:43:02,516 21129 [main] INFO  o.a.c.c.C.[Tomcat].[localhost].[/]-:173 - Initializing Spring embedded WebApplicationContext
2020-01-16 10:43:02,516 21129 [main] INFO  o.s.web.context.ContextLoader-:284 - Root WebApplicationContext: initialization completed in 625 ms
2020-01-16 10:43:02,694 21307 [main] INFO  o.s.s.w.DefaultSecurityFilterChain-:43 - Creating filter chain: any request, [org.springframework.security.web.context.request.async.WebAsyncManagerIntegrationFilter@522b2631, org.springframework.security.web.context.SecurityContextPersistenceFilter@464a4442, org.springframework.security.web.header.HeaderWriterFilter@53667cbe, org.springframework.security.web.csrf.CsrfFilter@781a9412, org.springframework.security.web.authentication.logout.LogoutFilter@41e1455d, org.springframework.security.web.authentication.UsernamePasswordAuthenticationFilter@4d847d32, org.springframework.security.web.authentication.ui.DefaultLoginPageGeneratingFilter@2e1792e7, org.springframework.security.web.authentication.ui.DefaultLogoutPageGeneratingFilter@3ff57625, org.springframework.security.web.authentication.www.BasicAuthenticationFilter@58065f0c, org.springframework.security.web.savedrequest.RequestCacheAwareFilter@3bc735b3, org.springframework.security.web.servletapi.SecurityContextHolderAwareRequestFilter@69c6161d, org.springframework.security.web.authentication.AnonymousAuthenticationFilter@1ee29c84, org.springframework.security.web.session.SessionManagementFilter@6eafb10e, org.springframework.security.web.access.ExceptionTranslationFilter@e8fadb0, org.springframework.security.web.access.intercept.FilterSecurityInterceptor@2189e7a7]
2020-01-16 10:43:02,778 21391 [main] INFO  o.s.s.c.ThreadPoolTaskExecutor-:171 - Initializing ExecutorService 'applicationTaskExecutor'
2020-01-16 10:43:02,896 21509 [main] INFO  o.a.coyote.http11.Http11NioProtocol-:173 - Starting ProtocolHandler ["http-nio-9993"]
2020-01-16 10:43:02,929 21542 [main] INFO  o.s.b.w.e.tomcat.TomcatWebServer-:202 - Tomcat started on port(s): 9993 (http) with context path ''
2020-01-16 10:43:02,933 21546 [main] INFO  c.p.m.n.MerchantNotificationServiceApplication-:59 - Started MerchantNotificationServiceApplication in 21.366 seconds (JVM running for 26.853)
2020-01-16 10:44:45,557 124170 [http-nio-9993-exec-1] INFO  o.a.c.c.C.[Tomcat].[localhost].[/]-:173 - Initializing Spring DispatcherServlet 'dispatcherServlet'
2020-01-16 10:44:45,558 124171 [http-nio-9993-exec-1] INFO  o.s.web.servlet.DispatcherServlet-:525 - Initializing Servlet 'dispatcherServlet'
2020-01-16 10:44:45,564 124177 [http-nio-9993-exec-1] INFO  o.s.web.servlet.DispatcherServlet-:547 - Completed initialization in 6 ms
2020-01-16 10:45:12,617 151230 [Thread-45] INFO  o.s.s.c.ThreadPoolTaskExecutor-:208 - Shutting down ExecutorService 'applicationTaskExecutor'
2020-01-16 10:45:40,158 20475 [main] INFO  c.p.m.n.MerchantNotificationServiceApplication-:50 - Starting MerchantNotificationServiceApplication on PagaAdmins-BabsEngineering.local with PID 6268 (/Users/bowolabi/IdeaProjects/merchant-notification-service/out/production/classes started by bowolabi in /Users/bowolabi/IdeaProjects/merchant-notification-service)
2020-01-16 10:45:40,160 20477 [main] DEBUG c.p.m.n.MerchantNotificationServiceApplication-:53 - Running with Spring Boot v2.1.11.RELEASE, Spring v5.1.12.RELEASE
2020-01-16 10:45:40,161 20478 [main] INFO  c.p.m.n.MerchantNotificationServiceApplication-:648 - No active profile set, falling back to default profiles: default
2020-01-16 10:45:40,742 21059 [main] INFO  o.s.b.w.e.tomcat.TomcatWebServer-:90 - Tomcat initialized with port(s): 9993 (http)
2020-01-16 10:45:40,752 21069 [main] INFO  o.a.coyote.http11.Http11NioProtocol-:173 - Initializing ProtocolHandler ["http-nio-9993"]
2020-01-16 10:45:40,759 21076 [main] INFO  o.a.catalina.core.StandardService-:173 - Starting service [Tomcat]
2020-01-16 10:45:40,760 21077 [main] INFO  o.a.catalina.core.StandardEngine-:173 - Starting Servlet engine: [Apache Tomcat/9.0.29]
2020-01-16 10:45:40,819 21136 [main] INFO  o.a.c.c.C.[Tomcat].[localhost].[/]-:173 - Initializing Spring embedded WebApplicationContext
2020-01-16 10:45:40,819 21136 [main] INFO  o.s.web.context.ContextLoader-:284 - Root WebApplicationContext: initialization completed in 631 ms
2020-01-16 10:45:40,999 21316 [main] INFO  o.s.s.w.DefaultSecurityFilterChain-:43 - Creating filter chain: any request, [org.springframework.security.web.context.request.async.WebAsyncManagerIntegrationFilter@5b78fdb1, org.springframework.security.web.context.SecurityContextPersistenceFilter@644abb8f, org.springframework.security.web.header.HeaderWriterFilter@2189e7a7, org.springframework.security.web.csrf.CsrfFilter@516ebdf8, org.springframework.security.web.authentication.logout.LogoutFilter@c9d82f9, org.springframework.security.web.authentication.UsernamePasswordAuthenticationFilter@5cbb84b1, org.springframework.security.web.authentication.ui.DefaultLoginPageGeneratingFilter@1ee29c84, org.springframework.security.web.authentication.ui.DefaultLogoutPageGeneratingFilter@48bfb884, org.springframework.security.web.authentication.www.BasicAuthenticationFilter@5183d589, org.springframework.security.web.savedrequest.RequestCacheAwareFilter@70325d20, org.springframework.security.web.servletapi.SecurityContextHolderAwareRequestFilter@522b2631, org.springframework.security.web.authentication.AnonymousAuthenticationFilter@11653e3b, org.springframework.security.web.session.SessionManagementFilter@6331250e, org.springframework.security.web.access.ExceptionTranslationFilter@25c5e994, org.springframework.security.web.access.intercept.FilterSecurityInterceptor@693e4d19]
2020-01-16 10:45:41,093 21410 [main] INFO  o.s.s.c.ThreadPoolTaskExecutor-:171 - Initializing ExecutorService 'applicationTaskExecutor'
2020-01-16 10:45:41,220 21537 [main] INFO  o.a.coyote.http11.Http11NioProtocol-:173 - Starting ProtocolHandler ["http-nio-9993"]
2020-01-16 10:45:41,254 21571 [main] INFO  o.s.b.w.e.tomcat.TomcatWebServer-:202 - Tomcat started on port(s): 9993 (http) with context path ''
2020-01-16 10:45:41,257 21574 [main] INFO  c.p.m.n.MerchantNotificationServiceApplication-:59 - Started MerchantNotificationServiceApplication in 21.387 seconds (JVM running for 26.873)
2020-01-16 10:46:06,593 46910 [http-nio-9993-exec-2] INFO  o.a.c.c.C.[Tomcat].[localhost].[/]-:173 - Initializing Spring DispatcherServlet 'dispatcherServlet'
2020-01-16 10:46:06,594 46911 [http-nio-9993-exec-2] INFO  o.s.web.servlet.DispatcherServlet-:525 - Initializing Servlet 'dispatcherServlet'
2020-01-16 10:46:06,600 46917 [http-nio-9993-exec-2] INFO  o.s.web.servlet.DispatcherServlet-:547 - Completed initialization in 6 ms
2020-01-16 11:06:27,632 1267949 [Thread-46] INFO  o.s.s.c.ThreadPoolTaskExecutor-:208 - Shutting down ExecutorService 'applicationTaskExecutor'
2020-01-16 11:06:56,931 20571 [main] INFO  c.p.m.n.MerchantNotificationServiceApplication-:50 - Starting MerchantNotificationServiceApplication on PagaAdmins-BabsEngineering.local with PID 6383 (/Users/bowolabi/IdeaProjects/merchant-notification-service/out/production/classes started by bowolabi in /Users/bowolabi/IdeaProjects/merchant-notification-service)
2020-01-16 11:06:56,934 20574 [main] DEBUG c.p.m.n.MerchantNotificationServiceApplication-:53 - Running with Spring Boot v2.1.11.RELEASE, Spring v5.1.12.RELEASE
2020-01-16 11:06:56,935 20575 [main] INFO  c.p.m.n.MerchantNotificationServiceApplication-:648 - No active profile set, falling back to default profiles: default
2020-01-16 11:06:57,560 21200 [main] INFO  o.s.b.w.e.tomcat.TomcatWebServer-:90 - Tomcat initialized with port(s): 9993 (http)
2020-01-16 11:06:57,570 21210 [main] INFO  o.a.coyote.http11.Http11NioProtocol-:173 - Initializing ProtocolHandler ["http-nio-9993"]
2020-01-16 11:06:57,576 21216 [main] INFO  o.a.catalina.core.StandardService-:173 - Starting service [Tomcat]
2020-01-16 11:06:57,577 21217 [main] INFO  o.a.catalina.core.StandardEngine-:173 - Starting Servlet engine: [Apache Tomcat/9.0.29]
2020-01-16 11:06:57,645 21285 [main] INFO  o.a.c.c.C.[Tomcat].[localhost].[/]-:173 - Initializing Spring embedded WebApplicationContext
2020-01-16 11:06:57,645 21285 [main] INFO  o.s.web.context.ContextLoader-:284 - Root WebApplicationContext: initialization completed in 685 ms
2020-01-16 11:06:57,827 21467 [main] INFO  o.s.s.w.DefaultSecurityFilterChain-:43 - Creating filter chain: any request, [org.springframework.security.web.context.request.async.WebAsyncManagerIntegrationFilter@4fe01803, org.springframework.security.web.context.SecurityContextPersistenceFilter@4e558728, org.springframework.security.web.header.HeaderWriterFilter@3eb631b8, org.springframework.security.web.csrf.CsrfFilter@26a94fa5, org.springframework.security.web.authentication.logout.LogoutFilter@3068b369, org.springframework.security.web.authentication.UsernamePasswordAuthenticationFilter@61533ae, org.springframework.security.web.authentication.ui.DefaultLoginPageGeneratingFilter@4b6ac111, org.springframework.security.web.authentication.ui.DefaultLogoutPageGeneratingFilter@13d186db, org.springframework.security.web.authentication.www.BasicAuthenticationFilter@45f24169, org.springframework.security.web.savedrequest.RequestCacheAwareFilter@4d6f197e, org.springframework.security.web.servletapi.SecurityContextHolderAwareRequestFilter@534ca02b, org.springframework.security.web.authentication.AnonymousAuthenticationFilter@6f6962ba, org.springframework.security.web.session.SessionManagementFilter@6bff19ff, org.springframework.security.web.access.ExceptionTranslationFilter@2e1792e7, org.springframework.security.web.access.intercept.FilterSecurityInterceptor@77128dab]
2020-01-16 11:06:57,909 21549 [main] INFO  o.s.s.c.ThreadPoolTaskExecutor-:171 - Initializing ExecutorService 'applicationTaskExecutor'
2020-01-16 11:06:58,036 21676 [main] INFO  o.a.coyote.http11.Http11NioProtocol-:173 - Starting ProtocolHandler ["http-nio-9993"]
2020-01-16 11:06:58,072 21712 [main] INFO  o.s.b.w.e.tomcat.TomcatWebServer-:202 - Tomcat started on port(s): 9993 (http) with context path ''
2020-01-16 11:06:58,076 21716 [main] INFO  c.p.m.n.MerchantNotificationServiceApplication-:59 - Started MerchantNotificationServiceApplication in 21.496 seconds (JVM running for 27.044)
2020-01-16 11:07:50,178 73818 [Thread-46] INFO  o.s.s.c.ThreadPoolTaskExecutor-:208 - Shutting down ExecutorService 'applicationTaskExecutor'
2020-01-16 11:08:19,367 20558 [main] INFO  c.p.m.n.MerchantNotificationServiceApplication-:50 - Starting MerchantNotificationServiceApplication on PagaAdmins-BabsEngineering.local with PID 6387 (/Users/bowolabi/IdeaProjects/merchant-notification-service/out/production/classes started by bowolabi in /Users/bowolabi/IdeaProjects/merchant-notification-service)
2020-01-16 11:08:19,369 20560 [main] DEBUG c.p.m.n.MerchantNotificationServiceApplication-:53 - Running with Spring Boot v2.1.11.RELEASE, Spring v5.1.12.RELEASE
2020-01-16 11:08:19,370 20561 [main] INFO  c.p.m.n.MerchantNotificationServiceApplication-:648 - No active profile set, falling back to default profiles: default
2020-01-16 11:08:19,915 21106 [main] INFO  o.s.b.w.e.tomcat.TomcatWebServer-:90 - Tomcat initialized with port(s): 9993 (http)
2020-01-16 11:08:19,925 21116 [main] INFO  o.a.coyote.http11.Http11NioProtocol-:173 - Initializing ProtocolHandler ["http-nio-9993"]
2020-01-16 11:08:19,932 21123 [main] INFO  o.a.catalina.core.StandardService-:173 - Starting service [Tomcat]
2020-01-16 11:08:19,932 21123 [main] INFO  o.a.catalina.core.StandardEngine-:173 - Starting Servlet engine: [Apache Tomcat/9.0.29]
2020-01-16 11:08:19,986 21177 [main] INFO  o.a.c.c.C.[Tomcat].[localhost].[/]-:173 - Initializing Spring embedded WebApplicationContext
2020-01-16 11:08:19,987 21178 [main] INFO  o.s.web.context.ContextLoader-:284 - Root WebApplicationContext: initialization completed in 594 ms
2020-01-16 11:08:20,136 21327 [main] INFO  o.s.s.c.ThreadPoolTaskExecutor-:171 - Initializing ExecutorService 'applicationTaskExecutor'
2020-01-16 11:08:20,244 21435 [main] INFO  o.a.coyote.http11.Http11NioProtocol-:173 - Starting ProtocolHandler ["http-nio-9993"]
2020-01-16 11:08:20,273 21464 [main] INFO  o.s.b.w.e.tomcat.TomcatWebServer-:202 - Tomcat started on port(s): 9993 (http) with context path ''
2020-01-16 11:08:20,276 21467 [main] INFO  c.p.m.n.MerchantNotificationServiceApplication-:59 - Started MerchantNotificationServiceApplication in 21.241 seconds (JVM running for 26.775)
2020-01-16 11:08:37,600 38791 [http-nio-9993-exec-2] INFO  o.a.c.c.C.[Tomcat].[localhost].[/]-:173 - Initializing Spring DispatcherServlet 'dispatcherServlet'
2020-01-16 11:08:37,601 38792 [http-nio-9993-exec-2] INFO  o.s.web.servlet.DispatcherServlet-:525 - Initializing Servlet 'dispatcherServlet'
2020-01-16 11:08:37,606 38797 [http-nio-9993-exec-2] INFO  o.s.web.servlet.DispatcherServlet-:547 - Completed initialization in 5 ms
2020-01-16 11:08:37,619 38810 [http-nio-9993-exec-2] WARN  o.s.w.s.m.s.DefaultHandlerExceptionResolver-:199 - Resolved [org.springframework.web.HttpRequestMethodNotSupportedException: Request method 'POST' not supported]
2020-01-16 11:22:23,372 864563 [Thread-45] INFO  o.s.s.c.ThreadPoolTaskExecutor-:208 - Shutting down ExecutorService 'applicationTaskExecutor'
2020-01-16 11:22:51,451 20481 [main] INFO  c.p.m.n.MerchantNotificationServiceApplication-:50 - Starting MerchantNotificationServiceApplication on PagaAdmins-BabsEngineering.local with PID 6409 (/Users/bowolabi/IdeaProjects/merchant-notification-service/out/production/classes started by bowolabi in /Users/bowolabi/IdeaProjects/merchant-notification-service)
2020-01-16 11:22:51,453 20483 [main] DEBUG c.p.m.n.MerchantNotificationServiceApplication-:53 - Running with Spring Boot v2.1.11.RELEASE, Spring v5.1.12.RELEASE
2020-01-16 11:22:51,454 20484 [main] INFO  c.p.m.n.MerchantNotificationServiceApplication-:648 - No active profile set, falling back to default profiles: default
2020-01-16 11:22:52,011 21041 [main] INFO  o.s.b.w.e.tomcat.TomcatWebServer-:90 - Tomcat initialized with port(s): 9993 (http)
2020-01-16 11:22:52,021 21051 [main] INFO  o.a.coyote.http11.Http11NioProtocol-:173 - Initializing ProtocolHandler ["http-nio-9993"]
2020-01-16 11:22:52,028 21058 [main] INFO  o.a.catalina.core.StandardService-:173 - Starting service [Tomcat]
2020-01-16 11:22:52,028 21058 [main] INFO  o.a.catalina.core.StandardEngine-:173 - Starting Servlet engine: [Apache Tomcat/9.0.29]
2020-01-16 11:22:52,085 21115 [main] INFO  o.a.c.c.C.[Tomcat].[localhost].[/]-:173 - Initializing Spring embedded WebApplicationContext
2020-01-16 11:22:52,085 21115 [main] INFO  o.s.web.context.ContextLoader-:284 - Root WebApplicationContext: initialization completed in 607 ms
2020-01-16 11:22:52,226 21256 [main] INFO  o.s.s.c.ThreadPoolTaskExecutor-:171 - Initializing ExecutorService 'applicationTaskExecutor'
2020-01-16 11:22:52,329 21359 [main] INFO  o.a.coyote.http11.Http11NioProtocol-:173 - Starting ProtocolHandler ["http-nio-9993"]
2020-01-16 11:22:52,357 21387 [main] INFO  o.s.b.w.e.tomcat.TomcatWebServer-:202 - Tomcat started on port(s): 9993 (http) with context path ''
2020-01-16 11:22:52,360 21390 [main] INFO  c.p.m.n.MerchantNotificationServiceApplication-:59 - Started MerchantNotificationServiceApplication in 21.204 seconds (JVM running for 26.768)
2020-01-16 11:22:55,283 24313 [http-nio-9993-exec-1] INFO  o.a.c.c.C.[Tomcat].[localhost].[/]-:173 - Initializing Spring DispatcherServlet 'dispatcherServlet'
2020-01-16 11:22:55,284 24314 [http-nio-9993-exec-1] INFO  o.s.web.servlet.DispatcherServlet-:525 - Initializing Servlet 'dispatcherServlet'
2020-01-16 11:22:55,289 24319 [http-nio-9993-exec-1] INFO  o.s.web.servlet.DispatcherServlet-:547 - Completed initialization in 4 ms
2020-01-16 16:37:00,199 18869229 [Thread-45] INFO  o.s.s.c.ThreadPoolTaskExecutor-:208 - Shutting down ExecutorService 'applicationTaskExecutor'
2020-01-16 16:37:05,059 589  [main] INFO  c.p.m.n.MerchantNotificationServiceApplication-:50 - Starting MerchantNotificationServiceApplication on PagaAdmins-BabsEngineering.local with PID 7398 (/Users/bowolabi/IdeaProjects/merchant-notification-service/out/production/classes started by bowolabi in /Users/bowolabi/IdeaProjects/merchant-notification-service)
2020-01-16 16:37:05,062 592  [main] DEBUG c.p.m.n.MerchantNotificationServiceApplication-:53 - Running with Spring Boot v2.1.11.RELEASE, Spring v5.1.12.RELEASE
2020-01-16 16:37:05,063 593  [main] INFO  c.p.m.n.MerchantNotificationServiceApplication-:648 - No active profile set, falling back to default profiles: default
2020-01-16 16:37:06,217 1747 [main] INFO  o.s.b.w.e.tomcat.TomcatWebServer-:90 - Tomcat initialized with port(s): 9993 (http)
2020-01-16 16:37:06,234 1764 [main] INFO  o.a.coyote.http11.Http11NioProtocol-:173 - Initializing ProtocolHandler ["http-nio-9993"]
2020-01-16 16:37:06,244 1774 [main] INFO  o.a.catalina.core.StandardService-:173 - Starting service [Tomcat]
2020-01-16 16:37:06,244 1774 [main] INFO  o.a.catalina.core.StandardEngine-:173 - Starting Servlet engine: [Apache Tomcat/9.0.29]
2020-01-16 16:37:06,341 1871 [main] INFO  o.a.c.c.C.[Tomcat].[localhost].[/]-:173 - Initializing Spring embedded WebApplicationContext
2020-01-16 16:37:06,342 1872 [main] INFO  o.s.web.context.ContextLoader-:284 - Root WebApplicationContext: initialization completed in 1242 ms
2020-01-16 16:37:06,516 2046 [main] INFO  o.s.s.c.ThreadPoolTaskExecutor-:171 - Initializing ExecutorService 'applicationTaskExecutor'
2020-01-16 16:37:06,697 2227 [main] INFO  o.s.b.a.s.s.UserDetailsServiceAutoConfiguration-:83 - 

Using generated security password: eb7dbffb-5ada-4839-9171-f06b0388c43a

2020-01-16 16:37:06,795 2325 [main] INFO  o.s.s.w.DefaultSecurityFilterChain-:43 - Creating filter chain: any request, [org.springframework.security.web.context.request.async.WebAsyncManagerIntegrationFilter@1dbb650b, org.springframework.security.web.context.SecurityContextPersistenceFilter@65bb9029, org.springframework.security.web.header.HeaderWriterFilter@7435a578, org.springframework.security.web.csrf.CsrfFilter@7fab4be7, org.springframework.security.web.authentication.logout.LogoutFilter@60dd3c23, org.springframework.security.web.authentication.UsernamePasswordAuthenticationFilter@7bb004b8, org.springframework.security.web.authentication.ui.DefaultLoginPageGeneratingFilter@7d755813, org.springframework.security.web.authentication.ui.DefaultLogoutPageGeneratingFilter@656d10a4, org.springframework.security.web.authentication.www.BasicAuthenticationFilter@15cea7b0, org.springframework.security.web.savedrequest.RequestCacheAwareFilter@2b214b94, org.springframework.security.web.servletapi.SecurityContextHolderAwareRequestFilter@78de58ea, org.springframework.security.web.authentication.AnonymousAuthenticationFilter@63ec445c, org.springframework.security.web.session.SessionManagementFilter@13047d7d, org.springframework.security.web.access.ExceptionTranslationFilter@782168b7, org.springframework.security.web.access.intercept.FilterSecurityInterceptor@6bd16207]
2020-01-16 16:37:06,829 2359 [main] INFO  o.a.coyote.http11.Http11NioProtocol-:173 - Starting ProtocolHandler ["http-nio-9993"]
2020-01-16 16:37:06,865 2395 [main] INFO  o.s.b.w.e.tomcat.TomcatWebServer-:202 - Tomcat started on port(s): 9993 (http) with context path ''
2020-01-16 16:37:06,869 2399 [main] INFO  c.p.m.n.MerchantNotificationServiceApplication-:59 - Started MerchantNotificationServiceApplication in 2.138 seconds (JVM running for 2.772)
2020-01-16 16:37:15,138 10668 [http-nio-9993-exec-1] INFO  o.a.c.c.C.[Tomcat].[localhost].[/]-:173 - Initializing Spring DispatcherServlet 'dispatcherServlet'
2020-01-16 16:37:15,138 10668 [http-nio-9993-exec-1] INFO  o.s.web.servlet.DispatcherServlet-:525 - Initializing Servlet 'dispatcherServlet'
2020-01-16 16:37:15,144 10674 [http-nio-9993-exec-1] INFO  o.s.web.servlet.DispatcherServlet-:547 - Completed initialization in 5 ms
2020-01-16 16:51:11,938 847468 [Thread-6] INFO  o.s.s.c.ThreadPoolTaskExecutor-:208 - Shutting down ExecutorService 'applicationTaskExecutor'
2020-01-16 16:51:40,216 20583 [main] INFO  c.p.m.n.MerchantNotificationServiceApplication-:50 - Starting MerchantNotificationServiceApplication on PagaAdmins-BabsEngineering.local with PID 7478 (/Users/bowolabi/IdeaProjects/merchant-notification-service/out/production/classes started by bowolabi in /Users/bowolabi/IdeaProjects/merchant-notification-service)
2020-01-16 16:51:40,218 20585 [main] DEBUG c.p.m.n.MerchantNotificationServiceApplication-:53 - Running with Spring Boot v2.1.11.RELEASE, Spring v5.1.12.RELEASE
2020-01-16 16:51:40,219 20586 [main] INFO  c.p.m.n.MerchantNotificationServiceApplication-:648 - No active profile set, falling back to default profiles: default
2020-01-16 16:51:40,897 21264 [main] INFO  o.s.b.w.e.tomcat.TomcatWebServer-:90 - Tomcat initialized with port(s): 9993 (http)
2020-01-16 16:51:40,908 21275 [main] INFO  o.a.coyote.http11.Http11NioProtocol-:173 - Initializing ProtocolHandler ["http-nio-9993"]
2020-01-16 16:51:40,915 21282 [main] INFO  o.a.catalina.core.StandardService-:173 - Starting service [Tomcat]
2020-01-16 16:51:40,915 21282 [main] INFO  o.a.catalina.core.StandardEngine-:173 - Starting Servlet engine: [Apache Tomcat/9.0.29]
2020-01-16 16:51:40,984 21351 [main] INFO  o.a.c.c.C.[Tomcat].[localhost].[/]-:173 - Initializing Spring embedded WebApplicationContext
2020-01-16 16:51:40,985 21352 [main] INFO  o.s.web.context.ContextLoader-:284 - Root WebApplicationContext: initialization completed in 741 ms
2020-01-16 16:51:41,164 21531 [main] INFO  o.s.s.w.DefaultSecurityFilterChain-:43 - Creating filter chain: any request, [org.springframework.security.web.context.request.async.WebAsyncManagerIntegrationFilter@38499e48, org.springframework.security.web.context.SecurityContextPersistenceFilter@6ecd665, org.springframework.security.web.header.HeaderWriterFilter@3122b117, org.springframework.security.web.csrf.CsrfFilter@2e1792e7, org.springframework.security.web.authentication.logout.LogoutFilter@375b5b7f, org.springframework.security.web.authentication.www.BasicAuthenticationFilter@4917d36b, org.springframework.security.web.savedrequest.RequestCacheAwareFilter@1ec7d8b3, org.springframework.security.web.servletapi.SecurityContextHolderAwareRequestFilter@516ebdf8, org.springframework.security.web.authentication.AnonymousAuthenticationFilter@4905c46b, org.springframework.security.web.session.SessionManagementFilter@5491f68b, org.springframework.security.web.access.ExceptionTranslationFilter@41477a6d, org.springframework.security.web.access.intercept.FilterSecurityInterceptor@6d367020]
2020-01-16 16:51:41,253 21620 [main] INFO  o.s.s.c.ThreadPoolTaskExecutor-:171 - Initializing ExecutorService 'applicationTaskExecutor'
2020-01-16 16:51:41,372 21739 [main] INFO  o.a.coyote.http11.Http11NioProtocol-:173 - Starting ProtocolHandler ["http-nio-9993"]
2020-01-16 16:51:41,404 21771 [main] INFO  o.s.b.w.e.tomcat.TomcatWebServer-:202 - Tomcat started on port(s): 9993 (http) with context path ''
2020-01-16 16:51:41,408 21775 [main] INFO  c.p.m.n.MerchantNotificationServiceApplication-:59 - Started MerchantNotificationServiceApplication in 21.535 seconds (JVM running for 27.135)
2020-01-16 16:52:02,529 42896 [http-nio-9993-exec-2] INFO  o.a.c.c.C.[Tomcat].[localhost].[/]-:173 - Initializing Spring DispatcherServlet 'dispatcherServlet'
2020-01-16 16:52:02,530 42897 [http-nio-9993-exec-2] INFO  o.s.web.servlet.DispatcherServlet-:525 - Initializing Servlet 'dispatcherServlet'
2020-01-16 16:52:02,537 42904 [http-nio-9993-exec-2] INFO  o.s.web.servlet.DispatcherServlet-:547 - Completed initialization in 6 ms
2020-01-16 16:52:02,735 43102 [http-nio-9993-exec-2] ERROR o.a.c.c.C.[.[.[.[dispatcherServlet]-:175 - Servlet.service() for servlet [dispatcherServlet] in context with path [] threw exception
java.lang.IllegalArgumentException: There is no PasswordEncoder mapped for the id "null"
	at org.springframework.security.crypto.password.DelegatingPasswordEncoder$UnmappedIdPasswordEncoder.matches(DelegatingPasswordEncoder.java:244)
	at org.springframework.security.crypto.password.DelegatingPasswordEncoder.matches(DelegatingPasswordEncoder.java:198)
	at org.springframework.security.config.annotation.authentication.configuration.AuthenticationConfiguration$LazyPasswordEncoder.matches(AuthenticationConfiguration.java:289)
	at org.springframework.security.authentication.dao.DaoAuthenticationProvider.additionalAuthenticationChecks(DaoAuthenticationProvider.java:90)
	at org.springframework.security.authentication.dao.AbstractUserDetailsAuthenticationProvider.authenticate(AbstractUserDetailsAuthenticationProvider.java:166)
	at org.springframework.security.authentication.ProviderManager.authenticate(ProviderManager.java:175)
	at org.springframework.security.authentication.ProviderManager.authenticate(ProviderManager.java:200)
	at org.springframework.security.web.authentication.www.BasicAuthenticationFilter.doFilterInternal(BasicAuthenticationFilter.java:180)
	at org.springframework.web.filter.OncePerRequestFilter.doFilter(OncePerRequestFilter.java:119)
	at org.springframework.security.web.FilterChainProxy$VirtualFilterChain.doFilter(FilterChainProxy.java:334)
	at org.springframework.security.web.authentication.logout.LogoutFilter.doFilter(LogoutFilter.java:116)
	at org.springframework.security.web.FilterChainProxy$VirtualFilterChain.doFilter(FilterChainProxy.java:334)
	at org.springframework.security.web.csrf.CsrfFilter.doFilterInternal(CsrfFilter.java:100)
	at org.springframework.web.filter.OncePerRequestFilter.doFilter(OncePerRequestFilter.java:119)
	at org.springframework.security.web.FilterChainProxy$VirtualFilterChain.doFilter(FilterChainProxy.java:334)
	at org.springframework.security.web.header.HeaderWriterFilter.doFilterInternal(HeaderWriterFilter.java:74)
	at org.springframework.web.filter.OncePerRequestFilter.doFilter(OncePerRequestFilter.java:119)
	at org.springframework.security.web.FilterChainProxy$VirtualFilterChain.doFilter(FilterChainProxy.java:334)
	at org.springframework.security.web.context.SecurityContextPersistenceFilter.doFilter(SecurityContextPersistenceFilter.java:105)
	at org.springframework.security.web.FilterChainProxy$VirtualFilterChain.doFilter(FilterChainProxy.java:334)
	at org.springframework.security.web.context.request.async.WebAsyncManagerIntegrationFilter.doFilterInternal(WebAsyncManagerIntegrationFilter.java:56)
	at org.springframework.web.filter.OncePerRequestFilter.doFilter(OncePerRequestFilter.java:119)
	at org.springframework.security.web.FilterChainProxy$VirtualFilterChain.doFilter(FilterChainProxy.java:334)
	at org.springframework.security.web.FilterChainProxy.doFilterInternal(FilterChainProxy.java:215)
	at org.springframework.security.web.FilterChainProxy.doFilter(FilterChainProxy.java:178)
	at org.springframework.web.filter.DelegatingFilterProxy.invokeDelegate(DelegatingFilterProxy.java:358)
	at org.springframework.web.filter.DelegatingFilterProxy.doFilter(DelegatingFilterProxy.java:271)
	at org.apache.catalina.core.ApplicationFilterChain.internalDoFilter(ApplicationFilterChain.java:193)
	at org.apache.catalina.core.ApplicationFilterChain.doFilter(ApplicationFilterChain.java:166)
	at org.springframework.web.filter.RequestContextFilter.doFilterInternal(RequestContextFilter.java:100)
	at org.springframework.web.filter.OncePerRequestFilter.doFilter(OncePerRequestFilter.java:119)
	at org.apache.catalina.core.ApplicationFilterChain.internalDoFilter(ApplicationFilterChain.java:193)
	at org.apache.catalina.core.ApplicationFilterChain.doFilter(ApplicationFilterChain.java:166)
	at org.springframework.web.filter.FormContentFilter.doFilterInternal(FormContentFilter.java:93)
	at org.springframework.web.filter.OncePerRequestFilter.doFilter(OncePerRequestFilter.java:119)
	at org.apache.catalina.core.ApplicationFilterChain.internalDoFilter(ApplicationFilterChain.java:193)
	at org.apache.catalina.core.ApplicationFilterChain.doFilter(ApplicationFilterChain.java:166)
	at org.springframework.web.filter.HiddenHttpMethodFilter.doFilterInternal(HiddenHttpMethodFilter.java:94)
	at org.springframework.web.filter.OncePerRequestFilter.doFilter(OncePerRequestFilter.java:119)
	at org.apache.catalina.core.ApplicationFilterChain.internalDoFilter(ApplicationFilterChain.java:193)
	at org.apache.catalina.core.ApplicationFilterChain.doFilter(ApplicationFilterChain.java:166)
	at org.springframework.web.filter.CharacterEncodingFilter.doFilterInternal(CharacterEncodingFilter.java:201)
	at org.springframework.web.filter.OncePerRequestFilter.doFilter(OncePerRequestFilter.java:119)
	at org.apache.catalina.core.ApplicationFilterChain.internalDoFilter(ApplicationFilterChain.java:193)
	at org.apache.catalina.core.ApplicationFilterChain.doFilter(ApplicationFilterChain.java:166)
	at org.apache.catalina.core.StandardWrapperValve.invoke(StandardWrapperValve.java:202)
	at org.apache.catalina.core.StandardContextValve.invoke(StandardContextValve.java:96)
	at org.apache.catalina.authenticator.AuthenticatorBase.invoke(AuthenticatorBase.java:526)
	at org.apache.catalina.core.StandardHostValve.invoke(StandardHostValve.java:139)
	at org.apache.catalina.valves.ErrorReportValve.invoke(ErrorReportValve.java:92)
	at org.apache.catalina.core.StandardEngineValve.invoke(StandardEngineValve.java:74)
	at org.apache.catalina.connector.CoyoteAdapter.service(CoyoteAdapter.java:343)
	at org.apache.coyote.http11.Http11Processor.service(Http11Processor.java:367)
	at org.apache.coyote.AbstractProcessorLight.process(AbstractProcessorLight.java:65)
	at org.apache.coyote.AbstractProtocol$ConnectionHandler.process(AbstractProtocol.java:860)
	at org.apache.tomcat.util.net.NioEndpoint$SocketProcessor.doRun(NioEndpoint.java:1591)
	at org.apache.tomcat.util.net.SocketProcessorBase.run(SocketProcessorBase.java:49)
	at java.util.concurrent.ThreadPoolExecutor.runWorker(ThreadPoolExecutor.java:1149)
	at java.util.concurrent.ThreadPoolExecutor$Worker.run(ThreadPoolExecutor.java:624)
	at org.apache.tomcat.util.threads.TaskThread$WrappingRunnable.run(TaskThread.java:61)
	at java.lang.Thread.run(Thread.java:748)
2020-01-16 16:52:39,373 79740 [http-nio-9993-exec-5] ERROR o.a.c.c.C.[.[.[.[dispatcherServlet]-:175 - Servlet.service() for servlet [dispatcherServlet] in context with path [] threw exception
java.lang.IllegalArgumentException: There is no PasswordEncoder mapped for the id "null"
	at org.springframework.security.crypto.password.DelegatingPasswordEncoder$UnmappedIdPasswordEncoder.matches(DelegatingPasswordEncoder.java:244)
	at org.springframework.security.crypto.password.DelegatingPasswordEncoder.matches(DelegatingPasswordEncoder.java:198)
	at org.springframework.security.config.annotation.authentication.configuration.AuthenticationConfiguration$LazyPasswordEncoder.matches(AuthenticationConfiguration.java:289)
	at org.springframework.security.authentication.dao.DaoAuthenticationProvider.additionalAuthenticationChecks(DaoAuthenticationProvider.java:90)
	at org.springframework.security.authentication.dao.AbstractUserDetailsAuthenticationProvider.authenticate(AbstractUserDetailsAuthenticationProvider.java:166)
	at org.springframework.security.authentication.ProviderManager.authenticate(ProviderManager.java:175)
	at org.springframework.security.authentication.ProviderManager.authenticate(ProviderManager.java:200)
	at org.springframework.security.web.authentication.www.BasicAuthenticationFilter.doFilterInternal(BasicAuthenticationFilter.java:180)
	at org.springframework.web.filter.OncePerRequestFilter.doFilter(OncePerRequestFilter.java:119)
	at org.springframework.security.web.FilterChainProxy$VirtualFilterChain.doFilter(FilterChainProxy.java:334)
	at org.springframework.security.web.authentication.logout.LogoutFilter.doFilter(LogoutFilter.java:116)
	at org.springframework.security.web.FilterChainProxy$VirtualFilterChain.doFilter(FilterChainProxy.java:334)
	at org.springframework.security.web.csrf.CsrfFilter.doFilterInternal(CsrfFilter.java:100)
	at org.springframework.web.filter.OncePerRequestFilter.doFilter(OncePerRequestFilter.java:119)
	at org.springframework.security.web.FilterChainProxy$VirtualFilterChain.doFilter(FilterChainProxy.java:334)
	at org.springframework.security.web.header.HeaderWriterFilter.doFilterInternal(HeaderWriterFilter.java:74)
	at org.springframework.web.filter.OncePerRequestFilter.doFilter(OncePerRequestFilter.java:119)
	at org.springframework.security.web.FilterChainProxy$VirtualFilterChain.doFilter(FilterChainProxy.java:334)
	at org.springframework.security.web.context.SecurityContextPersistenceFilter.doFilter(SecurityContextPersistenceFilter.java:105)
	at org.springframework.security.web.FilterChainProxy$VirtualFilterChain.doFilter(FilterChainProxy.java:334)
	at org.springframework.security.web.context.request.async.WebAsyncManagerIntegrationFilter.doFilterInternal(WebAsyncManagerIntegrationFilter.java:56)
	at org.springframework.web.filter.OncePerRequestFilter.doFilter(OncePerRequestFilter.java:119)
	at org.springframework.security.web.FilterChainProxy$VirtualFilterChain.doFilter(FilterChainProxy.java:334)
	at org.springframework.security.web.FilterChainProxy.doFilterInternal(FilterChainProxy.java:215)
	at org.springframework.security.web.FilterChainProxy.doFilter(FilterChainProxy.java:178)
	at org.springframework.web.filter.DelegatingFilterProxy.invokeDelegate(DelegatingFilterProxy.java:358)
	at org.springframework.web.filter.DelegatingFilterProxy.doFilter(DelegatingFilterProxy.java:271)
	at org.apache.catalina.core.ApplicationFilterChain.internalDoFilter(ApplicationFilterChain.java:193)
	at org.apache.catalina.core.ApplicationFilterChain.doFilter(ApplicationFilterChain.java:166)
	at org.springframework.web.filter.RequestContextFilter.doFilterInternal(RequestContextFilter.java:100)
	at org.springframework.web.filter.OncePerRequestFilter.doFilter(OncePerRequestFilter.java:119)
	at org.apache.catalina.core.ApplicationFilterChain.internalDoFilter(ApplicationFilterChain.java:193)
	at org.apache.catalina.core.ApplicationFilterChain.doFilter(ApplicationFilterChain.java:166)
	at org.springframework.web.filter.FormContentFilter.doFilterInternal(FormContentFilter.java:93)
	at org.springframework.web.filter.OncePerRequestFilter.doFilter(OncePerRequestFilter.java:119)
	at org.apache.catalina.core.ApplicationFilterChain.internalDoFilter(ApplicationFilterChain.java:193)
	at org.apache.catalina.core.ApplicationFilterChain.doFilter(ApplicationFilterChain.java:166)
	at org.springframework.web.filter.HiddenHttpMethodFilter.doFilterInternal(HiddenHttpMethodFilter.java:94)
	at org.springframework.web.filter.OncePerRequestFilter.doFilter(OncePerRequestFilter.java:119)
	at org.apache.catalina.core.ApplicationFilterChain.internalDoFilter(ApplicationFilterChain.java:193)
	at org.apache.catalina.core.ApplicationFilterChain.doFilter(ApplicationFilterChain.java:166)
	at org.springframework.web.filter.CharacterEncodingFilter.doFilterInternal(CharacterEncodingFilter.java:201)
	at org.springframework.web.filter.OncePerRequestFilter.doFilter(OncePerRequestFilter.java:119)
	at org.apache.catalina.core.ApplicationFilterChain.internalDoFilter(ApplicationFilterChain.java:193)
	at org.apache.catalina.core.ApplicationFilterChain.doFilter(ApplicationFilterChain.java:166)
	at org.apache.catalina.core.StandardWrapperValve.invoke(StandardWrapperValve.java:202)
	at org.apache.catalina.core.StandardContextValve.invoke(StandardContextValve.java:96)
	at org.apache.catalina.authenticator.AuthenticatorBase.invoke(AuthenticatorBase.java:526)
	at org.apache.catalina.core.StandardHostValve.invoke(StandardHostValve.java:139)
	at org.apache.catalina.valves.ErrorReportValve.invoke(ErrorReportValve.java:92)
	at org.apache.catalina.core.StandardEngineValve.invoke(StandardEngineValve.java:74)
	at org.apache.catalina.connector.CoyoteAdapter.service(CoyoteAdapter.java:343)
	at org.apache.coyote.http11.Http11Processor.service(Http11Processor.java:367)
	at org.apache.coyote.AbstractProcessorLight.process(AbstractProcessorLight.java:65)
	at org.apache.coyote.AbstractProtocol$ConnectionHandler.process(AbstractProtocol.java:860)
	at org.apache.tomcat.util.net.NioEndpoint$SocketProcessor.doRun(NioEndpoint.java:1591)
	at org.apache.tomcat.util.net.SocketProcessorBase.run(SocketProcessorBase.java:49)
	at java.util.concurrent.ThreadPoolExecutor.runWorker(ThreadPoolExecutor.java:1149)
	at java.util.concurrent.ThreadPoolExecutor$Worker.run(ThreadPoolExecutor.java:624)
	at org.apache.tomcat.util.threads.TaskThread$WrappingRunnable.run(TaskThread.java:61)
	at java.lang.Thread.run(Thread.java:748)
2020-01-16 16:56:39,326 319693 [Thread-46] INFO  o.s.s.c.ThreadPoolTaskExecutor-:208 - Shutting down ExecutorService 'applicationTaskExecutor'
2020-01-16 16:57:07,088 20556 [main] INFO  c.p.m.n.MerchantNotificationServiceApplication-:50 - Starting MerchantNotificationServiceApplication on PagaAdmins-BabsEngineering.local with PID 7523 (/Users/bowolabi/IdeaProjects/merchant-notification-service/out/production/classes started by bowolabi in /Users/bowolabi/IdeaProjects/merchant-notification-service)
2020-01-16 16:57:07,091 20559 [main] DEBUG c.p.m.n.MerchantNotificationServiceApplication-:53 - Running with Spring Boot v2.1.11.RELEASE, Spring v5.1.12.RELEASE
2020-01-16 16:57:07,091 20559 [main] INFO  c.p.m.n.MerchantNotificationServiceApplication-:648 - No active profile set, falling back to default profiles: default
2020-01-16 16:57:07,697 21165 [main] INFO  o.s.b.w.e.tomcat.TomcatWebServer-:90 - Tomcat initialized with port(s): 9993 (http)
2020-01-16 16:57:07,708 21176 [main] INFO  o.a.coyote.http11.Http11NioProtocol-:173 - Initializing ProtocolHandler ["http-nio-9993"]
2020-01-16 16:57:07,716 21184 [main] INFO  o.a.catalina.core.StandardService-:173 - Starting service [Tomcat]
2020-01-16 16:57:07,717 21185 [main] INFO  o.a.catalina.core.StandardEngine-:173 - Starting Servlet engine: [Apache Tomcat/9.0.29]
2020-01-16 16:57:07,785 21253 [main] INFO  o.a.c.c.C.[Tomcat].[localhost].[/]-:173 - Initializing Spring embedded WebApplicationContext
2020-01-16 16:57:07,785 21253 [main] INFO  o.s.web.context.ContextLoader-:284 - Root WebApplicationContext: initialization completed in 669 ms
2020-01-16 16:57:08,120 21588 [main] INFO  o.s.s.w.DefaultSecurityFilterChain-:43 - Creating filter chain: any request, [org.springframework.security.web.context.request.async.WebAsyncManagerIntegrationFilter@6f6962ba, org.springframework.security.web.context.SecurityContextPersistenceFilter@69c6161d, org.springframework.security.web.header.HeaderWriterFilter@2873d672, org.springframework.security.web.csrf.CsrfFilter@1f12e153, org.springframework.security.web.authentication.logout.LogoutFilter@4b6ac111, org.springframework.security.web.authentication.www.BasicAuthenticationFilter@4463d9d3, org.springframework.security.web.savedrequest.RequestCacheAwareFilter@2e1792e7, org.springframework.security.web.servletapi.SecurityContextHolderAwareRequestFilter@5c089b2f, org.springframework.security.web.authentication.AnonymousAuthenticationFilter@4565a70a, org.springframework.security.web.session.SessionManagementFilter@1450078a, org.springframework.security.web.access.ExceptionTranslationFilter@26a94fa5, org.springframework.security.web.access.intercept.FilterSecurityInterceptor@69ce2f62]
2020-01-16 16:57:08,212 21680 [main] INFO  o.s.s.c.ThreadPoolTaskExecutor-:171 - Initializing ExecutorService 'applicationTaskExecutor'
2020-01-16 16:57:08,332 21800 [main] INFO  o.a.coyote.http11.Http11NioProtocol-:173 - Starting ProtocolHandler ["http-nio-9993"]
2020-01-16 16:57:08,363 21831 [main] INFO  o.s.b.w.e.tomcat.TomcatWebServer-:202 - Tomcat started on port(s): 9993 (http) with context path ''
2020-01-16 16:57:08,366 21834 [main] INFO  c.p.m.n.MerchantNotificationServiceApplication-:59 - Started MerchantNotificationServiceApplication in 21.62 seconds (JVM running for 27.141)
2020-01-16 16:57:31,913 45381 [http-nio-9993-exec-2] INFO  o.a.c.c.C.[Tomcat].[localhost].[/]-:173 - Initializing Spring DispatcherServlet 'dispatcherServlet'
2020-01-16 16:57:31,915 45383 [http-nio-9993-exec-2] INFO  o.s.web.servlet.DispatcherServlet-:525 - Initializing Servlet 'dispatcherServlet'
2020-01-16 16:57:31,919 45387 [http-nio-9993-exec-2] INFO  o.s.web.servlet.DispatcherServlet-:547 - Completed initialization in 4 ms
2020-01-16 17:29:04,749 1938217 [Thread-46] INFO  o.s.s.c.ThreadPoolTaskExecutor-:208 - Shutting down ExecutorService 'applicationTaskExecutor'
